[0.153s] DEBUG:colcon:Command line arguments: ['/home/cta/.local/bin/colcon', 'build']
[0.153s] DEBUG:colcon:Parsed command line arguments: Namespace(log_base=None, log_level=None, verb_name='build', build_base='build', install_base='install', merge_install=False, symlink_install=False, test_result_base=None, continue_on_error=False, executor='parallel', parallel_workers=20, event_handlers=None, ignore_user_meta=False, metas=['./colcon.meta'], base_paths=['.'], packages_ignore=None, packages_ignore_regex=None, paths=None, packages_up_to=None, packages_up_to_regex=None, packages_above=None, packages_above_and_dependencies=None, packages_above_depth=None, packages_select_by_dep=None, packages_skip_by_dep=None, packages_skip_up_to=None, packages_select_build_failed=False, packages_skip_build_finished=False, packages_select_test_failures=False, packages_skip_test_passed=False, packages_select=None, packages_skip=None, packages_select_regex=None, packages_skip_regex=None, packages_start=None, packages_end=None, allow_overriding=[], cmake_args=None, cmake_target=None, cmake_target_skip_unavailable=False, cmake_clean_cache=False, cmake_clean_first=False, cmake_force_configure=False, ament_cmake_args=None, catkin_cmake_args=None, catkin_skip_building_tests=False, verb_parser=<colcon_defaults.argument_parser.defaults.DefaultArgumentsDecorator object at 0x7c21f7534220>, verb_extension=<colcon_core.verb.build.BuildVerb object at 0x7c21f769d8d0>, main=<bound method BuildVerb.main of <colcon_core.verb.build.BuildVerb object at 0x7c21f769d8d0>>)
[0.194s] Level 1:colcon.colcon_core.package_discovery:discover_packages(colcon_meta) check parameters
[0.194s] Level 1:colcon.colcon_core.package_discovery:discover_packages(recursive) check parameters
[0.194s] Level 1:colcon.colcon_core.package_discovery:discover_packages(ignore) check parameters
[0.194s] Level 1:colcon.colcon_core.package_discovery:discover_packages(path) check parameters
[0.194s] Level 1:colcon.colcon_core.package_discovery:discover_packages(colcon_meta) discover
[0.194s] Level 1:colcon.colcon_core.package_discovery:discover_packages(recursive) discover
[0.194s] INFO:colcon.colcon_core.package_discovery:Crawling recursively for packages in '/home/cta/ros2_ws'
[0.194s] Level 1:colcon.colcon_core.package_identification:_identify(.) by extensions ['ignore', 'ignore_ament_install']
[0.194s] Level 1:colcon.colcon_core.package_identification:_identify(.) by extension 'ignore'
[0.194s] Level 1:colcon.colcon_core.package_identification:_identify(.) by extension 'ignore_ament_install'
[0.194s] Level 1:colcon.colcon_core.package_identification:_identify(.) by extensions ['colcon_pkg']
[0.195s] Level 1:colcon.colcon_core.package_identification:_identify(.) by extension 'colcon_pkg'
[0.195s] Level 1:colcon.colcon_core.package_identification:_identify(.) by extensions ['colcon_meta']
[0.195s] Level 1:colcon.colcon_core.package_identification:_identify(.) by extension 'colcon_meta'
[0.195s] Level 1:colcon.colcon_core.package_identification:_identify(.) by extensions ['ros']
[0.195s] Level 1:colcon.colcon_core.package_identification:_identify(.) by extension 'ros'
[0.212s] Level 1:colcon.colcon_core.package_identification:_identify(.) by extensions ['cmake', 'python']
[0.212s] Level 1:colcon.colcon_core.package_identification:_identify(.) by extension 'cmake'
[0.212s] Level 1:colcon.colcon_core.package_identification:_identify(.) by extension 'python'
[0.212s] Level 1:colcon.colcon_core.package_identification:_identify(.) by extensions ['python_setup_py']
[0.212s] Level 1:colcon.colcon_core.package_identification:_identify(.) by extension 'python_setup_py'
[0.212s] Level 1:colcon.colcon_core.package_identification:_identify(build) by extensions ['ignore', 'ignore_ament_install']
[0.212s] Level 1:colcon.colcon_core.package_identification:_identify(build) by extension 'ignore'
[0.212s] Level 1:colcon.colcon_core.package_identification:_identify(build) ignored
[0.212s] Level 1:colcon.colcon_core.package_identification:_identify(install) by extensions ['ignore', 'ignore_ament_install']
[0.212s] Level 1:colcon.colcon_core.package_identification:_identify(install) by extension 'ignore'
[0.212s] Level 1:colcon.colcon_core.package_identification:_identify(install) ignored
[0.212s] Level 1:colcon.colcon_core.package_identification:_identify(log) by extensions ['ignore', 'ignore_ament_install']
[0.212s] Level 1:colcon.colcon_core.package_identification:_identify(log) by extension 'ignore'
[0.212s] Level 1:colcon.colcon_core.package_identification:_identify(log) ignored
[0.213s] Level 1:colcon.colcon_core.package_identification:_identify(src) by extensions ['ignore', 'ignore_ament_install']
[0.213s] Level 1:colcon.colcon_core.package_identification:_identify(src) by extension 'ignore'
[0.213s] Level 1:colcon.colcon_core.package_identification:_identify(src) by extension 'ignore_ament_install'
[0.213s] Level 1:colcon.colcon_core.package_identification:_identify(src) by extensions ['colcon_pkg']
[0.213s] Level 1:colcon.colcon_core.package_identification:_identify(src) by extension 'colcon_pkg'
[0.213s] Level 1:colcon.colcon_core.package_identification:_identify(src) by extensions ['colcon_meta']
[0.213s] Level 1:colcon.colcon_core.package_identification:_identify(src) by extension 'colcon_meta'
[0.213s] Level 1:colcon.colcon_core.package_identification:_identify(src) by extensions ['ros']
[0.213s] Level 1:colcon.colcon_core.package_identification:_identify(src) by extension 'ros'
[0.213s] Level 1:colcon.colcon_core.package_identification:_identify(src) by extensions ['cmake', 'python']
[0.213s] Level 1:colcon.colcon_core.package_identification:_identify(src) by extension 'cmake'
[0.213s] Level 1:colcon.colcon_core.package_identification:_identify(src) by extension 'python'
[0.213s] Level 1:colcon.colcon_core.package_identification:_identify(src) by extensions ['python_setup_py']
[0.213s] Level 1:colcon.colcon_core.package_identification:_identify(src) by extension 'python_setup_py'
[0.213s] Level 1:colcon.colcon_core.package_identification:_identify(src/robot_msgs) by extensions ['ignore', 'ignore_ament_install']
[0.213s] Level 1:colcon.colcon_core.package_identification:_identify(src/robot_msgs) by extension 'ignore'
[0.213s] Level 1:colcon.colcon_core.package_identification:_identify(src/robot_msgs) by extension 'ignore_ament_install'
[0.213s] Level 1:colcon.colcon_core.package_identification:_identify(src/robot_msgs) by extensions ['colcon_pkg']
[0.213s] Level 1:colcon.colcon_core.package_identification:_identify(src/robot_msgs) by extension 'colcon_pkg'
[0.213s] Level 1:colcon.colcon_core.package_identification:_identify(src/robot_msgs) by extensions ['colcon_meta']
[0.213s] Level 1:colcon.colcon_core.package_identification:_identify(src/robot_msgs) by extension 'colcon_meta'
[0.213s] Level 1:colcon.colcon_core.package_identification:_identify(src/robot_msgs) by extensions ['ros']
[0.213s] Level 1:colcon.colcon_core.package_identification:_identify(src/robot_msgs) by extension 'ros'
[0.216s] DEBUG:colcon.colcon_core.package_identification:Package 'src/robot_msgs' with type 'ros.ament_cmake' and name 'robot_msgs'
[0.216s] Level 1:colcon.colcon_core.package_identification:_identify(src/robot_nav) by extensions ['ignore', 'ignore_ament_install']
[0.216s] Level 1:colcon.colcon_core.package_identification:_identify(src/robot_nav) by extension 'ignore'
[0.216s] Level 1:colcon.colcon_core.package_identification:_identify(src/robot_nav) by extension 'ignore_ament_install'
[0.216s] Level 1:colcon.colcon_core.package_identification:_identify(src/robot_nav) by extensions ['colcon_pkg']
[0.216s] Level 1:colcon.colcon_core.package_identification:_identify(src/robot_nav) by extension 'colcon_pkg'
[0.216s] Level 1:colcon.colcon_core.package_identification:_identify(src/robot_nav) by extensions ['colcon_meta']
[0.217s] Level 1:colcon.colcon_core.package_identification:_identify(src/robot_nav) by extension 'colcon_meta'
[0.217s] Level 1:colcon.colcon_core.package_identification:_identify(src/robot_nav) by extensions ['ros']
[0.217s] Level 1:colcon.colcon_core.package_identification:_identify(src/robot_nav) by extension 'ros'
[0.217s] DEBUG:colcon.colcon_core.package_identification:Package 'src/robot_nav' with type 'ros.ament_cmake' and name 'robot_nav'
[0.217s] Level 1:colcon.colcon_core.package_identification:_identify(src/robot_sim) by extensions ['ignore', 'ignore_ament_install']
[0.217s] Level 1:colcon.colcon_core.package_identification:_identify(src/robot_sim) by extension 'ignore'
[0.217s] Level 1:colcon.colcon_core.package_identification:_identify(src/robot_sim) by extension 'ignore_ament_install'
[0.217s] Level 1:colcon.colcon_core.package_identification:_identify(src/robot_sim) by extensions ['colcon_pkg']
[0.217s] Level 1:colcon.colcon_core.package_identification:_identify(src/robot_sim) by extension 'colcon_pkg'
[0.217s] Level 1:colcon.colcon_core.package_identification:_identify(src/robot_sim) by extensions ['colcon_meta']
[0.218s] Level 1:colcon.colcon_core.package_identification:_identify(src/robot_sim) by extension 'colcon_meta'
[0.218s] Level 1:colcon.colcon_core.package_identification:_identify(src/robot_sim) by extensions ['ros']
[0.218s] Level 1:colcon.colcon_core.package_identification:_identify(src/robot_sim) by extension 'ros'
[0.218s] DEBUG:colcon.colcon_core.package_identification:Package 'src/robot_sim' with type 'ros.ament_cmake' and name 'robot_sim'
[0.218s] Level 1:colcon.colcon_core.package_discovery:discover_packages(recursive) using defaults
[0.218s] Level 1:colcon.colcon_core.package_discovery:discover_packages(ignore) discover
[0.218s] Level 1:colcon.colcon_core.package_discovery:discover_packages(ignore) using defaults
[0.218s] Level 1:colcon.colcon_core.package_discovery:discover_packages(path) discover
[0.218s] Level 1:colcon.colcon_core.package_discovery:discover_packages(path) using defaults
[0.240s] Level 1:colcon.colcon_core.package_discovery:discover_packages(prefix_path) check parameters
[0.240s] Level 1:colcon.colcon_core.package_discovery:discover_packages(prefix_path) discover
[0.243s] DEBUG:colcon.colcon_installed_package_information.package_discovery:Found 4 installed packages in /home/cta/ros2_ws/install
[0.244s] DEBUG:colcon.colcon_installed_package_information.package_discovery:Found 16 installed packages in /home/cta/CTA/24CTA006_Drone/install
[0.246s] DEBUG:colcon.colcon_installed_package_information.package_discovery:Found 362 installed packages in /opt/ros/humble
[0.248s] Level 1:colcon.colcon_core.package_discovery:discover_packages(prefix_path) using defaults
[0.294s] Level 5:colcon.colcon_core.verb:set package 'robot_msgs' build argument 'cmake_args' from command line to 'None'
[0.294s] Level 5:colcon.colcon_core.verb:set package 'robot_msgs' build argument 'cmake_target' from command line to 'None'
[0.294s] Level 5:colcon.colcon_core.verb:set package 'robot_msgs' build argument 'cmake_target_skip_unavailable' from command line to 'False'
[0.294s] Level 5:colcon.colcon_core.verb:set package 'robot_msgs' build argument 'cmake_clean_cache' from command line to 'False'
[0.294s] Level 5:colcon.colcon_core.verb:set package 'robot_msgs' build argument 'cmake_clean_first' from command line to 'False'
[0.294s] Level 5:colcon.colcon_core.verb:set package 'robot_msgs' build argument 'cmake_force_configure' from command line to 'False'
[0.295s] Level 5:colcon.colcon_core.verb:set package 'robot_msgs' build argument 'ament_cmake_args' from command line to 'None'
[0.295s] Level 5:colcon.colcon_core.verb:set package 'robot_msgs' build argument 'catkin_cmake_args' from command line to 'None'
[0.295s] Level 5:colcon.colcon_core.verb:set package 'robot_msgs' build argument 'catkin_skip_building_tests' from command line to 'False'
[0.295s] DEBUG:colcon.colcon_core.verb:Building package 'robot_msgs' with the following arguments: {'ament_cmake_args': None, 'build_base': '/home/cta/ros2_ws/build/robot_msgs', 'catkin_cmake_args': None, 'catkin_skip_building_tests': False, 'cmake_args': None, 'cmake_clean_cache': False, 'cmake_clean_first': False, 'cmake_force_configure': False, 'cmake_target': None, 'cmake_target_skip_unavailable': False, 'install_base': '/home/cta/ros2_ws/install/robot_msgs', 'merge_install': False, 'path': '/home/cta/ros2_ws/src/robot_msgs', 'symlink_install': False, 'test_result_base': None}
[0.295s] Level 5:colcon.colcon_core.verb:set package 'robot_nav' build argument 'cmake_args' from command line to 'None'
[0.295s] Level 5:colcon.colcon_core.verb:set package 'robot_nav' build argument 'cmake_target' from command line to 'None'
[0.295s] Level 5:colcon.colcon_core.verb:set package 'robot_nav' build argument 'cmake_target_skip_unavailable' from command line to 'False'
[0.295s] Level 5:colcon.colcon_core.verb:set package 'robot_nav' build argument 'cmake_clean_cache' from command line to 'False'
[0.295s] Level 5:colcon.colcon_core.verb:set package 'robot_nav' build argument 'cmake_clean_first' from command line to 'False'
[0.295s] Level 5:colcon.colcon_core.verb:set package 'robot_nav' build argument 'cmake_force_configure' from command line to 'False'
[0.295s] Level 5:colcon.colcon_core.verb:set package 'robot_nav' build argument 'ament_cmake_args' from command line to 'None'
[0.295s] Level 5:colcon.colcon_core.verb:set package 'robot_nav' build argument 'catkin_cmake_args' from command line to 'None'
[0.295s] Level 5:colcon.colcon_core.verb:set package 'robot_nav' build argument 'catkin_skip_building_tests' from command line to 'False'
[0.295s] DEBUG:colcon.colcon_core.verb:Building package 'robot_nav' with the following arguments: {'ament_cmake_args': None, 'build_base': '/home/cta/ros2_ws/build/robot_nav', 'catkin_cmake_args': None, 'catkin_skip_building_tests': False, 'cmake_args': None, 'cmake_clean_cache': False, 'cmake_clean_first': False, 'cmake_force_configure': False, 'cmake_target': None, 'cmake_target_skip_unavailable': False, 'install_base': '/home/cta/ros2_ws/install/robot_nav', 'merge_install': False, 'path': '/home/cta/ros2_ws/src/robot_nav', 'symlink_install': False, 'test_result_base': None}
[0.295s] Level 5:colcon.colcon_core.verb:set package 'robot_sim' build argument 'cmake_args' from command line to 'None'
[0.296s] Level 5:colcon.colcon_core.verb:set package 'robot_sim' build argument 'cmake_target' from command line to 'None'
[0.296s] Level 5:colcon.colcon_core.verb:set package 'robot_sim' build argument 'cmake_target_skip_unavailable' from command line to 'False'
[0.296s] Level 5:colcon.colcon_core.verb:set package 'robot_sim' build argument 'cmake_clean_cache' from command line to 'False'
[0.296s] Level 5:colcon.colcon_core.verb:set package 'robot_sim' build argument 'cmake_clean_first' from command line to 'False'
[0.296s] Level 5:colcon.colcon_core.verb:set package 'robot_sim' build argument 'cmake_force_configure' from command line to 'False'
[0.296s] Level 5:colcon.colcon_core.verb:set package 'robot_sim' build argument 'ament_cmake_args' from command line to 'None'
[0.296s] Level 5:colcon.colcon_core.verb:set package 'robot_sim' build argument 'catkin_cmake_args' from command line to 'None'
[0.296s] Level 5:colcon.colcon_core.verb:set package 'robot_sim' build argument 'catkin_skip_building_tests' from command line to 'False'
[0.296s] DEBUG:colcon.colcon_core.verb:Building package 'robot_sim' with the following arguments: {'ament_cmake_args': None, 'build_base': '/home/cta/ros2_ws/build/robot_sim', 'catkin_cmake_args': None, 'catkin_skip_building_tests': False, 'cmake_args': None, 'cmake_clean_cache': False, 'cmake_clean_first': False, 'cmake_force_configure': False, 'cmake_target': None, 'cmake_target_skip_unavailable': False, 'install_base': '/home/cta/ros2_ws/install/robot_sim', 'merge_install': False, 'path': '/home/cta/ros2_ws/src/robot_sim', 'symlink_install': False, 'test_result_base': None}
[0.296s] INFO:colcon.colcon_core.executor:Executing jobs using 'parallel' executor
[0.297s] DEBUG:colcon.colcon_parallel_executor.executor.parallel:run_until_complete
[0.297s] INFO:colcon.colcon_ros.task.ament_cmake.build:Building ROS package in '/home/cta/ros2_ws/src/robot_msgs' with build type 'ament_cmake'
[0.297s] INFO:colcon.colcon_cmake.task.cmake.build:Building CMake package in '/home/cta/ros2_ws/src/robot_msgs'
[0.299s] INFO:colcon.colcon_core.plugin_system:Skipping extension 'colcon_core.shell.bat': Not used on non-Windows systems
[0.300s] INFO:colcon.colcon_core.shell:Skip shell extension 'powershell' for command environment: Not usable outside of PowerShell
[0.300s] DEBUG:colcon.colcon_core.shell:Skip shell extension 'dsv' for command environment
[0.305s] INFO:colcon.colcon_ros.task.ament_cmake.build:Building ROS package in '/home/cta/ros2_ws/src/robot_nav' with build type 'ament_cmake'
[0.305s] INFO:colcon.colcon_cmake.task.cmake.build:Building CMake package in '/home/cta/ros2_ws/src/robot_nav'
[0.305s] INFO:colcon.colcon_core.shell:Skip shell extension 'powershell' for command environment: Not usable outside of PowerShell
[0.305s] DEBUG:colcon.colcon_core.shell:Skip shell extension 'dsv' for command environment
[0.310s] INFO:colcon.colcon_ros.task.ament_cmake.build:Building ROS package in '/home/cta/ros2_ws/src/robot_sim' with build type 'ament_cmake'
[0.310s] INFO:colcon.colcon_cmake.task.cmake.build:Building CMake package in '/home/cta/ros2_ws/src/robot_sim'
[0.310s] INFO:colcon.colcon_core.shell:Skip shell extension 'powershell' for command environment: Not usable outside of PowerShell
[0.310s] DEBUG:colcon.colcon_core.shell:Skip shell extension 'dsv' for command environment
[0.323s] DEBUG:colcon.colcon_core.event_handler.log_command:Invoking command in '/home/cta/ros2_ws/build/robot_msgs': CMAKE_PREFIX_PATH=${CMAKE_PREFIX_PATH}:/opt/ros/humble /usr/bin/cmake --build /home/cta/ros2_ws/build/robot_msgs -- -j20 -l20
[0.326s] DEBUG:colcon.colcon_core.event_handler.log_command:Invoking command in '/home/cta/ros2_ws/build/robot_nav': CMAKE_PREFIX_PATH=${CMAKE_PREFIX_PATH}:/opt/ros/humble /usr/bin/cmake --build /home/cta/ros2_ws/build/robot_nav -- -j20 -l20
[0.335s] DEBUG:colcon.colcon_core.event_handler.log_command:Invoking command in '/home/cta/ros2_ws/build/robot_sim': CMAKE_PREFIX_PATH=${CMAKE_PREFIX_PATH}:/opt/ros/humble /usr/bin/cmake --build /home/cta/ros2_ws/build/robot_sim -- -j20 -l20
[0.388s] DEBUG:colcon.colcon_core.event_handler.log_command:Invoked command in '/home/cta/ros2_ws/build/robot_msgs' returned '0': CMAKE_PREFIX_PATH=${CMAKE_PREFIX_PATH}:/opt/ros/humble /usr/bin/cmake --build /home/cta/ros2_ws/build/robot_msgs -- -j20 -l20
[0.394s] DEBUG:colcon.colcon_core.event_handler.log_command:Invoked command in '/home/cta/ros2_ws/build/robot_nav' returned '0': CMAKE_PREFIX_PATH=${CMAKE_PREFIX_PATH}:/opt/ros/humble /usr/bin/cmake --build /home/cta/ros2_ws/build/robot_nav -- -j20 -l20
[0.402s] DEBUG:colcon.colcon_core.event_handler.log_command:Invoked command in '/home/cta/ros2_ws/build/robot_sim' returned '0': CMAKE_PREFIX_PATH=${CMAKE_PREFIX_PATH}:/opt/ros/humble /usr/bin/cmake --build /home/cta/ros2_ws/build/robot_sim -- -j20 -l20
[0.450s] DEBUG:colcon.colcon_core.event_handler.log_command:Invoking command in '/home/cta/ros2_ws/build/robot_msgs': CMAKE_PREFIX_PATH=${CMAKE_PREFIX_PATH}:/opt/ros/humble /usr/bin/cmake --install /home/cta/ros2_ws/build/robot_msgs
[0.454s] DEBUG:colcon.colcon_core.event_handler.log_command:Invoking command in '/home/cta/ros2_ws/build/robot_sim': CMAKE_PREFIX_PATH=${CMAKE_PREFIX_PATH}:/opt/ros/humble /usr/bin/cmake --install /home/cta/ros2_ws/build/robot_sim
[0.456s] DEBUG:colcon.colcon_core.event_handler.log_command:Invoking command in '/home/cta/ros2_ws/build/robot_nav': CMAKE_PREFIX_PATH=${CMAKE_PREFIX_PATH}:/opt/ros/humble /usr/bin/cmake --install /home/cta/ros2_ws/build/robot_nav
[0.466s] Level 1:colcon.colcon_core.environment:create_environment_scripts_only(robot_msgs)
[0.467s] DEBUG:colcon.colcon_core.event_handler.log_command:Invoked command in '/home/cta/ros2_ws/build/robot_msgs' returned '0': CMAKE_PREFIX_PATH=${CMAKE_PREFIX_PATH}:/opt/ros/humble /usr/bin/cmake --install /home/cta/ros2_ws/build/robot_msgs
[0.475s] Level 1:colcon.colcon_core.environment:checking '/home/cta/ros2_ws/install/robot_msgs' for CMake module files
[0.476s] Level 1:colcon.colcon_core.environment:checking '/home/cta/ros2_ws/install/robot_msgs' for CMake config files
[0.476s] Level 1:colcon.colcon_core.shell:create_environment_hook('robot_msgs', 'cmake_prefix_path')
[0.477s] INFO:colcon.colcon_core.shell:Creating environment hook '/home/cta/ros2_ws/install/robot_msgs/share/robot_msgs/hook/cmake_prefix_path.ps1'
[0.478s] INFO:colcon.colcon_core.shell:Creating environment descriptor '/home/cta/ros2_ws/install/robot_msgs/share/robot_msgs/hook/cmake_prefix_path.dsv'
[0.479s] INFO:colcon.colcon_core.shell:Creating environment hook '/home/cta/ros2_ws/install/robot_msgs/share/robot_msgs/hook/cmake_prefix_path.sh'
[0.480s] Level 1:colcon.colcon_core.environment:checking '/home/cta/ros2_ws/install/robot_msgs/bin'
[0.480s] Level 1:colcon.colcon_core.environment:checking '/home/cta/ros2_ws/install/robot_msgs/lib/pkgconfig/robot_msgs.pc'
[0.480s] Level 1:colcon.colcon_core.environment:checking '/home/cta/ros2_ws/install/robot_msgs/lib/python3.10/site-packages'
[0.481s] Level 1:colcon.colcon_core.environment:checking '/home/cta/ros2_ws/install/robot_msgs/bin'
[0.481s] INFO:colcon.colcon_core.shell:Creating package script '/home/cta/ros2_ws/install/robot_msgs/share/robot_msgs/package.ps1'
[0.482s] INFO:colcon.colcon_core.shell:Creating package descriptor '/home/cta/ros2_ws/install/robot_msgs/share/robot_msgs/package.dsv'
[0.483s] INFO:colcon.colcon_core.shell:Creating package script '/home/cta/ros2_ws/install/robot_msgs/share/robot_msgs/package.sh'
[0.484s] INFO:colcon.colcon_core.shell:Creating package script '/home/cta/ros2_ws/install/robot_msgs/share/robot_msgs/package.bash'
[0.485s] INFO:colcon.colcon_core.shell:Creating package script '/home/cta/ros2_ws/install/robot_msgs/share/robot_msgs/package.zsh'
[0.486s] Level 1:colcon.colcon_core.environment:create_file_with_runtime_dependencies(/home/cta/ros2_ws/install/robot_msgs/share/colcon-core/packages/robot_msgs)
[0.489s] Level 1:colcon.colcon_core.environment:create_environment_scripts_only(robot_nav)
[0.490s] Level 1:colcon.colcon_core.environment:checking '/home/cta/ros2_ws/install/robot_nav' for CMake module files
[0.490s] DEBUG:colcon.colcon_core.event_handler.log_command:Invoked command in '/home/cta/ros2_ws/build/robot_nav' returned '0': CMAKE_PREFIX_PATH=${CMAKE_PREFIX_PATH}:/opt/ros/humble /usr/bin/cmake --install /home/cta/ros2_ws/build/robot_nav
[0.491s] Level 1:colcon.colcon_core.environment:checking '/home/cta/ros2_ws/install/robot_nav' for CMake config files
[0.491s] Level 1:colcon.colcon_core.shell:create_environment_hook('robot_nav', 'cmake_prefix_path')
[0.492s] INFO:colcon.colcon_core.shell:Creating environment hook '/home/cta/ros2_ws/install/robot_nav/share/robot_nav/hook/cmake_prefix_path.ps1'
[0.493s] INFO:colcon.colcon_core.shell:Creating environment descriptor '/home/cta/ros2_ws/install/robot_nav/share/robot_nav/hook/cmake_prefix_path.dsv'
[0.493s] INFO:colcon.colcon_core.shell:Creating environment hook '/home/cta/ros2_ws/install/robot_nav/share/robot_nav/hook/cmake_prefix_path.sh'
[0.494s] Level 1:colcon.colcon_core.environment:checking '/home/cta/ros2_ws/install/robot_nav/bin'
[0.494s] Level 1:colcon.colcon_core.environment:checking '/home/cta/ros2_ws/install/robot_nav/lib/pkgconfig/robot_nav.pc'
[0.495s] Level 1:colcon.colcon_core.environment:checking '/home/cta/ros2_ws/install/robot_nav/lib/python3.10/site-packages'
[0.495s] Level 1:colcon.colcon_core.environment:checking '/home/cta/ros2_ws/install/robot_nav/bin'
[0.496s] INFO:colcon.colcon_core.shell:Creating package script '/home/cta/ros2_ws/install/robot_nav/share/robot_nav/package.ps1'
[0.496s] INFO:colcon.colcon_core.shell:Creating package descriptor '/home/cta/ros2_ws/install/robot_nav/share/robot_nav/package.dsv'
[0.497s] INFO:colcon.colcon_core.shell:Creating package script '/home/cta/ros2_ws/install/robot_nav/share/robot_nav/package.sh'
[0.498s] INFO:colcon.colcon_core.shell:Creating package script '/home/cta/ros2_ws/install/robot_nav/share/robot_nav/package.bash'
[0.498s] INFO:colcon.colcon_core.shell:Creating package script '/home/cta/ros2_ws/install/robot_nav/share/robot_nav/package.zsh'
[0.498s] Level 1:colcon.colcon_core.environment:create_file_with_runtime_dependencies(/home/cta/ros2_ws/install/robot_nav/share/colcon-core/packages/robot_nav)
[0.499s] Level 1:colcon.colcon_core.environment:create_environment_scripts_only(robot_sim)
[0.500s] Level 1:colcon.colcon_core.environment:checking '/home/cta/ros2_ws/install/robot_sim' for CMake module files
[0.501s] DEBUG:colcon.colcon_core.event_handler.log_command:Invoked command in '/home/cta/ros2_ws/build/robot_sim' returned '0': CMAKE_PREFIX_PATH=${CMAKE_PREFIX_PATH}:/opt/ros/humble /usr/bin/cmake --install /home/cta/ros2_ws/build/robot_sim
[0.501s] Level 1:colcon.colcon_core.environment:checking '/home/cta/ros2_ws/install/robot_sim' for CMake config files
[0.501s] Level 1:colcon.colcon_core.shell:create_environment_hook('robot_sim', 'cmake_prefix_path')
[0.501s] INFO:colcon.colcon_core.shell:Creating environment hook '/home/cta/ros2_ws/install/robot_sim/share/robot_sim/hook/cmake_prefix_path.ps1'
[0.502s] INFO:colcon.colcon_core.shell:Creating environment descriptor '/home/cta/ros2_ws/install/robot_sim/share/robot_sim/hook/cmake_prefix_path.dsv'
[0.502s] INFO:colcon.colcon_core.shell:Creating environment hook '/home/cta/ros2_ws/install/robot_sim/share/robot_sim/hook/cmake_prefix_path.sh'
[0.503s] Level 1:colcon.colcon_core.environment:checking '/home/cta/ros2_ws/install/robot_sim/bin'
[0.503s] Level 1:colcon.colcon_core.environment:checking '/home/cta/ros2_ws/install/robot_sim/lib/pkgconfig/robot_sim.pc'
[0.504s] Level 1:colcon.colcon_core.environment:checking '/home/cta/ros2_ws/install/robot_sim/lib/python3.10/site-packages'
[0.504s] Level 1:colcon.colcon_core.environment:checking '/home/cta/ros2_ws/install/robot_sim/bin'
[0.504s] INFO:colcon.colcon_core.shell:Creating package script '/home/cta/ros2_ws/install/robot_sim/share/robot_sim/package.ps1'
[0.505s] INFO:colcon.colcon_core.shell:Creating package descriptor '/home/cta/ros2_ws/install/robot_sim/share/robot_sim/package.dsv'
[0.505s] INFO:colcon.colcon_core.shell:Creating package script '/home/cta/ros2_ws/install/robot_sim/share/robot_sim/package.sh'
[0.506s] INFO:colcon.colcon_core.shell:Creating package script '/home/cta/ros2_ws/install/robot_sim/share/robot_sim/package.bash'
[0.506s] INFO:colcon.colcon_core.shell:Creating package script '/home/cta/ros2_ws/install/robot_sim/share/robot_sim/package.zsh'
[0.507s] Level 1:colcon.colcon_core.environment:create_file_with_runtime_dependencies(/home/cta/ros2_ws/install/robot_sim/share/colcon-core/packages/robot_sim)
[0.523s] Level 1:colcon.colcon_core.environment:create_environment_scripts_only(robot_msgs)
[0.523s] Level 1:colcon.colcon_core.environment:checking '/home/cta/ros2_ws/install/robot_msgs' for CMake module files
[0.524s] Level 1:colcon.colcon_core.environment:checking '/home/cta/ros2_ws/install/robot_msgs' for CMake config files
[0.524s] Level 1:colcon.colcon_core.shell:create_environment_hook('robot_msgs', 'cmake_prefix_path')
[0.524s] INFO:colcon.colcon_core.shell:Creating environment hook '/home/cta/ros2_ws/install/robot_msgs/share/robot_msgs/hook/cmake_prefix_path.ps1'
[0.525s] INFO:colcon.colcon_core.shell:Creating environment descriptor '/home/cta/ros2_ws/install/robot_msgs/share/robot_msgs/hook/cmake_prefix_path.dsv'
[0.525s] INFO:colcon.colcon_core.shell:Creating environment hook '/home/cta/ros2_ws/install/robot_msgs/share/robot_msgs/hook/cmake_prefix_path.sh'
[0.526s] Level 1:colcon.colcon_core.environment:checking '/home/cta/ros2_ws/install/robot_msgs/bin'
[0.526s] Level 1:colcon.colcon_core.environment:checking '/home/cta/ros2_ws/install/robot_msgs/lib/pkgconfig/robot_msgs.pc'
[0.527s] Level 1:colcon.colcon_core.environment:checking '/home/cta/ros2_ws/install/robot_msgs/lib/python3.10/site-packages'
[0.527s] Level 1:colcon.colcon_core.environment:checking '/home/cta/ros2_ws/install/robot_msgs/bin'
[0.527s] INFO:colcon.colcon_core.shell:Creating package script '/home/cta/ros2_ws/install/robot_msgs/share/robot_msgs/package.ps1'
[0.528s] INFO:colcon.colcon_core.shell:Creating package descriptor '/home/cta/ros2_ws/install/robot_msgs/share/robot_msgs/package.dsv'
[0.529s] INFO:colcon.colcon_core.shell:Creating package script '/home/cta/ros2_ws/install/robot_msgs/share/robot_msgs/package.sh'
[0.529s] INFO:colcon.colcon_core.shell:Creating package script '/home/cta/ros2_ws/install/robot_msgs/share/robot_msgs/package.bash'
[0.530s] INFO:colcon.colcon_core.shell:Creating package script '/home/cta/ros2_ws/install/robot_msgs/share/robot_msgs/package.zsh'
[0.530s] Level 1:colcon.colcon_core.environment:create_file_with_runtime_dependencies(/home/cta/ros2_ws/install/robot_msgs/share/colcon-core/packages/robot_msgs)
[0.541s] Level 1:colcon.colcon_core.environment:create_environment_scripts_only(robot_nav)
[0.541s] Level 1:colcon.colcon_core.environment:checking '/home/cta/ros2_ws/install/robot_nav' for CMake module files
[0.542s] Level 1:colcon.colcon_core.environment:checking '/home/cta/ros2_ws/install/robot_nav' for CMake config files
[0.543s] Level 1:colcon.colcon_core.shell:create_environment_hook('robot_nav', 'cmake_prefix_path')
[0.543s] INFO:colcon.colcon_core.shell:Creating environment hook '/home/cta/ros2_ws/install/robot_nav/share/robot_nav/hook/cmake_prefix_path.ps1'
[0.544s] INFO:colcon.colcon_core.shell:Creating environment descriptor '/home/cta/ros2_ws/install/robot_nav/share/robot_nav/hook/cmake_prefix_path.dsv'
[0.544s] INFO:colcon.colcon_core.shell:Creating environment hook '/home/cta/ros2_ws/install/robot_nav/share/robot_nav/hook/cmake_prefix_path.sh'
[0.545s] Level 1:colcon.colcon_core.environment:checking '/home/cta/ros2_ws/install/robot_nav/bin'
[0.545s] Level 1:colcon.colcon_core.environment:checking '/home/cta/ros2_ws/install/robot_nav/lib/pkgconfig/robot_nav.pc'
[0.545s] Level 1:colcon.colcon_core.environment:checking '/home/cta/ros2_ws/install/robot_nav/lib/python3.10/site-packages'
[0.546s] Level 1:colcon.colcon_core.environment:checking '/home/cta/ros2_ws/install/robot_nav/bin'
[0.546s] INFO:colcon.colcon_core.shell:Creating package script '/home/cta/ros2_ws/install/robot_nav/share/robot_nav/package.ps1'
[0.547s] INFO:colcon.colcon_core.shell:Creating package descriptor '/home/cta/ros2_ws/install/robot_nav/share/robot_nav/package.dsv'
[0.548s] INFO:colcon.colcon_core.shell:Creating package script '/home/cta/ros2_ws/install/robot_nav/share/robot_nav/package.sh'
[0.548s] INFO:colcon.colcon_core.shell:Creating package script '/home/cta/ros2_ws/install/robot_nav/share/robot_nav/package.bash'
[0.549s] INFO:colcon.colcon_core.shell:Creating package script '/home/cta/ros2_ws/install/robot_nav/share/robot_nav/package.zsh'
[0.549s] Level 1:colcon.colcon_core.environment:create_file_with_runtime_dependencies(/home/cta/ros2_ws/install/robot_nav/share/colcon-core/packages/robot_nav)
[0.551s] Level 1:colcon.colcon_core.environment:create_environment_scripts_only(robot_sim)
[0.552s] Level 1:colcon.colcon_core.environment:checking '/home/cta/ros2_ws/install/robot_sim' for CMake module files
[0.552s] Level 1:colcon.colcon_core.environment:checking '/home/cta/ros2_ws/install/robot_sim' for CMake config files
[0.553s] Level 1:colcon.colcon_core.shell:create_environment_hook('robot_sim', 'cmake_prefix_path')
[0.553s] INFO:colcon.colcon_core.shell:Creating environment hook '/home/cta/ros2_ws/install/robot_sim/share/robot_sim/hook/cmake_prefix_path.ps1'
[0.554s] INFO:colcon.colcon_core.shell:Creating environment descriptor '/home/cta/ros2_ws/install/robot_sim/share/robot_sim/hook/cmake_prefix_path.dsv'
[0.554s] INFO:colcon.colcon_core.shell:Creating environment hook '/home/cta/ros2_ws/install/robot_sim/share/robot_sim/hook/cmake_prefix_path.sh'
[0.555s] Level 1:colcon.colcon_core.environment:checking '/home/cta/ros2_ws/install/robot_sim/bin'
[0.555s] Level 1:colcon.colcon_core.environment:checking '/home/cta/ros2_ws/install/robot_sim/lib/pkgconfig/robot_sim.pc'
[0.555s] Level 1:colcon.colcon_core.environment:checking '/home/cta/ros2_ws/install/robot_sim/lib/python3.10/site-packages'
[0.556s] Level 1:colcon.colcon_core.environment:checking '/home/cta/ros2_ws/install/robot_sim/bin'
[0.556s] INFO:colcon.colcon_core.shell:Creating package script '/home/cta/ros2_ws/install/robot_sim/share/robot_sim/package.ps1'
[0.557s] INFO:colcon.colcon_core.shell:Creating package descriptor '/home/cta/ros2_ws/install/robot_sim/share/robot_sim/package.dsv'
[0.557s] INFO:colcon.colcon_core.shell:Creating package script '/home/cta/ros2_ws/install/robot_sim/share/robot_sim/package.sh'
[0.558s] INFO:colcon.colcon_core.shell:Creating package script '/home/cta/ros2_ws/install/robot_sim/share/robot_sim/package.bash'
[0.558s] INFO:colcon.colcon_core.shell:Creating package script '/home/cta/ros2_ws/install/robot_sim/share/robot_sim/package.zsh'
[0.559s] Level 1:colcon.colcon_core.environment:create_file_with_runtime_dependencies(/home/cta/ros2_ws/install/robot_sim/share/colcon-core/packages/robot_sim)
[0.559s] DEBUG:colcon.colcon_parallel_executor.executor.parallel:closing loop
[0.559s] DEBUG:colcon.colcon_parallel_executor.executor.parallel:loop closed
[0.559s] DEBUG:colcon.colcon_parallel_executor.executor.parallel:run_until_complete finished with '0'
[0.560s] DEBUG:colcon.colcon_core.event_reactor:joining thread
[0.569s] INFO:colcon.colcon_core.plugin_system:Skipping extension 'colcon_notification.desktop_notification.terminal_notifier': Not used on non-Darwin systems
[0.569s] INFO:colcon.colcon_core.plugin_system:Skipping extension 'colcon_notification.desktop_notification.win32': Not used on non-Windows systems
[0.569s] INFO:colcon.colcon_notification.desktop_notification:Sending desktop notification using 'notify2'
[0.590s] DEBUG:colcon.colcon_core.event_reactor:joined thread
[0.590s] INFO:colcon.colcon_core.shell:Creating prefix script '/home/cta/ros2_ws/install/local_setup.ps1'
[0.592s] INFO:colcon.colcon_core.shell:Creating prefix util module '/home/cta/ros2_ws/install/_local_setup_util_ps1.py'
[0.593s] INFO:colcon.colcon_core.shell:Creating prefix chain script '/home/cta/ros2_ws/install/setup.ps1'
[0.596s] INFO:colcon.colcon_core.shell:Creating prefix script '/home/cta/ros2_ws/install/local_setup.sh'
[0.597s] INFO:colcon.colcon_core.shell:Creating prefix util module '/home/cta/ros2_ws/install/_local_setup_util_sh.py'
[0.597s] INFO:colcon.colcon_core.shell:Creating prefix chain script '/home/cta/ros2_ws/install/setup.sh'
[0.600s] INFO:colcon.colcon_core.shell:Creating prefix script '/home/cta/ros2_ws/install/local_setup.bash'
[0.600s] INFO:colcon.colcon_core.shell:Creating prefix chain script '/home/cta/ros2_ws/install/setup.bash'
[0.603s] INFO:colcon.colcon_core.shell:Creating prefix script '/home/cta/ros2_ws/install/local_setup.zsh'
[0.604s] INFO:colcon.colcon_core.shell:Creating prefix chain script '/home/cta/ros2_ws/install/setup.zsh'
