[0.154s] DEBUG:colcon:Command line arguments: ['/home/cta/.local/bin/colcon', 'build']
[0.154s] DEBUG:colcon:Parsed command line arguments: Namespace(log_base=None, log_level=None, verb_name='build', build_base='build', install_base='install', merge_install=False, symlink_install=False, test_result_base=None, continue_on_error=False, executor='parallel', parallel_workers=20, event_handlers=None, ignore_user_meta=False, metas=['./colcon.meta'], base_paths=['.'], packages_ignore=None, packages_ignore_regex=None, paths=None, packages_up_to=None, packages_up_to_regex=None, packages_above=None, packages_above_and_dependencies=None, packages_above_depth=None, packages_select_by_dep=None, packages_skip_by_dep=None, packages_skip_up_to=None, packages_select_build_failed=False, packages_skip_build_finished=False, packages_select_test_failures=False, packages_skip_test_passed=False, packages_select=None, packages_skip=None, packages_select_regex=None, packages_skip_regex=None, packages_start=None, packages_end=None, allow_overriding=[], cmake_args=None, cmake_target=None, cmake_target_skip_unavailable=False, cmake_clean_cache=False, cmake_clean_first=False, cmake_force_configure=False, ament_cmake_args=None, catkin_cmake_args=None, catkin_skip_building_tests=False, verb_parser=<colcon_defaults.argument_parser.defaults.DefaultArgumentsDecorator object at 0x7c3af4b301f0>, verb_extension=<colcon_core.verb.build.BuildVerb object at 0x7c3af4c998a0>, main=<bound method BuildVerb.main of <colcon_core.verb.build.BuildVerb object at 0x7c3af4c998a0>>)
[0.200s] Level 1:colcon.colcon_core.package_discovery:discover_packages(colcon_meta) check parameters
[0.200s] Level 1:colcon.colcon_core.package_discovery:discover_packages(recursive) check parameters
[0.200s] Level 1:colcon.colcon_core.package_discovery:discover_packages(ignore) check parameters
[0.200s] Level 1:colcon.colcon_core.package_discovery:discover_packages(path) check parameters
[0.200s] Level 1:colcon.colcon_core.package_discovery:discover_packages(colcon_meta) discover
[0.200s] Level 1:colcon.colcon_core.package_discovery:discover_packages(recursive) discover
[0.200s] INFO:colcon.colcon_core.package_discovery:Crawling recursively for packages in '/home/cta/ros2_ws'
[0.200s] Level 1:colcon.colcon_core.package_identification:_identify(.) by extensions ['ignore', 'ignore_ament_install']
[0.200s] Level 1:colcon.colcon_core.package_identification:_identify(.) by extension 'ignore'
[0.200s] Level 1:colcon.colcon_core.package_identification:_identify(.) by extension 'ignore_ament_install'
[0.201s] Level 1:colcon.colcon_core.package_identification:_identify(.) by extensions ['colcon_pkg']
[0.201s] Level 1:colcon.colcon_core.package_identification:_identify(.) by extension 'colcon_pkg'
[0.201s] Level 1:colcon.colcon_core.package_identification:_identify(.) by extensions ['colcon_meta']
[0.201s] Level 1:colcon.colcon_core.package_identification:_identify(.) by extension 'colcon_meta'
[0.201s] Level 1:colcon.colcon_core.package_identification:_identify(.) by extensions ['ros']
[0.201s] Level 1:colcon.colcon_core.package_identification:_identify(.) by extension 'ros'
[0.219s] Level 1:colcon.colcon_core.package_identification:_identify(.) by extensions ['cmake', 'python']
[0.219s] Level 1:colcon.colcon_core.package_identification:_identify(.) by extension 'cmake'
[0.219s] Level 1:colcon.colcon_core.package_identification:_identify(.) by extension 'python'
[0.219s] Level 1:colcon.colcon_core.package_identification:_identify(.) by extensions ['python_setup_py']
[0.219s] Level 1:colcon.colcon_core.package_identification:_identify(.) by extension 'python_setup_py'
[0.219s] Level 1:colcon.colcon_core.package_identification:_identify(build) by extensions ['ignore', 'ignore_ament_install']
[0.220s] Level 1:colcon.colcon_core.package_identification:_identify(build) by extension 'ignore'
[0.220s] Level 1:colcon.colcon_core.package_identification:_identify(build) ignored
[0.220s] Level 1:colcon.colcon_core.package_identification:_identify(install) by extensions ['ignore', 'ignore_ament_install']
[0.220s] Level 1:colcon.colcon_core.package_identification:_identify(install) by extension 'ignore'
[0.220s] Level 1:colcon.colcon_core.package_identification:_identify(install) ignored
[0.220s] Level 1:colcon.colcon_core.package_identification:_identify(log) by extensions ['ignore', 'ignore_ament_install']
[0.220s] Level 1:colcon.colcon_core.package_identification:_identify(log) by extension 'ignore'
[0.220s] Level 1:colcon.colcon_core.package_identification:_identify(log) ignored
[0.220s] Level 1:colcon.colcon_core.package_identification:_identify(src) by extensions ['ignore', 'ignore_ament_install']
[0.220s] Level 1:colcon.colcon_core.package_identification:_identify(src) by extension 'ignore'
[0.220s] Level 1:colcon.colcon_core.package_identification:_identify(src) by extension 'ignore_ament_install'
[0.220s] Level 1:colcon.colcon_core.package_identification:_identify(src) by extensions ['colcon_pkg']
[0.220s] Level 1:colcon.colcon_core.package_identification:_identify(src) by extension 'colcon_pkg'
[0.220s] Level 1:colcon.colcon_core.package_identification:_identify(src) by extensions ['colcon_meta']
[0.220s] Level 1:colcon.colcon_core.package_identification:_identify(src) by extension 'colcon_meta'
[0.220s] Level 1:colcon.colcon_core.package_identification:_identify(src) by extensions ['ros']
[0.220s] Level 1:colcon.colcon_core.package_identification:_identify(src) by extension 'ros'
[0.221s] Level 1:colcon.colcon_core.package_identification:_identify(src) by extensions ['cmake', 'python']
[0.221s] Level 1:colcon.colcon_core.package_identification:_identify(src) by extension 'cmake'
[0.221s] Level 1:colcon.colcon_core.package_identification:_identify(src) by extension 'python'
[0.221s] Level 1:colcon.colcon_core.package_identification:_identify(src) by extensions ['python_setup_py']
[0.221s] Level 1:colcon.colcon_core.package_identification:_identify(src) by extension 'python_setup_py'
[0.221s] Level 1:colcon.colcon_core.package_identification:_identify(src/robot_msgs) by extensions ['ignore', 'ignore_ament_install']
[0.221s] Level 1:colcon.colcon_core.package_identification:_identify(src/robot_msgs) by extension 'ignore'
[0.221s] Level 1:colcon.colcon_core.package_identification:_identify(src/robot_msgs) by extension 'ignore_ament_install'
[0.221s] Level 1:colcon.colcon_core.package_identification:_identify(src/robot_msgs) by extensions ['colcon_pkg']
[0.221s] Level 1:colcon.colcon_core.package_identification:_identify(src/robot_msgs) by extension 'colcon_pkg'
[0.221s] Level 1:colcon.colcon_core.package_identification:_identify(src/robot_msgs) by extensions ['colcon_meta']
[0.221s] Level 1:colcon.colcon_core.package_identification:_identify(src/robot_msgs) by extension 'colcon_meta'
[0.221s] Level 1:colcon.colcon_core.package_identification:_identify(src/robot_msgs) by extensions ['ros']
[0.221s] Level 1:colcon.colcon_core.package_identification:_identify(src/robot_msgs) by extension 'ros'
[0.224s] DEBUG:colcon.colcon_core.package_identification:Package 'src/robot_msgs' with type 'ros.ament_cmake' and name 'robot_msgs'
[0.224s] Level 1:colcon.colcon_core.package_identification:_identify(src/robot_nav) by extensions ['ignore', 'ignore_ament_install']
[0.224s] Level 1:colcon.colcon_core.package_identification:_identify(src/robot_nav) by extension 'ignore'
[0.224s] Level 1:colcon.colcon_core.package_identification:_identify(src/robot_nav) by extension 'ignore_ament_install'
[0.224s] Level 1:colcon.colcon_core.package_identification:_identify(src/robot_nav) by extensions ['colcon_pkg']
[0.224s] Level 1:colcon.colcon_core.package_identification:_identify(src/robot_nav) by extension 'colcon_pkg'
[0.224s] Level 1:colcon.colcon_core.package_identification:_identify(src/robot_nav) by extensions ['colcon_meta']
[0.224s] Level 1:colcon.colcon_core.package_identification:_identify(src/robot_nav) by extension 'colcon_meta'
[0.224s] Level 1:colcon.colcon_core.package_identification:_identify(src/robot_nav) by extensions ['ros']
[0.224s] Level 1:colcon.colcon_core.package_identification:_identify(src/robot_nav) by extension 'ros'
[0.225s] DEBUG:colcon.colcon_core.package_identification:Package 'src/robot_nav' with type 'ros.ament_cmake' and name 'robot_nav'
[0.225s] Level 1:colcon.colcon_core.package_identification:_identify(src/robot_sim) by extensions ['ignore', 'ignore_ament_install']
[0.225s] Level 1:colcon.colcon_core.package_identification:_identify(src/robot_sim) by extension 'ignore'
[0.225s] Level 1:colcon.colcon_core.package_identification:_identify(src/robot_sim) by extension 'ignore_ament_install'
[0.225s] Level 1:colcon.colcon_core.package_identification:_identify(src/robot_sim) by extensions ['colcon_pkg']
[0.225s] Level 1:colcon.colcon_core.package_identification:_identify(src/robot_sim) by extension 'colcon_pkg'
[0.225s] Level 1:colcon.colcon_core.package_identification:_identify(src/robot_sim) by extensions ['colcon_meta']
[0.225s] Level 1:colcon.colcon_core.package_identification:_identify(src/robot_sim) by extension 'colcon_meta'
[0.225s] Level 1:colcon.colcon_core.package_identification:_identify(src/robot_sim) by extensions ['ros']
[0.225s] Level 1:colcon.colcon_core.package_identification:_identify(src/robot_sim) by extension 'ros'
[0.226s] DEBUG:colcon.colcon_core.package_identification:Package 'src/robot_sim' with type 'ros.ament_cmake' and name 'robot_sim'
[0.226s] Level 1:colcon.colcon_core.package_discovery:discover_packages(recursive) using defaults
[0.226s] Level 1:colcon.colcon_core.package_discovery:discover_packages(ignore) discover
[0.226s] Level 1:colcon.colcon_core.package_discovery:discover_packages(ignore) using defaults
[0.226s] Level 1:colcon.colcon_core.package_discovery:discover_packages(path) discover
[0.226s] Level 1:colcon.colcon_core.package_discovery:discover_packages(path) using defaults
[0.249s] Level 1:colcon.colcon_core.package_discovery:discover_packages(prefix_path) check parameters
[0.249s] Level 1:colcon.colcon_core.package_discovery:discover_packages(prefix_path) discover
[0.252s] DEBUG:colcon.colcon_installed_package_information.package_discovery:Found 4 installed packages in /home/cta/ros2_ws/install
[0.253s] DEBUG:colcon.colcon_installed_package_information.package_discovery:Found 16 installed packages in /home/cta/CTA/24CTA006_Drone/install
[0.254s] DEBUG:colcon.colcon_installed_package_information.package_discovery:Found 362 installed packages in /opt/ros/humble
[0.256s] Level 1:colcon.colcon_core.package_discovery:discover_packages(prefix_path) using defaults
[0.303s] Level 5:colcon.colcon_core.verb:set package 'robot_msgs' build argument 'cmake_args' from command line to 'None'
[0.303s] Level 5:colcon.colcon_core.verb:set package 'robot_msgs' build argument 'cmake_target' from command line to 'None'
[0.303s] Level 5:colcon.colcon_core.verb:set package 'robot_msgs' build argument 'cmake_target_skip_unavailable' from command line to 'False'
[0.303s] Level 5:colcon.colcon_core.verb:set package 'robot_msgs' build argument 'cmake_clean_cache' from command line to 'False'
[0.303s] Level 5:colcon.colcon_core.verb:set package 'robot_msgs' build argument 'cmake_clean_first' from command line to 'False'
[0.303s] Level 5:colcon.colcon_core.verb:set package 'robot_msgs' build argument 'cmake_force_configure' from command line to 'False'
[0.303s] Level 5:colcon.colcon_core.verb:set package 'robot_msgs' build argument 'ament_cmake_args' from command line to 'None'
[0.303s] Level 5:colcon.colcon_core.verb:set package 'robot_msgs' build argument 'catkin_cmake_args' from command line to 'None'
[0.303s] Level 5:colcon.colcon_core.verb:set package 'robot_msgs' build argument 'catkin_skip_building_tests' from command line to 'False'
[0.303s] DEBUG:colcon.colcon_core.verb:Building package 'robot_msgs' with the following arguments: {'ament_cmake_args': None, 'build_base': '/home/cta/ros2_ws/build/robot_msgs', 'catkin_cmake_args': None, 'catkin_skip_building_tests': False, 'cmake_args': None, 'cmake_clean_cache': False, 'cmake_clean_first': False, 'cmake_force_configure': False, 'cmake_target': None, 'cmake_target_skip_unavailable': False, 'install_base': '/home/cta/ros2_ws/install/robot_msgs', 'merge_install': False, 'path': '/home/cta/ros2_ws/src/robot_msgs', 'symlink_install': False, 'test_result_base': None}
[0.303s] Level 5:colcon.colcon_core.verb:set package 'robot_nav' build argument 'cmake_args' from command line to 'None'
[0.303s] Level 5:colcon.colcon_core.verb:set package 'robot_nav' build argument 'cmake_target' from command line to 'None'
[0.303s] Level 5:colcon.colcon_core.verb:set package 'robot_nav' build argument 'cmake_target_skip_unavailable' from command line to 'False'
[0.303s] Level 5:colcon.colcon_core.verb:set package 'robot_nav' build argument 'cmake_clean_cache' from command line to 'False'
[0.303s] Level 5:colcon.colcon_core.verb:set package 'robot_nav' build argument 'cmake_clean_first' from command line to 'False'
[0.303s] Level 5:colcon.colcon_core.verb:set package 'robot_nav' build argument 'cmake_force_configure' from command line to 'False'
[0.304s] Level 5:colcon.colcon_core.verb:set package 'robot_nav' build argument 'ament_cmake_args' from command line to 'None'
[0.304s] Level 5:colcon.colcon_core.verb:set package 'robot_nav' build argument 'catkin_cmake_args' from command line to 'None'
[0.304s] Level 5:colcon.colcon_core.verb:set package 'robot_nav' build argument 'catkin_skip_building_tests' from command line to 'False'
[0.304s] DEBUG:colcon.colcon_core.verb:Building package 'robot_nav' with the following arguments: {'ament_cmake_args': None, 'build_base': '/home/cta/ros2_ws/build/robot_nav', 'catkin_cmake_args': None, 'catkin_skip_building_tests': False, 'cmake_args': None, 'cmake_clean_cache': False, 'cmake_clean_first': False, 'cmake_force_configure': False, 'cmake_target': None, 'cmake_target_skip_unavailable': False, 'install_base': '/home/cta/ros2_ws/install/robot_nav', 'merge_install': False, 'path': '/home/cta/ros2_ws/src/robot_nav', 'symlink_install': False, 'test_result_base': None}
[0.304s] Level 5:colcon.colcon_core.verb:set package 'robot_sim' build argument 'cmake_args' from command line to 'None'
[0.304s] Level 5:colcon.colcon_core.verb:set package 'robot_sim' build argument 'cmake_target' from command line to 'None'
[0.304s] Level 5:colcon.colcon_core.verb:set package 'robot_sim' build argument 'cmake_target_skip_unavailable' from command line to 'False'
[0.304s] Level 5:colcon.colcon_core.verb:set package 'robot_sim' build argument 'cmake_clean_cache' from command line to 'False'
[0.304s] Level 5:colcon.colcon_core.verb:set package 'robot_sim' build argument 'cmake_clean_first' from command line to 'False'
[0.304s] Level 5:colcon.colcon_core.verb:set package 'robot_sim' build argument 'cmake_force_configure' from command line to 'False'
[0.304s] Level 5:colcon.colcon_core.verb:set package 'robot_sim' build argument 'ament_cmake_args' from command line to 'None'
[0.304s] Level 5:colcon.colcon_core.verb:set package 'robot_sim' build argument 'catkin_cmake_args' from command line to 'None'
[0.304s] Level 5:colcon.colcon_core.verb:set package 'robot_sim' build argument 'catkin_skip_building_tests' from command line to 'False'
[0.304s] DEBUG:colcon.colcon_core.verb:Building package 'robot_sim' with the following arguments: {'ament_cmake_args': None, 'build_base': '/home/cta/ros2_ws/build/robot_sim', 'catkin_cmake_args': None, 'catkin_skip_building_tests': False, 'cmake_args': None, 'cmake_clean_cache': False, 'cmake_clean_first': False, 'cmake_force_configure': False, 'cmake_target': None, 'cmake_target_skip_unavailable': False, 'install_base': '/home/cta/ros2_ws/install/robot_sim', 'merge_install': False, 'path': '/home/cta/ros2_ws/src/robot_sim', 'symlink_install': False, 'test_result_base': None}
[0.304s] INFO:colcon.colcon_core.executor:Executing jobs using 'parallel' executor
[0.306s] DEBUG:colcon.colcon_parallel_executor.executor.parallel:run_until_complete
[0.306s] INFO:colcon.colcon_ros.task.ament_cmake.build:Building ROS package in '/home/cta/ros2_ws/src/robot_msgs' with build type 'ament_cmake'
[0.306s] INFO:colcon.colcon_cmake.task.cmake.build:Building CMake package in '/home/cta/ros2_ws/src/robot_msgs'
[0.308s] INFO:colcon.colcon_core.plugin_system:Skipping extension 'colcon_core.shell.bat': Not used on non-Windows systems
[0.308s] INFO:colcon.colcon_core.shell:Skip shell extension 'powershell' for command environment: Not usable outside of PowerShell
[0.308s] DEBUG:colcon.colcon_core.shell:Skip shell extension 'dsv' for command environment
[0.314s] INFO:colcon.colcon_ros.task.ament_cmake.build:Building ROS package in '/home/cta/ros2_ws/src/robot_nav' with build type 'ament_cmake'
[0.314s] INFO:colcon.colcon_cmake.task.cmake.build:Building CMake package in '/home/cta/ros2_ws/src/robot_nav'
[0.314s] INFO:colcon.colcon_core.shell:Skip shell extension 'powershell' for command environment: Not usable outside of PowerShell
[0.314s] DEBUG:colcon.colcon_core.shell:Skip shell extension 'dsv' for command environment
[0.320s] INFO:colcon.colcon_ros.task.ament_cmake.build:Building ROS package in '/home/cta/ros2_ws/src/robot_sim' with build type 'ament_cmake'
[0.320s] INFO:colcon.colcon_cmake.task.cmake.build:Building CMake package in '/home/cta/ros2_ws/src/robot_sim'
[0.320s] INFO:colcon.colcon_core.shell:Skip shell extension 'powershell' for command environment: Not usable outside of PowerShell
[0.320s] DEBUG:colcon.colcon_core.shell:Skip shell extension 'dsv' for command environment
[0.334s] DEBUG:colcon.colcon_core.event_handler.log_command:Invoking command in '/home/cta/ros2_ws/build/robot_msgs': CMAKE_PREFIX_PATH=${CMAKE_PREFIX_PATH}:/opt/ros/humble /usr/bin/cmake --build /home/cta/ros2_ws/build/robot_msgs -- -j20 -l20
[0.339s] DEBUG:colcon.colcon_core.event_handler.log_command:Invoking command in '/home/cta/ros2_ws/build/robot_nav': CMAKE_PREFIX_PATH=${CMAKE_PREFIX_PATH}:/opt/ros/humble /usr/bin/cmake --build /home/cta/ros2_ws/build/robot_nav -- -j20 -l20
[0.346s] DEBUG:colcon.colcon_core.event_handler.log_command:Invoking command in '/home/cta/ros2_ws/build/robot_sim': CMAKE_PREFIX_PATH=${CMAKE_PREFIX_PATH}:/opt/ros/humble /usr/bin/cmake --build /home/cta/ros2_ws/build/robot_sim -- -j20 -l20
[0.400s] DEBUG:colcon.colcon_core.event_handler.log_command:Invoked command in '/home/cta/ros2_ws/build/robot_msgs' returned '0': CMAKE_PREFIX_PATH=${CMAKE_PREFIX_PATH}:/opt/ros/humble /usr/bin/cmake --build /home/cta/ros2_ws/build/robot_msgs -- -j20 -l20
[0.407s] DEBUG:colcon.colcon_core.event_handler.log_command:Invoked command in '/home/cta/ros2_ws/build/robot_nav' returned '0': CMAKE_PREFIX_PATH=${CMAKE_PREFIX_PATH}:/opt/ros/humble /usr/bin/cmake --build /home/cta/ros2_ws/build/robot_nav -- -j20 -l20
[0.411s] DEBUG:colcon.colcon_core.event_handler.log_command:Invoked command in '/home/cta/ros2_ws/build/robot_sim' returned '0': CMAKE_PREFIX_PATH=${CMAKE_PREFIX_PATH}:/opt/ros/humble /usr/bin/cmake --build /home/cta/ros2_ws/build/robot_sim -- -j20 -l20
[0.460s] DEBUG:colcon.colcon_core.event_handler.log_command:Invoking command in '/home/cta/ros2_ws/build/robot_msgs': CMAKE_PREFIX_PATH=${CMAKE_PREFIX_PATH}:/opt/ros/humble /usr/bin/cmake --install /home/cta/ros2_ws/build/robot_msgs
[0.464s] DEBUG:colcon.colcon_core.event_handler.log_command:Invoking command in '/home/cta/ros2_ws/build/robot_nav': CMAKE_PREFIX_PATH=${CMAKE_PREFIX_PATH}:/opt/ros/humble /usr/bin/cmake --install /home/cta/ros2_ws/build/robot_nav
[0.468s] DEBUG:colcon.colcon_core.event_handler.log_command:Invoking command in '/home/cta/ros2_ws/build/robot_sim': CMAKE_PREFIX_PATH=${CMAKE_PREFIX_PATH}:/opt/ros/humble /usr/bin/cmake --install /home/cta/ros2_ws/build/robot_sim
[0.476s] Level 1:colcon.colcon_core.environment:create_environment_scripts_only(robot_msgs)
[0.476s] DEBUG:colcon.colcon_core.event_handler.log_command:Invoked command in '/home/cta/ros2_ws/build/robot_msgs' returned '0': CMAKE_PREFIX_PATH=${CMAKE_PREFIX_PATH}:/opt/ros/humble /usr/bin/cmake --install /home/cta/ros2_ws/build/robot_msgs
[0.485s] Level 1:colcon.colcon_core.environment:checking '/home/cta/ros2_ws/install/robot_msgs' for CMake module files
[0.486s] Level 1:colcon.colcon_core.environment:checking '/home/cta/ros2_ws/install/robot_msgs' for CMake config files
[0.486s] Level 1:colcon.colcon_core.shell:create_environment_hook('robot_msgs', 'cmake_prefix_path')
[0.486s] INFO:colcon.colcon_core.shell:Creating environment hook '/home/cta/ros2_ws/install/robot_msgs/share/robot_msgs/hook/cmake_prefix_path.ps1'
[0.487s] INFO:colcon.colcon_core.shell:Creating environment descriptor '/home/cta/ros2_ws/install/robot_msgs/share/robot_msgs/hook/cmake_prefix_path.dsv'
[0.488s] INFO:colcon.colcon_core.shell:Creating environment hook '/home/cta/ros2_ws/install/robot_msgs/share/robot_msgs/hook/cmake_prefix_path.sh'
[0.489s] Level 1:colcon.colcon_core.environment:checking '/home/cta/ros2_ws/install/robot_msgs/bin'
[0.489s] Level 1:colcon.colcon_core.environment:checking '/home/cta/ros2_ws/install/robot_msgs/lib/pkgconfig/robot_msgs.pc'
[0.490s] Level 1:colcon.colcon_core.environment:checking '/home/cta/ros2_ws/install/robot_msgs/lib/python3.10/site-packages'
[0.490s] Level 1:colcon.colcon_core.environment:checking '/home/cta/ros2_ws/install/robot_msgs/bin'
[0.491s] INFO:colcon.colcon_core.shell:Creating package script '/home/cta/ros2_ws/install/robot_msgs/share/robot_msgs/package.ps1'
[0.492s] INFO:colcon.colcon_core.shell:Creating package descriptor '/home/cta/ros2_ws/install/robot_msgs/share/robot_msgs/package.dsv'
[0.492s] INFO:colcon.colcon_core.shell:Creating package script '/home/cta/ros2_ws/install/robot_msgs/share/robot_msgs/package.sh'
[0.493s] INFO:colcon.colcon_core.shell:Creating package script '/home/cta/ros2_ws/install/robot_msgs/share/robot_msgs/package.bash'
[0.494s] INFO:colcon.colcon_core.shell:Creating package script '/home/cta/ros2_ws/install/robot_msgs/share/robot_msgs/package.zsh'
[0.495s] Level 1:colcon.colcon_core.environment:create_file_with_runtime_dependencies(/home/cta/ros2_ws/install/robot_msgs/share/colcon-core/packages/robot_msgs)
[0.497s] Level 1:colcon.colcon_core.environment:create_environment_scripts_only(robot_sim)
[0.498s] Level 1:colcon.colcon_core.environment:checking '/home/cta/ros2_ws/install/robot_sim' for CMake module files
[0.499s] DEBUG:colcon.colcon_core.event_handler.log_command:Invoked command in '/home/cta/ros2_ws/build/robot_sim' returned '0': CMAKE_PREFIX_PATH=${CMAKE_PREFIX_PATH}:/opt/ros/humble /usr/bin/cmake --install /home/cta/ros2_ws/build/robot_sim
[0.499s] Level 1:colcon.colcon_core.environment:checking '/home/cta/ros2_ws/install/robot_sim' for CMake config files
[0.500s] Level 1:colcon.colcon_core.shell:create_environment_hook('robot_sim', 'cmake_prefix_path')
[0.500s] INFO:colcon.colcon_core.shell:Creating environment hook '/home/cta/ros2_ws/install/robot_sim/share/robot_sim/hook/cmake_prefix_path.ps1'
[0.501s] INFO:colcon.colcon_core.shell:Creating environment descriptor '/home/cta/ros2_ws/install/robot_sim/share/robot_sim/hook/cmake_prefix_path.dsv'
[0.501s] INFO:colcon.colcon_core.shell:Creating environment hook '/home/cta/ros2_ws/install/robot_sim/share/robot_sim/hook/cmake_prefix_path.sh'
[0.502s] Level 1:colcon.colcon_core.environment:checking '/home/cta/ros2_ws/install/robot_sim/bin'
[0.502s] Level 1:colcon.colcon_core.environment:checking '/home/cta/ros2_ws/install/robot_sim/lib/pkgconfig/robot_sim.pc'
[0.502s] Level 1:colcon.colcon_core.environment:checking '/home/cta/ros2_ws/install/robot_sim/lib/python3.10/site-packages'
[0.502s] Level 1:colcon.colcon_core.environment:checking '/home/cta/ros2_ws/install/robot_sim/bin'
[0.503s] INFO:colcon.colcon_core.shell:Creating package script '/home/cta/ros2_ws/install/robot_sim/share/robot_sim/package.ps1'
[0.503s] INFO:colcon.colcon_core.shell:Creating package descriptor '/home/cta/ros2_ws/install/robot_sim/share/robot_sim/package.dsv'
[0.504s] INFO:colcon.colcon_core.shell:Creating package script '/home/cta/ros2_ws/install/robot_sim/share/robot_sim/package.sh'
[0.504s] INFO:colcon.colcon_core.shell:Creating package script '/home/cta/ros2_ws/install/robot_sim/share/robot_sim/package.bash'
[0.505s] INFO:colcon.colcon_core.shell:Creating package script '/home/cta/ros2_ws/install/robot_sim/share/robot_sim/package.zsh'
[0.505s] Level 1:colcon.colcon_core.environment:create_file_with_runtime_dependencies(/home/cta/ros2_ws/install/robot_sim/share/colcon-core/packages/robot_sim)
[0.506s] Level 1:colcon.colcon_core.environment:create_environment_scripts_only(robot_nav)
[0.507s] Level 1:colcon.colcon_core.environment:checking '/home/cta/ros2_ws/install/robot_nav' for CMake module files
[0.507s] DEBUG:colcon.colcon_core.event_handler.log_command:Invoked command in '/home/cta/ros2_ws/build/robot_nav' returned '0': CMAKE_PREFIX_PATH=${CMAKE_PREFIX_PATH}:/opt/ros/humble /usr/bin/cmake --install /home/cta/ros2_ws/build/robot_nav
[0.508s] Level 1:colcon.colcon_core.environment:checking '/home/cta/ros2_ws/install/robot_nav' for CMake config files
[0.508s] Level 1:colcon.colcon_core.shell:create_environment_hook('robot_nav', 'cmake_prefix_path')
[0.508s] INFO:colcon.colcon_core.shell:Creating environment hook '/home/cta/ros2_ws/install/robot_nav/share/robot_nav/hook/cmake_prefix_path.ps1'
[0.509s] INFO:colcon.colcon_core.shell:Creating environment descriptor '/home/cta/ros2_ws/install/robot_nav/share/robot_nav/hook/cmake_prefix_path.dsv'
[0.509s] INFO:colcon.colcon_core.shell:Creating environment hook '/home/cta/ros2_ws/install/robot_nav/share/robot_nav/hook/cmake_prefix_path.sh'
[0.510s] Level 1:colcon.colcon_core.environment:checking '/home/cta/ros2_ws/install/robot_nav/bin'
[0.510s] Level 1:colcon.colcon_core.environment:checking '/home/cta/ros2_ws/install/robot_nav/lib/pkgconfig/robot_nav.pc'
[0.511s] Level 1:colcon.colcon_core.environment:checking '/home/cta/ros2_ws/install/robot_nav/lib/python3.10/site-packages'
[0.511s] Level 1:colcon.colcon_core.environment:checking '/home/cta/ros2_ws/install/robot_nav/bin'
[0.511s] INFO:colcon.colcon_core.shell:Creating package script '/home/cta/ros2_ws/install/robot_nav/share/robot_nav/package.ps1'
[0.512s] INFO:colcon.colcon_core.shell:Creating package descriptor '/home/cta/ros2_ws/install/robot_nav/share/robot_nav/package.dsv'
[0.512s] INFO:colcon.colcon_core.shell:Creating package script '/home/cta/ros2_ws/install/robot_nav/share/robot_nav/package.sh'
[0.513s] INFO:colcon.colcon_core.shell:Creating package script '/home/cta/ros2_ws/install/robot_nav/share/robot_nav/package.bash'
[0.513s] INFO:colcon.colcon_core.shell:Creating package script '/home/cta/ros2_ws/install/robot_nav/share/robot_nav/package.zsh'
[0.514s] Level 1:colcon.colcon_core.environment:create_file_with_runtime_dependencies(/home/cta/ros2_ws/install/robot_nav/share/colcon-core/packages/robot_nav)
[0.533s] Level 1:colcon.colcon_core.environment:create_environment_scripts_only(robot_msgs)
[0.534s] Level 1:colcon.colcon_core.environment:checking '/home/cta/ros2_ws/install/robot_msgs' for CMake module files
[0.534s] Level 1:colcon.colcon_core.environment:checking '/home/cta/ros2_ws/install/robot_msgs' for CMake config files
[0.535s] Level 1:colcon.colcon_core.shell:create_environment_hook('robot_msgs', 'cmake_prefix_path')
[0.535s] INFO:colcon.colcon_core.shell:Creating environment hook '/home/cta/ros2_ws/install/robot_msgs/share/robot_msgs/hook/cmake_prefix_path.ps1'
[0.536s] INFO:colcon.colcon_core.shell:Creating environment descriptor '/home/cta/ros2_ws/install/robot_msgs/share/robot_msgs/hook/cmake_prefix_path.dsv'
[0.536s] INFO:colcon.colcon_core.shell:Creating environment hook '/home/cta/ros2_ws/install/robot_msgs/share/robot_msgs/hook/cmake_prefix_path.sh'
[0.537s] Level 1:colcon.colcon_core.environment:checking '/home/cta/ros2_ws/install/robot_msgs/bin'
[0.537s] Level 1:colcon.colcon_core.environment:checking '/home/cta/ros2_ws/install/robot_msgs/lib/pkgconfig/robot_msgs.pc'
[0.538s] Level 1:colcon.colcon_core.environment:checking '/home/cta/ros2_ws/install/robot_msgs/lib/python3.10/site-packages'
[0.538s] Level 1:colcon.colcon_core.environment:checking '/home/cta/ros2_ws/install/robot_msgs/bin'
[0.538s] INFO:colcon.colcon_core.shell:Creating package script '/home/cta/ros2_ws/install/robot_msgs/share/robot_msgs/package.ps1'
[0.539s] INFO:colcon.colcon_core.shell:Creating package descriptor '/home/cta/ros2_ws/install/robot_msgs/share/robot_msgs/package.dsv'
[0.540s] INFO:colcon.colcon_core.shell:Creating package script '/home/cta/ros2_ws/install/robot_msgs/share/robot_msgs/package.sh'
[0.540s] INFO:colcon.colcon_core.shell:Creating package script '/home/cta/ros2_ws/install/robot_msgs/share/robot_msgs/package.bash'
[0.541s] INFO:colcon.colcon_core.shell:Creating package script '/home/cta/ros2_ws/install/robot_msgs/share/robot_msgs/package.zsh'
[0.541s] Level 1:colcon.colcon_core.environment:create_file_with_runtime_dependencies(/home/cta/ros2_ws/install/robot_msgs/share/colcon-core/packages/robot_msgs)
[0.544s] Level 1:colcon.colcon_core.environment:create_environment_scripts_only(robot_sim)
[0.544s] Level 1:colcon.colcon_core.environment:checking '/home/cta/ros2_ws/install/robot_sim' for CMake module files
[0.545s] Level 1:colcon.colcon_core.environment:checking '/home/cta/ros2_ws/install/robot_sim' for CMake config files
[0.545s] Level 1:colcon.colcon_core.shell:create_environment_hook('robot_sim', 'cmake_prefix_path')
[0.546s] INFO:colcon.colcon_core.shell:Creating environment hook '/home/cta/ros2_ws/install/robot_sim/share/robot_sim/hook/cmake_prefix_path.ps1'
[0.546s] INFO:colcon.colcon_core.shell:Creating environment descriptor '/home/cta/ros2_ws/install/robot_sim/share/robot_sim/hook/cmake_prefix_path.dsv'
[0.547s] INFO:colcon.colcon_core.shell:Creating environment hook '/home/cta/ros2_ws/install/robot_sim/share/robot_sim/hook/cmake_prefix_path.sh'
[0.548s] Level 1:colcon.colcon_core.environment:checking '/home/cta/ros2_ws/install/robot_sim/bin'
[0.548s] Level 1:colcon.colcon_core.environment:checking '/home/cta/ros2_ws/install/robot_sim/lib/pkgconfig/robot_sim.pc'
[0.548s] Level 1:colcon.colcon_core.environment:checking '/home/cta/ros2_ws/install/robot_sim/lib/python3.10/site-packages'
[0.549s] Level 1:colcon.colcon_core.environment:checking '/home/cta/ros2_ws/install/robot_sim/bin'
[0.549s] INFO:colcon.colcon_core.shell:Creating package script '/home/cta/ros2_ws/install/robot_sim/share/robot_sim/package.ps1'
[0.550s] INFO:colcon.colcon_core.shell:Creating package descriptor '/home/cta/ros2_ws/install/robot_sim/share/robot_sim/package.dsv'
[0.551s] INFO:colcon.colcon_core.shell:Creating package script '/home/cta/ros2_ws/install/robot_sim/share/robot_sim/package.sh'
[0.551s] INFO:colcon.colcon_core.shell:Creating package script '/home/cta/ros2_ws/install/robot_sim/share/robot_sim/package.bash'
[0.552s] INFO:colcon.colcon_core.shell:Creating package script '/home/cta/ros2_ws/install/robot_sim/share/robot_sim/package.zsh'
[0.552s] Level 1:colcon.colcon_core.environment:create_file_with_runtime_dependencies(/home/cta/ros2_ws/install/robot_sim/share/colcon-core/packages/robot_sim)
[0.556s] Level 1:colcon.colcon_core.environment:create_environment_scripts_only(robot_nav)
[0.556s] Level 1:colcon.colcon_core.environment:checking '/home/cta/ros2_ws/install/robot_nav' for CMake module files
[0.557s] Level 1:colcon.colcon_core.environment:checking '/home/cta/ros2_ws/install/robot_nav' for CMake config files
[0.557s] Level 1:colcon.colcon_core.shell:create_environment_hook('robot_nav', 'cmake_prefix_path')
[0.557s] INFO:colcon.colcon_core.shell:Creating environment hook '/home/cta/ros2_ws/install/robot_nav/share/robot_nav/hook/cmake_prefix_path.ps1'
[0.558s] INFO:colcon.colcon_core.shell:Creating environment descriptor '/home/cta/ros2_ws/install/robot_nav/share/robot_nav/hook/cmake_prefix_path.dsv'
[0.558s] INFO:colcon.colcon_core.shell:Creating environment hook '/home/cta/ros2_ws/install/robot_nav/share/robot_nav/hook/cmake_prefix_path.sh'
[0.559s] Level 1:colcon.colcon_core.environment:checking '/home/cta/ros2_ws/install/robot_nav/bin'
[0.559s] Level 1:colcon.colcon_core.environment:checking '/home/cta/ros2_ws/install/robot_nav/lib/pkgconfig/robot_nav.pc'
[0.560s] Level 1:colcon.colcon_core.environment:checking '/home/cta/ros2_ws/install/robot_nav/lib/python3.10/site-packages'
[0.560s] Level 1:colcon.colcon_core.environment:checking '/home/cta/ros2_ws/install/robot_nav/bin'
[0.560s] INFO:colcon.colcon_core.shell:Creating package script '/home/cta/ros2_ws/install/robot_nav/share/robot_nav/package.ps1'
[0.561s] INFO:colcon.colcon_core.shell:Creating package descriptor '/home/cta/ros2_ws/install/robot_nav/share/robot_nav/package.dsv'
[0.562s] INFO:colcon.colcon_core.shell:Creating package script '/home/cta/ros2_ws/install/robot_nav/share/robot_nav/package.sh'
[0.563s] INFO:colcon.colcon_core.shell:Creating package script '/home/cta/ros2_ws/install/robot_nav/share/robot_nav/package.bash'
[0.563s] INFO:colcon.colcon_core.shell:Creating package script '/home/cta/ros2_ws/install/robot_nav/share/robot_nav/package.zsh'
[0.564s] Level 1:colcon.colcon_core.environment:create_file_with_runtime_dependencies(/home/cta/ros2_ws/install/robot_nav/share/colcon-core/packages/robot_nav)
[0.564s] DEBUG:colcon.colcon_parallel_executor.executor.parallel:closing loop
[0.564s] DEBUG:colcon.colcon_parallel_executor.executor.parallel:loop closed
[0.565s] DEBUG:colcon.colcon_parallel_executor.executor.parallel:run_until_complete finished with '0'
[0.565s] DEBUG:colcon.colcon_core.event_reactor:joining thread
[0.574s] INFO:colcon.colcon_core.plugin_system:Skipping extension 'colcon_notification.desktop_notification.terminal_notifier': Not used on non-Darwin systems
[0.574s] INFO:colcon.colcon_core.plugin_system:Skipping extension 'colcon_notification.desktop_notification.win32': Not used on non-Windows systems
[0.574s] INFO:colcon.colcon_notification.desktop_notification:Sending desktop notification using 'notify2'
[0.592s] DEBUG:colcon.colcon_core.event_reactor:joined thread
[0.592s] INFO:colcon.colcon_core.shell:Creating prefix script '/home/cta/ros2_ws/install/local_setup.ps1'
[0.593s] INFO:colcon.colcon_core.shell:Creating prefix util module '/home/cta/ros2_ws/install/_local_setup_util_ps1.py'
[0.595s] INFO:colcon.colcon_core.shell:Creating prefix chain script '/home/cta/ros2_ws/install/setup.ps1'
[0.598s] INFO:colcon.colcon_core.shell:Creating prefix script '/home/cta/ros2_ws/install/local_setup.sh'
[0.599s] INFO:colcon.colcon_core.shell:Creating prefix util module '/home/cta/ros2_ws/install/_local_setup_util_sh.py'
[0.599s] INFO:colcon.colcon_core.shell:Creating prefix chain script '/home/cta/ros2_ws/install/setup.sh'
[0.602s] INFO:colcon.colcon_core.shell:Creating prefix script '/home/cta/ros2_ws/install/local_setup.bash'
[0.603s] INFO:colcon.colcon_core.shell:Creating prefix chain script '/home/cta/ros2_ws/install/setup.bash'
[0.605s] INFO:colcon.colcon_core.shell:Creating prefix script '/home/cta/ros2_ws/install/local_setup.zsh'
[0.606s] INFO:colcon.colcon_core.shell:Creating prefix chain script '/home/cta/ros2_ws/install/setup.zsh'
