-- Install configuration: ""
-- Up-to-date: /home/cta/ros2_ws/install/robot_sim/share/robot_sim//launch
-- Up-to-date: /home/cta/ros2_ws/install/robot_sim/share/robot_sim//launch/display.launch.py
-- Up-to-date: /home/cta/ros2_ws/install/robot_sim/share/robot_sim//launch/slam.launch.py
-- Installing: /home/cta/ros2_ws/install/robot_sim/share/robot_sim//launch/gazebo.launch.py
-- Up-to-date: /home/cta/ros2_ws/install/robot_sim/share/robot_sim//urdf
-- Up-to-date: /home/cta/ros2_ws/install/robot_sim/share/robot_sim//urdf/robot.urdf
-- Up-to-date: /home/cta/ros2_ws/install/robot_sim/share/ament_index/resource_index/package_run_dependencies/robot_sim
-- Up-to-date: /home/cta/ros2_ws/install/robot_sim/share/ament_index/resource_index/parent_prefix_path/robot_sim
-- Up-to-date: /home/cta/ros2_ws/install/robot_sim/share/robot_sim/environment/ament_prefix_path.sh
-- Up-to-date: /home/cta/ros2_ws/install/robot_sim/share/robot_sim/environment/ament_prefix_path.dsv
-- Up-to-date: /home/cta/ros2_ws/install/robot_sim/share/robot_sim/environment/path.sh
-- Up-to-date: /home/cta/ros2_ws/install/robot_sim/share/robot_sim/environment/path.dsv
-- Up-to-date: /home/cta/ros2_ws/install/robot_sim/share/robot_sim/local_setup.bash
-- Up-to-date: /home/cta/ros2_ws/install/robot_sim/share/robot_sim/local_setup.sh
-- Up-to-date: /home/cta/ros2_ws/install/robot_sim/share/robot_sim/local_setup.zsh
-- Up-to-date: /home/cta/ros2_ws/install/robot_sim/share/robot_sim/local_setup.dsv
-- Installing: /home/cta/ros2_ws/install/robot_sim/share/robot_sim/package.dsv
-- Up-to-date: /home/cta/ros2_ws/install/robot_sim/share/ament_index/resource_index/packages/robot_sim
-- Up-to-date: /home/cta/ros2_ws/install/robot_sim/share/robot_sim/cmake/robot_simConfig.cmake
-- Up-to-date: /home/cta/ros2_ws/install/robot_sim/share/robot_sim/cmake/robot_simConfig-version.cmake
-- Up-to-date: /home/cta/ros2_ws/install/robot_sim/share/robot_sim/package.xml
