[0.025s] Invoking command in '/home/cta/ros2_ws/build/robot_sim': CMAKE_PREFIX_PATH=${CMAKE_PREFIX_PATH}:/opt/ros/humble /usr/bin/cmake --build /home/cta/ros2_ws/build/robot_sim -- -j20 -l20
[0.090s] Invoked command in '/home/cta/ros2_ws/build/robot_sim' returned '0': CMAKE_PREFIX_PATH=${CMAKE_PREFIX_PATH}:/opt/ros/humble /usr/bin/cmake --build /home/cta/ros2_ws/build/robot_sim -- -j20 -l20
[0.150s] Invoking command in '/home/cta/ros2_ws/build/robot_sim': CMAKE_PREFIX_PATH=${CMAKE_PREFIX_PATH}:/opt/ros/humble /usr/bin/cmake --install /home/cta/ros2_ws/build/robot_sim
[0.164s] -- Install configuration: ""
[0.165s] -- Up-to-date: /home/cta/ros2_ws/install/robot_sim/share/robot_sim//launch
[0.165s] -- Up-to-date: /home/cta/ros2_ws/install/robot_sim/share/robot_sim//launch/display.launch.py
[0.165s] -- Up-to-date: /home/cta/ros2_ws/install/robot_sim/share/robot_sim//launch/slam.launch.py
[0.165s] -- Installing: /home/cta/ros2_ws/install/robot_sim/share/robot_sim//launch/gazebo.launch.py
[0.166s] -- Up-to-date: /home/cta/ros2_ws/install/robot_sim/share/robot_sim//urdf
[0.166s] -- Up-to-date: /home/cta/ros2_ws/install/robot_sim/share/robot_sim//urdf/robot.urdf
[0.166s] -- Up-to-date: /home/cta/ros2_ws/install/robot_sim/share/ament_index/resource_index/package_run_dependencies/robot_sim
[0.166s] -- Up-to-date: /home/cta/ros2_ws/install/robot_sim/share/ament_index/resource_index/parent_prefix_path/robot_sim
[0.166s] -- Up-to-date: /home/cta/ros2_ws/install/robot_sim/share/robot_sim/environment/ament_prefix_path.sh
[0.166s] -- Up-to-date: /home/cta/ros2_ws/install/robot_sim/share/robot_sim/environment/ament_prefix_path.dsv
[0.167s] -- Up-to-date: /home/cta/ros2_ws/install/robot_sim/share/robot_sim/environment/path.sh
[0.167s] -- Up-to-date: /home/cta/ros2_ws/install/robot_sim/share/robot_sim/environment/path.dsv
[0.167s] -- Up-to-date: /home/cta/ros2_ws/install/robot_sim/share/robot_sim/local_setup.bash
[0.167s] -- Up-to-date: /home/cta/ros2_ws/install/robot_sim/share/robot_sim/local_setup.sh
[0.167s] -- Up-to-date: /home/cta/ros2_ws/install/robot_sim/share/robot_sim/local_setup.zsh
[0.167s] -- Up-to-date: /home/cta/ros2_ws/install/robot_sim/share/robot_sim/local_setup.dsv
[0.167s] -- Installing: /home/cta/ros2_ws/install/robot_sim/share/robot_sim/package.dsv
[0.168s] -- Up-to-date: /home/cta/ros2_ws/install/robot_sim/share/ament_index/resource_index/packages/robot_sim
[0.168s] -- Up-to-date: /home/cta/ros2_ws/install/robot_sim/share/robot_sim/cmake/robot_simConfig.cmake
[0.168s] -- Up-to-date: /home/cta/ros2_ws/install/robot_sim/share/robot_sim/cmake/robot_simConfig-version.cmake
[0.168s] -- Up-to-date: /home/cta/ros2_ws/install/robot_sim/share/robot_sim/package.xml
[0.186s] Invoked command in '/home/cta/ros2_ws/build/robot_sim' returned '0': CMAKE_PREFIX_PATH=${CMAKE_PREFIX_PATH}:/opt/ros/humble /usr/bin/cmake --install /home/cta/ros2_ws/build/robot_sim
