[0.016s] Invoking command in '/home/cta/ros2_ws/build/robot_nav': CMAKE_PREFIX_PATH=${CMAKE_PREFIX_PATH}:/opt/ros/humble /usr/bin/cmake /home/cta/ros2_ws/src/robot_nav -DCMAKE_INSTALL_PREFIX=/home/cta/ros2_ws/install/robot_nav
[0.165s] -- The C compiler identification is GNU 11.4.0
[0.299s] -- The CXX compiler identification is GNU 11.4.0
[0.316s] -- Detecting C compiler ABI info
[0.425s] -- Detecting C compiler ABI info - done
[0.440s] -- Check for working C compiler: /usr/lib/ccache/cc - skipped
[0.441s] -- Detecting C compile features
[0.442s] -- Detecting C compile features - done
[0.448s] -- Detecting CXX compiler ABI info
[0.582s] -- Detecting CXX compiler ABI info - done
[0.599s] -- Check for working CXX compiler: /usr/lib/ccache/c++ - skipped
[0.600s] -- Detecting CXX compile features
[0.600s] -- Detecting CXX compile features - done
[0.607s] -- Found ament_cmake: 1.3.10 (/opt/ros/humble/share/ament_cmake/cmake)
[1.282s] -- Found Python3: /usr/bin/python3 (found version "3.10.12") found components: Interpreter 
[1.499s] -- Found ament_lint_auto: 0.12.11 (/opt/ros/humble/share/ament_lint_auto/cmake)
[1.666s] -- Added test 'lint_cmake' to check CMake code style
[1.668s] -- Added test 'xmllint' to check XML markup files
[1.671s] -- Configuring done
[1.676s] -- Generating done
[1.677s] -- Build files have been written to: /home/cta/ros2_ws/build/robot_nav
[1.693s] Invoked command in '/home/cta/ros2_ws/build/robot_nav' returned '0': CMAKE_PREFIX_PATH=${CMAKE_PREFIX_PATH}:/opt/ros/humble /usr/bin/cmake /home/cta/ros2_ws/src/robot_nav -DCMAKE_INSTALL_PREFIX=/home/cta/ros2_ws/install/robot_nav
[1.694s] Invoking command in '/home/cta/ros2_ws/build/robot_nav': CMAKE_PREFIX_PATH=${CMAKE_PREFIX_PATH}:/opt/ros/humble /usr/bin/cmake --build /home/cta/ros2_ws/build/robot_nav -- -j20 -l20
[1.759s] Invoked command in '/home/cta/ros2_ws/build/robot_nav' returned '0': CMAKE_PREFIX_PATH=${CMAKE_PREFIX_PATH}:/opt/ros/humble /usr/bin/cmake --build /home/cta/ros2_ws/build/robot_nav -- -j20 -l20
[1.819s] Invoking command in '/home/cta/ros2_ws/build/robot_nav': CMAKE_PREFIX_PATH=${CMAKE_PREFIX_PATH}:/opt/ros/humble /usr/bin/cmake --install /home/cta/ros2_ws/build/robot_nav
[1.830s] -- Install configuration: ""
[1.830s] -- Installing: /home/cta/ros2_ws/install/robot_nav/share/ament_index/resource_index/package_run_dependencies/robot_nav
[1.832s] -- Installing: /home/cta/ros2_ws/install/robot_nav/share/ament_index/resource_index/parent_prefix_path/robot_nav
[1.832s] -- Installing: /home/cta/ros2_ws/install/robot_nav/share/robot_nav/environment/ament_prefix_path.sh
[1.832s] -- Installing: /home/cta/ros2_ws/install/robot_nav/share/robot_nav/environment/ament_prefix_path.dsv
[1.832s] -- Installing: /home/cta/ros2_ws/install/robot_nav/share/robot_nav/environment/path.sh
[1.832s] -- Installing: /home/cta/ros2_ws/install/robot_nav/share/robot_nav/environment/path.dsv
[1.832s] -- Installing: /home/cta/ros2_ws/install/robot_nav/share/robot_nav/local_setup.bash
[1.832s] -- Installing: /home/cta/ros2_ws/install/robot_nav/share/robot_nav/local_setup.sh
[1.832s] -- Installing: /home/cta/ros2_ws/install/robot_nav/share/robot_nav/local_setup.zsh
[1.832s] -- Installing: /home/cta/ros2_ws/install/robot_nav/share/robot_nav/local_setup.dsv
[1.832s] -- Installing: /home/cta/ros2_ws/install/robot_nav/share/robot_nav/package.dsv
[1.832s] -- Installing: /home/cta/ros2_ws/install/robot_nav/share/ament_index/resource_index/packages/robot_nav
[1.832s] -- Installing: /home/cta/ros2_ws/install/robot_nav/share/robot_nav/cmake/robot_navConfig.cmake
[1.833s] -- Installing: /home/cta/ros2_ws/install/robot_nav/share/robot_nav/cmake/robot_navConfig-version.cmake
[1.833s] -- Installing: /home/cta/ros2_ws/install/robot_nav/share/robot_nav/package.xml
[1.851s] Invoked command in '/home/cta/ros2_ws/build/robot_nav' returned '0': CMAKE_PREFIX_PATH=${CMAKE_PREFIX_PATH}:/opt/ros/humble /usr/bin/cmake --install /home/cta/ros2_ws/build/robot_nav
