[0.021s] Invoking command in '/home/cta/ros2_ws/build/robot_msgs': CMAKE_PREFIX_PATH=${CMAKE_PREFIX_PATH}:/opt/ros/humble /usr/bin/cmake /home/cta/ros2_ws/src/robot_msgs -DCMAKE_INSTALL_PREFIX=/home/cta/ros2_ws/install/robot_msgs
[0.173s] -- The C compiler identification is GNU 11.4.0
[0.303s] -- The CXX compiler identification is GNU 11.4.0
[0.322s] -- Detecting C compiler ABI info
[0.431s] -- Detecting C compiler ABI info - done
[0.447s] -- Check for working C compiler: /usr/lib/ccache/cc - skipped
[0.447s] -- Detecting C compile features
[0.449s] -- Detecting C compile features - done
[0.455s] -- Detecting CXX compiler ABI info
[0.589s] -- Detecting CXX compiler ABI info - done
[0.606s] -- Check for working CXX compiler: /usr/lib/ccache/c++ - skipped
[0.606s] -- Detecting CXX compile features
[0.607s] -- Detecting CXX compile features - done
[0.613s] -- Found ament_cmake: 1.3.10 (/opt/ros/humble/share/ament_cmake/cmake)
[1.287s] -- Found Python3: /usr/bin/python3 (found version "3.10.12") found components: Interpreter 
[1.505s] -- Found ament_lint_auto: 0.12.11 (/opt/ros/humble/share/ament_lint_auto/cmake)
[1.673s] -- Added test 'lint_cmake' to check CMake code style
[1.675s] -- Added test 'xmllint' to check XML markup files
[1.678s] -- Configuring done
[1.682s] -- Generating done
[1.683s] -- Build files have been written to: /home/cta/ros2_ws/build/robot_msgs
[1.695s] Invoked command in '/home/cta/ros2_ws/build/robot_msgs' returned '0': CMAKE_PREFIX_PATH=${CMAKE_PREFIX_PATH}:/opt/ros/humble /usr/bin/cmake /home/cta/ros2_ws/src/robot_msgs -DCMAKE_INSTALL_PREFIX=/home/cta/ros2_ws/install/robot_msgs
[1.696s] Invoking command in '/home/cta/ros2_ws/build/robot_msgs': CMAKE_PREFIX_PATH=${CMAKE_PREFIX_PATH}:/opt/ros/humble /usr/bin/cmake --build /home/cta/ros2_ws/build/robot_msgs -- -j20 -l20
[1.759s] Invoked command in '/home/cta/ros2_ws/build/robot_msgs' returned '0': CMAKE_PREFIX_PATH=${CMAKE_PREFIX_PATH}:/opt/ros/humble /usr/bin/cmake --build /home/cta/ros2_ws/build/robot_msgs -- -j20 -l20
[1.820s] Invoking command in '/home/cta/ros2_ws/build/robot_msgs': CMAKE_PREFIX_PATH=${CMAKE_PREFIX_PATH}:/opt/ros/humble /usr/bin/cmake --install /home/cta/ros2_ws/build/robot_msgs
[1.831s] -- Install configuration: ""
[1.831s] -- Installing: /home/cta/ros2_ws/install/robot_msgs/share/ament_index/resource_index/package_run_dependencies/robot_msgs
[1.832s] -- Installing: /home/cta/ros2_ws/install/robot_msgs/share/ament_index/resource_index/parent_prefix_path/robot_msgs
[1.832s] -- Installing: /home/cta/ros2_ws/install/robot_msgs/share/robot_msgs/environment/ament_prefix_path.sh
[1.832s] -- Installing: /home/cta/ros2_ws/install/robot_msgs/share/robot_msgs/environment/ament_prefix_path.dsv
[1.832s] -- Installing: /home/cta/ros2_ws/install/robot_msgs/share/robot_msgs/environment/path.sh
[1.832s] -- Installing: /home/cta/ros2_ws/install/robot_msgs/share/robot_msgs/environment/path.dsv
[1.833s] -- Installing: /home/cta/ros2_ws/install/robot_msgs/share/robot_msgs/local_setup.bash
[1.833s] -- Installing: /home/cta/ros2_ws/install/robot_msgs/share/robot_msgs/local_setup.sh
[1.833s] -- Installing: /home/cta/ros2_ws/install/robot_msgs/share/robot_msgs/local_setup.zsh
[1.833s] -- Installing: /home/cta/ros2_ws/install/robot_msgs/share/robot_msgs/local_setup.dsv
[1.833s] -- Installing: /home/cta/ros2_ws/install/robot_msgs/share/robot_msgs/package.dsv
[1.833s] -- Installing: /home/cta/ros2_ws/install/robot_msgs/share/ament_index/resource_index/packages/robot_msgs
[1.833s] -- Installing: /home/cta/ros2_ws/install/robot_msgs/share/robot_msgs/cmake/robot_msgsConfig.cmake
[1.833s] -- Installing: /home/cta/ros2_ws/install/robot_msgs/share/robot_msgs/cmake/robot_msgsConfig-version.cmake
[1.833s] -- Installing: /home/cta/ros2_ws/install/robot_msgs/share/robot_msgs/package.xml
[1.837s] Invoked command in '/home/cta/ros2_ws/build/robot_msgs' returned '0': CMAKE_PREFIX_PATH=${CMAKE_PREFIX_PATH}:/opt/ros/humble /usr/bin/cmake --install /home/cta/ros2_ws/build/robot_msgs
