-- The C compiler identification is GNU 11.4.0
-- The CXX compiler identification is GNU 11.4.0
-- Detecting C compiler ABI info
-- Detecting C compiler ABI info - done
-- Check for working C compiler: /usr/lib/ccache/cc - skipped
-- Detecting C compile features
-- Detecting C compile features - done
-- Detecting CXX compiler ABI info
-- Detecting CXX compiler ABI info - done
-- Check for working CXX compiler: /usr/lib/ccache/c++ - skipped
-- Detecting CXX compile features
-- Detecting CXX compile features - done
-- Found ament_cmake: 1.3.10 (/opt/ros/humble/share/ament_cmake/cmake)
-- Found Python3: /usr/bin/python3 (found version "3.10.12") found components: Interpreter 
-- Found ament_lint_auto: 0.12.11 (/opt/ros/humble/share/ament_lint_auto/cmake)
-- Added test 'lint_cmake' to check CMake code style
-- Added test 'xmllint' to check XML markup files
-- Configuring done
-- Generating done
-- Build files have been written to: /home/cta/ros2_ws/build/robot_sim
-- Install configuration: ""
-- Installing: /home/cta/ros2_ws/install/robot_sim/share/ament_index/resource_index/package_run_dependencies/robot_sim
-- Installing: /home/cta/ros2_ws/install/robot_sim/share/ament_index/resource_index/parent_prefix_path/robot_sim
-- Installing: /home/cta/ros2_ws/install/robot_sim/share/robot_sim/environment/ament_prefix_path.sh
-- Installing: /home/cta/ros2_ws/install/robot_sim/share/robot_sim/environment/ament_prefix_path.dsv
-- Installing: /home/cta/ros2_ws/install/robot_sim/share/robot_sim/environment/path.sh
-- Installing: /home/cta/ros2_ws/install/robot_sim/share/robot_sim/environment/path.dsv
-- Installing: /home/cta/ros2_ws/install/robot_sim/share/robot_sim/local_setup.bash
-- Installing: /home/cta/ros2_ws/install/robot_sim/share/robot_sim/local_setup.sh
-- Installing: /home/cta/ros2_ws/install/robot_sim/share/robot_sim/local_setup.zsh
-- Installing: /home/cta/ros2_ws/install/robot_sim/share/robot_sim/local_setup.dsv
-- Installing: /home/cta/ros2_ws/install/robot_sim/share/robot_sim/package.dsv
-- Installing: /home/cta/ros2_ws/install/robot_sim/share/ament_index/resource_index/packages/robot_sim
-- Installing: /home/cta/ros2_ws/install/robot_sim/share/robot_sim/cmake/robot_simConfig.cmake
-- Installing: /home/cta/ros2_ws/install/robot_sim/share/robot_sim/cmake/robot_simConfig-version.cmake
-- Installing: /home/cta/ros2_ws/install/robot_sim/share/robot_sim/package.xml
