[0.016s] Invoking command in '/home/cta/ros2_ws/build/robot_sim': CMAKE_PREFIX_PATH=${CMAKE_PREFIX_PATH}:/opt/ros/humble /usr/bin/cmake /home/cta/ros2_ws/src/robot_sim -DCMAKE_INSTALL_PREFIX=/home/cta/ros2_ws/install/robot_sim
[0.160s] -- The C compiler identification is GNU 11.4.0
[0.292s] -- The CXX compiler identification is GNU 11.4.0
[0.311s] -- Detecting C compiler ABI info
[0.423s] -- Detecting C compiler ABI info - done
[0.438s] -- Check for working C compiler: /usr/lib/ccache/cc - skipped
[0.438s] -- Detecting C compile features
[0.439s] -- Detecting C compile features - done
[0.445s] -- Detecting CXX compiler ABI info
[0.576s] -- Detecting CXX compiler ABI info - done
[0.590s] -- Check for working CXX compiler: /usr/lib/ccache/c++ - skipped
[0.591s] -- Detecting CXX compile features
[0.592s] -- Detecting CXX compile features - done
[0.600s] -- Found ament_cmake: 1.3.10 (/opt/ros/humble/share/ament_cmake/cmake)
[1.276s] -- Found Python3: /usr/bin/python3 (found version "3.10.12") found components: Interpreter 
[1.494s] -- Found ament_lint_auto: 0.12.11 (/opt/ros/humble/share/ament_lint_auto/cmake)
[1.661s] -- Added test 'lint_cmake' to check CMake code style
[1.664s] -- Added test 'xmllint' to check XML markup files
[1.667s] -- Configuring done
[1.671s] -- Generating done
[1.672s] -- Build files have been written to: /home/cta/ros2_ws/build/robot_sim
[1.685s] Invoked command in '/home/cta/ros2_ws/build/robot_sim' returned '0': CMAKE_PREFIX_PATH=${CMAKE_PREFIX_PATH}:/opt/ros/humble /usr/bin/cmake /home/cta/ros2_ws/src/robot_sim -DCMAKE_INSTALL_PREFIX=/home/cta/ros2_ws/install/robot_sim
[1.688s] Invoking command in '/home/cta/ros2_ws/build/robot_sim': CMAKE_PREFIX_PATH=${CMAKE_PREFIX_PATH}:/opt/ros/humble /usr/bin/cmake --build /home/cta/ros2_ws/build/robot_sim -- -j20 -l20
[1.759s] Invoked command in '/home/cta/ros2_ws/build/robot_sim' returned '0': CMAKE_PREFIX_PATH=${CMAKE_PREFIX_PATH}:/opt/ros/humble /usr/bin/cmake --build /home/cta/ros2_ws/build/robot_sim -- -j20 -l20
[1.812s] Invoking command in '/home/cta/ros2_ws/build/robot_sim': CMAKE_PREFIX_PATH=${CMAKE_PREFIX_PATH}:/opt/ros/humble /usr/bin/cmake --install /home/cta/ros2_ws/build/robot_sim
[1.822s] -- Install configuration: ""
[1.823s] -- Installing: /home/cta/ros2_ws/install/robot_sim/share/ament_index/resource_index/package_run_dependencies/robot_sim
[1.823s] -- Installing: /home/cta/ros2_ws/install/robot_sim/share/ament_index/resource_index/parent_prefix_path/robot_sim
[1.823s] -- Installing: /home/cta/ros2_ws/install/robot_sim/share/robot_sim/environment/ament_prefix_path.sh
[1.823s] -- Installing: /home/cta/ros2_ws/install/robot_sim/share/robot_sim/environment/ament_prefix_path.dsv
[1.823s] -- Installing: /home/cta/ros2_ws/install/robot_sim/share/robot_sim/environment/path.sh
[1.823s] -- Installing: /home/cta/ros2_ws/install/robot_sim/share/robot_sim/environment/path.dsv
[1.824s] -- Installing: /home/cta/ros2_ws/install/robot_sim/share/robot_sim/local_setup.bash
[1.824s] -- Installing: /home/cta/ros2_ws/install/robot_sim/share/robot_sim/local_setup.sh
[1.824s] -- Installing: /home/cta/ros2_ws/install/robot_sim/share/robot_sim/local_setup.zsh
[1.825s] -- Installing: /home/cta/ros2_ws/install/robot_sim/share/robot_sim/local_setup.dsv
[1.825s] -- Installing: /home/cta/ros2_ws/install/robot_sim/share/robot_sim/package.dsv
[1.829s] -- Installing: /home/cta/ros2_ws/install/robot_sim/share/ament_index/resource_index/packages/robot_sim
[1.829s] -- Installing: /home/cta/ros2_ws/install/robot_sim/share/robot_sim/cmake/robot_simConfig.cmake
[1.829s] -- Installing: /home/cta/ros2_ws/install/robot_sim/share/robot_sim/cmake/robot_simConfig-version.cmake
[1.829s] -- Installing: /home/cta/ros2_ws/install/robot_sim/share/robot_sim/package.xml
[1.855s] Invoked command in '/home/cta/ros2_ws/build/robot_sim' returned '0': CMAKE_PREFIX_PATH=${CMAKE_PREFIX_PATH}:/opt/ros/humble /usr/bin/cmake --install /home/cta/ros2_ws/build/robot_sim
