[0.024s] Invoking command in '/home/cta/ros2_ws/build/robot_sim': CMAKE_PREFIX_PATH=${CMAKE_PREFIX_PATH}:/opt/ros/humble /usr/bin/cmake --build /home/cta/ros2_ws/build/robot_sim -- -j20 -l20
[0.064s] -- Found ament_cmake: 1.3.10 (/opt/ros/humble/share/ament_cmake/cmake)
[0.392s] -- Configuring done
[0.395s] -- Generating done
[0.396s] -- Build files have been written to: /home/cta/ros2_ws/build/robot_sim
[0.429s] Invoked command in '/home/cta/ros2_ws/build/robot_sim' returned '0': CMAKE_PREFIX_PATH=${CMAKE_PREFIX_PATH}:/opt/ros/humble /usr/bin/cmake --build /home/cta/ros2_ws/build/robot_sim -- -j20 -l20
[0.470s] Invoking command in '/home/cta/ros2_ws/build/robot_sim': CMAKE_PREFIX_PATH=${CMAKE_PREFIX_PATH}:/opt/ros/humble /usr/bin/cmake --install /home/cta/ros2_ws/build/robot_sim
[0.481s] -- Install configuration: ""
[0.481s] -- Up-to-date: /home/cta/ros2_ws/install/robot_sim/share/ament_index/resource_index/package_run_dependencies/robot_sim
[0.481s] -- Up-to-date: /home/cta/ros2_ws/install/robot_sim/share/ament_index/resource_index/parent_prefix_path/robot_sim
[0.481s] -- Up-to-date: /home/cta/ros2_ws/install/robot_sim/share/robot_sim/environment/ament_prefix_path.sh
[0.481s] -- Installing: /home/cta/ros2_ws/install/robot_sim/share/robot_sim/environment/ament_prefix_path.dsv
[0.482s] -- Up-to-date: /home/cta/ros2_ws/install/robot_sim/share/robot_sim/environment/path.sh
[0.482s] -- Installing: /home/cta/ros2_ws/install/robot_sim/share/robot_sim/environment/path.dsv
[0.482s] -- Up-to-date: /home/cta/ros2_ws/install/robot_sim/share/robot_sim/local_setup.bash
[0.482s] -- Up-to-date: /home/cta/ros2_ws/install/robot_sim/share/robot_sim/local_setup.sh
[0.482s] -- Up-to-date: /home/cta/ros2_ws/install/robot_sim/share/robot_sim/local_setup.zsh
[0.483s] -- Installing: /home/cta/ros2_ws/install/robot_sim/share/robot_sim/local_setup.dsv
[0.483s] -- Installing: /home/cta/ros2_ws/install/robot_sim/share/robot_sim/package.dsv
[0.483s] -- Up-to-date: /home/cta/ros2_ws/install/robot_sim/share/ament_index/resource_index/packages/robot_sim
[0.483s] -- Up-to-date: /home/cta/ros2_ws/install/robot_sim/share/robot_sim/cmake/robot_simConfig.cmake
[0.483s] -- Up-to-date: /home/cta/ros2_ws/install/robot_sim/share/robot_sim/cmake/robot_simConfig-version.cmake
[0.483s] -- Up-to-date: /home/cta/ros2_ws/install/robot_sim/share/robot_sim/package.xml
[0.485s] Invoked command in '/home/cta/ros2_ws/build/robot_sim' returned '0': CMAKE_PREFIX_PATH=${CMAKE_PREFIX_PATH}:/opt/ros/humble /usr/bin/cmake --install /home/cta/ros2_ws/build/robot_sim
