-- The C compiler identification is GNU 11.4.0
-- The CXX compiler identification is GNU 11.4.0
-- Detecting C compiler ABI info
-- Detecting C compiler ABI info - done
-- Check for working C compiler: /usr/lib/ccache/cc - skipped
-- Detecting C compile features
-- Detecting C compile features - done
-- Detecting CXX compiler ABI info
-- Detecting CXX compiler ABI info - done
-- Check for working CXX compiler: /usr/lib/ccache/c++ - skipped
-- Detecting CXX compile features
-- Detecting CXX compile features - done
-- Found ament_cmake: 1.3.10 (/opt/ros/humble/share/ament_cmake/cmake)
-- Found Python3: /usr/bin/python3 (found version "3.10.12") found components: Interpreter 
-- Found ament_lint_auto: 0.12.11 (/opt/ros/humble/share/ament_lint_auto/cmake)
-- Added test 'lint_cmake' to check CMake code style
-- Added test 'xmllint' to check XML markup files
-- Configuring done
-- Generating done
-- Build files have been written to: /home/cta/ros2_ws/build/rocap_description
-- Install configuration: ""
-- Installing: /home/cta/ros2_ws/install/rocap_description/share/ament_index/resource_index/package_run_dependencies/rocap_description
-- Installing: /home/cta/ros2_ws/install/rocap_description/share/ament_index/resource_index/parent_prefix_path/rocap_description
-- Installing: /home/cta/ros2_ws/install/rocap_description/share/rocap_description/environment/ament_prefix_path.sh
-- Installing: /home/cta/ros2_ws/install/rocap_description/share/rocap_description/environment/ament_prefix_path.dsv
-- Installing: /home/cta/ros2_ws/install/rocap_description/share/rocap_description/environment/path.sh
-- Installing: /home/cta/ros2_ws/install/rocap_description/share/rocap_description/environment/path.dsv
-- Installing: /home/cta/ros2_ws/install/rocap_description/share/rocap_description/local_setup.bash
-- Installing: /home/cta/ros2_ws/install/rocap_description/share/rocap_description/local_setup.sh
-- Installing: /home/cta/ros2_ws/install/rocap_description/share/rocap_description/local_setup.zsh
-- Installing: /home/cta/ros2_ws/install/rocap_description/share/rocap_description/local_setup.dsv
-- Installing: /home/cta/ros2_ws/install/rocap_description/share/rocap_description/package.dsv
-- Installing: /home/cta/ros2_ws/install/rocap_description/share/ament_index/resource_index/packages/rocap_description
-- Installing: /home/cta/ros2_ws/install/rocap_description/share/rocap_description/cmake/rocap_descriptionConfig.cmake
-- Installing: /home/cta/ros2_ws/install/rocap_description/share/rocap_description/cmake/rocap_descriptionConfig-version.cmake
-- Installing: /home/cta/ros2_ws/install/rocap_description/share/rocap_description/package.xml
