[0.164s] DEBUG:colcon:Command line arguments: ['/home/cta/.local/bin/colcon', 'build']
[0.164s] DEBUG:colcon:Parsed command line arguments: Namespace(log_base=None, log_level=None, verb_name='build', build_base='build', install_base='install', merge_install=False, symlink_install=False, test_result_base=None, continue_on_error=False, executor='parallel', parallel_workers=20, event_handlers=None, ignore_user_meta=False, metas=['./colcon.meta'], base_paths=['.'], packages_ignore=None, packages_ignore_regex=None, paths=None, packages_up_to=None, packages_up_to_regex=None, packages_above=None, packages_above_and_dependencies=None, packages_above_depth=None, packages_select_by_dep=None, packages_skip_by_dep=None, packages_skip_up_to=None, packages_select_build_failed=False, packages_skip_build_finished=False, packages_select_test_failures=False, packages_skip_test_passed=False, packages_select=None, packages_skip=None, packages_select_regex=None, packages_skip_regex=None, packages_start=None, packages_end=None, allow_overriding=[], cmake_args=None, cmake_target=None, cmake_target_skip_unavailable=False, cmake_clean_cache=False, cmake_clean_first=False, cmake_force_configure=False, ament_cmake_args=None, catkin_cmake_args=None, catkin_skip_building_tests=False, verb_parser=<colcon_defaults.argument_parser.defaults.DefaultArgumentsDecorator object at 0x7a55dfc2c220>, verb_extension=<colcon_core.verb.build.BuildVerb object at 0x7a55dfd958d0>, main=<bound method BuildVerb.main of <colcon_core.verb.build.BuildVerb object at 0x7a55dfd958d0>>)
[0.212s] Level 1:colcon.colcon_core.package_discovery:discover_packages(colcon_meta) check parameters
[0.212s] Level 1:colcon.colcon_core.package_discovery:discover_packages(recursive) check parameters
[0.212s] Level 1:colcon.colcon_core.package_discovery:discover_packages(ignore) check parameters
[0.212s] Level 1:colcon.colcon_core.package_discovery:discover_packages(path) check parameters
[0.212s] Level 1:colcon.colcon_core.package_discovery:discover_packages(colcon_meta) discover
[0.212s] Level 1:colcon.colcon_core.package_discovery:discover_packages(recursive) discover
[0.212s] INFO:colcon.colcon_core.package_discovery:Crawling recursively for packages in '/home/cta/ros2_ws'
[0.212s] Level 1:colcon.colcon_core.package_identification:_identify(.) by extensions ['ignore', 'ignore_ament_install']
[0.213s] Level 1:colcon.colcon_core.package_identification:_identify(.) by extension 'ignore'
[0.213s] Level 1:colcon.colcon_core.package_identification:_identify(.) by extension 'ignore_ament_install'
[0.213s] Level 1:colcon.colcon_core.package_identification:_identify(.) by extensions ['colcon_pkg']
[0.213s] Level 1:colcon.colcon_core.package_identification:_identify(.) by extension 'colcon_pkg'
[0.213s] Level 1:colcon.colcon_core.package_identification:_identify(.) by extensions ['colcon_meta']
[0.213s] Level 1:colcon.colcon_core.package_identification:_identify(.) by extension 'colcon_meta'
[0.213s] Level 1:colcon.colcon_core.package_identification:_identify(.) by extensions ['ros']
[0.213s] Level 1:colcon.colcon_core.package_identification:_identify(.) by extension 'ros'
[0.230s] Level 1:colcon.colcon_core.package_identification:_identify(.) by extensions ['cmake', 'python']
[0.230s] Level 1:colcon.colcon_core.package_identification:_identify(.) by extension 'cmake'
[0.230s] Level 1:colcon.colcon_core.package_identification:_identify(.) by extension 'python'
[0.230s] Level 1:colcon.colcon_core.package_identification:_identify(.) by extensions ['python_setup_py']
[0.230s] Level 1:colcon.colcon_core.package_identification:_identify(.) by extension 'python_setup_py'
[0.230s] Level 1:colcon.colcon_core.package_identification:_identify(build) by extensions ['ignore', 'ignore_ament_install']
[0.230s] Level 1:colcon.colcon_core.package_identification:_identify(build) by extension 'ignore'
[0.230s] Level 1:colcon.colcon_core.package_identification:_identify(build) ignored
[0.231s] Level 1:colcon.colcon_core.package_identification:_identify(install) by extensions ['ignore', 'ignore_ament_install']
[0.231s] Level 1:colcon.colcon_core.package_identification:_identify(install) by extension 'ignore'
[0.231s] Level 1:colcon.colcon_core.package_identification:_identify(install) ignored
[0.231s] Level 1:colcon.colcon_core.package_identification:_identify(log) by extensions ['ignore', 'ignore_ament_install']
[0.231s] Level 1:colcon.colcon_core.package_identification:_identify(log) by extension 'ignore'
[0.231s] Level 1:colcon.colcon_core.package_identification:_identify(log) ignored
[0.231s] Level 1:colcon.colcon_core.package_identification:_identify(src) by extensions ['ignore', 'ignore_ament_install']
[0.231s] Level 1:colcon.colcon_core.package_identification:_identify(src) by extension 'ignore'
[0.231s] Level 1:colcon.colcon_core.package_identification:_identify(src) by extension 'ignore_ament_install'
[0.231s] Level 1:colcon.colcon_core.package_identification:_identify(src) by extensions ['colcon_pkg']
[0.231s] Level 1:colcon.colcon_core.package_identification:_identify(src) by extension 'colcon_pkg'
[0.231s] Level 1:colcon.colcon_core.package_identification:_identify(src) by extensions ['colcon_meta']
[0.231s] Level 1:colcon.colcon_core.package_identification:_identify(src) by extension 'colcon_meta'
[0.231s] Level 1:colcon.colcon_core.package_identification:_identify(src) by extensions ['ros']
[0.231s] Level 1:colcon.colcon_core.package_identification:_identify(src) by extension 'ros'
[0.231s] Level 1:colcon.colcon_core.package_identification:_identify(src) by extensions ['cmake', 'python']
[0.231s] Level 1:colcon.colcon_core.package_identification:_identify(src) by extension 'cmake'
[0.231s] Level 1:colcon.colcon_core.package_identification:_identify(src) by extension 'python'
[0.231s] Level 1:colcon.colcon_core.package_identification:_identify(src) by extensions ['python_setup_py']
[0.232s] Level 1:colcon.colcon_core.package_identification:_identify(src) by extension 'python_setup_py'
[0.232s] Level 1:colcon.colcon_core.package_identification:_identify(src/robot_msgs) by extensions ['ignore', 'ignore_ament_install']
[0.232s] Level 1:colcon.colcon_core.package_identification:_identify(src/robot_msgs) by extension 'ignore'
[0.232s] Level 1:colcon.colcon_core.package_identification:_identify(src/robot_msgs) by extension 'ignore_ament_install'
[0.232s] Level 1:colcon.colcon_core.package_identification:_identify(src/robot_msgs) by extensions ['colcon_pkg']
[0.232s] Level 1:colcon.colcon_core.package_identification:_identify(src/robot_msgs) by extension 'colcon_pkg'
[0.232s] Level 1:colcon.colcon_core.package_identification:_identify(src/robot_msgs) by extensions ['colcon_meta']
[0.232s] Level 1:colcon.colcon_core.package_identification:_identify(src/robot_msgs) by extension 'colcon_meta'
[0.232s] Level 1:colcon.colcon_core.package_identification:_identify(src/robot_msgs) by extensions ['ros']
[0.232s] Level 1:colcon.colcon_core.package_identification:_identify(src/robot_msgs) by extension 'ros'
[0.235s] DEBUG:colcon.colcon_core.package_identification:Package 'src/robot_msgs' with type 'ros.ament_cmake' and name 'robot_msgs'
[0.235s] Level 1:colcon.colcon_core.package_identification:_identify(src/robot_nav) by extensions ['ignore', 'ignore_ament_install']
[0.235s] Level 1:colcon.colcon_core.package_identification:_identify(src/robot_nav) by extension 'ignore'
[0.235s] Level 1:colcon.colcon_core.package_identification:_identify(src/robot_nav) by extension 'ignore_ament_install'
[0.235s] Level 1:colcon.colcon_core.package_identification:_identify(src/robot_nav) by extensions ['colcon_pkg']
[0.235s] Level 1:colcon.colcon_core.package_identification:_identify(src/robot_nav) by extension 'colcon_pkg'
[0.235s] Level 1:colcon.colcon_core.package_identification:_identify(src/robot_nav) by extensions ['colcon_meta']
[0.235s] Level 1:colcon.colcon_core.package_identification:_identify(src/robot_nav) by extension 'colcon_meta'
[0.235s] Level 1:colcon.colcon_core.package_identification:_identify(src/robot_nav) by extensions ['ros']
[0.235s] Level 1:colcon.colcon_core.package_identification:_identify(src/robot_nav) by extension 'ros'
[0.236s] DEBUG:colcon.colcon_core.package_identification:Package 'src/robot_nav' with type 'ros.ament_cmake' and name 'robot_nav'
[0.236s] Level 1:colcon.colcon_core.package_identification:_identify(src/robot_sim) by extensions ['ignore', 'ignore_ament_install']
[0.236s] Level 1:colcon.colcon_core.package_identification:_identify(src/robot_sim) by extension 'ignore'
[0.236s] Level 1:colcon.colcon_core.package_identification:_identify(src/robot_sim) by extension 'ignore_ament_install'
[0.236s] Level 1:colcon.colcon_core.package_identification:_identify(src/robot_sim) by extensions ['colcon_pkg']
[0.236s] Level 1:colcon.colcon_core.package_identification:_identify(src/robot_sim) by extension 'colcon_pkg'
[0.236s] Level 1:colcon.colcon_core.package_identification:_identify(src/robot_sim) by extensions ['colcon_meta']
[0.236s] Level 1:colcon.colcon_core.package_identification:_identify(src/robot_sim) by extension 'colcon_meta'
[0.236s] Level 1:colcon.colcon_core.package_identification:_identify(src/robot_sim) by extensions ['ros']
[0.236s] Level 1:colcon.colcon_core.package_identification:_identify(src/robot_sim) by extension 'ros'
[0.237s] DEBUG:colcon.colcon_core.package_identification:Package 'src/robot_sim' with type 'ros.ament_cmake' and name 'robot_sim'
[0.237s] Level 1:colcon.colcon_core.package_discovery:discover_packages(recursive) using defaults
[0.237s] Level 1:colcon.colcon_core.package_discovery:discover_packages(ignore) discover
[0.237s] Level 1:colcon.colcon_core.package_discovery:discover_packages(ignore) using defaults
[0.237s] Level 1:colcon.colcon_core.package_discovery:discover_packages(path) discover
[0.237s] Level 1:colcon.colcon_core.package_discovery:discover_packages(path) using defaults
[0.259s] Level 1:colcon.colcon_core.package_discovery:discover_packages(prefix_path) check parameters
[0.259s] Level 1:colcon.colcon_core.package_discovery:discover_packages(prefix_path) discover
[0.263s] DEBUG:colcon.colcon_installed_package_information.package_discovery:Found 16 installed packages in /home/cta/CTA/24CTA006_Drone/install
[0.264s] DEBUG:colcon.colcon_installed_package_information.package_discovery:Found 359 installed packages in /opt/ros/humble
[0.266s] Level 1:colcon.colcon_core.package_discovery:discover_packages(prefix_path) using defaults
[0.311s] Level 5:colcon.colcon_core.verb:set package 'robot_msgs' build argument 'cmake_args' from command line to 'None'
[0.311s] Level 5:colcon.colcon_core.verb:set package 'robot_msgs' build argument 'cmake_target' from command line to 'None'
[0.311s] Level 5:colcon.colcon_core.verb:set package 'robot_msgs' build argument 'cmake_target_skip_unavailable' from command line to 'False'
[0.311s] Level 5:colcon.colcon_core.verb:set package 'robot_msgs' build argument 'cmake_clean_cache' from command line to 'False'
[0.311s] Level 5:colcon.colcon_core.verb:set package 'robot_msgs' build argument 'cmake_clean_first' from command line to 'False'
[0.311s] Level 5:colcon.colcon_core.verb:set package 'robot_msgs' build argument 'cmake_force_configure' from command line to 'False'
[0.311s] Level 5:colcon.colcon_core.verb:set package 'robot_msgs' build argument 'ament_cmake_args' from command line to 'None'
[0.311s] Level 5:colcon.colcon_core.verb:set package 'robot_msgs' build argument 'catkin_cmake_args' from command line to 'None'
[0.311s] Level 5:colcon.colcon_core.verb:set package 'robot_msgs' build argument 'catkin_skip_building_tests' from command line to 'False'
[0.312s] DEBUG:colcon.colcon_core.verb:Building package 'robot_msgs' with the following arguments: {'ament_cmake_args': None, 'build_base': '/home/cta/ros2_ws/build/robot_msgs', 'catkin_cmake_args': None, 'catkin_skip_building_tests': False, 'cmake_args': None, 'cmake_clean_cache': False, 'cmake_clean_first': False, 'cmake_force_configure': False, 'cmake_target': None, 'cmake_target_skip_unavailable': False, 'install_base': '/home/cta/ros2_ws/install/robot_msgs', 'merge_install': False, 'path': '/home/cta/ros2_ws/src/robot_msgs', 'symlink_install': False, 'test_result_base': None}
[0.312s] Level 5:colcon.colcon_core.verb:set package 'robot_nav' build argument 'cmake_args' from command line to 'None'
[0.312s] Level 5:colcon.colcon_core.verb:set package 'robot_nav' build argument 'cmake_target' from command line to 'None'
[0.312s] Level 5:colcon.colcon_core.verb:set package 'robot_nav' build argument 'cmake_target_skip_unavailable' from command line to 'False'
[0.312s] Level 5:colcon.colcon_core.verb:set package 'robot_nav' build argument 'cmake_clean_cache' from command line to 'False'
[0.312s] Level 5:colcon.colcon_core.verb:set package 'robot_nav' build argument 'cmake_clean_first' from command line to 'False'
[0.312s] Level 5:colcon.colcon_core.verb:set package 'robot_nav' build argument 'cmake_force_configure' from command line to 'False'
[0.312s] Level 5:colcon.colcon_core.verb:set package 'robot_nav' build argument 'ament_cmake_args' from command line to 'None'
[0.312s] Level 5:colcon.colcon_core.verb:set package 'robot_nav' build argument 'catkin_cmake_args' from command line to 'None'
[0.312s] Level 5:colcon.colcon_core.verb:set package 'robot_nav' build argument 'catkin_skip_building_tests' from command line to 'False'
[0.312s] DEBUG:colcon.colcon_core.verb:Building package 'robot_nav' with the following arguments: {'ament_cmake_args': None, 'build_base': '/home/cta/ros2_ws/build/robot_nav', 'catkin_cmake_args': None, 'catkin_skip_building_tests': False, 'cmake_args': None, 'cmake_clean_cache': False, 'cmake_clean_first': False, 'cmake_force_configure': False, 'cmake_target': None, 'cmake_target_skip_unavailable': False, 'install_base': '/home/cta/ros2_ws/install/robot_nav', 'merge_install': False, 'path': '/home/cta/ros2_ws/src/robot_nav', 'symlink_install': False, 'test_result_base': None}
[0.312s] Level 5:colcon.colcon_core.verb:set package 'robot_sim' build argument 'cmake_args' from command line to 'None'
[0.312s] Level 5:colcon.colcon_core.verb:set package 'robot_sim' build argument 'cmake_target' from command line to 'None'
[0.312s] Level 5:colcon.colcon_core.verb:set package 'robot_sim' build argument 'cmake_target_skip_unavailable' from command line to 'False'
[0.313s] Level 5:colcon.colcon_core.verb:set package 'robot_sim' build argument 'cmake_clean_cache' from command line to 'False'
[0.313s] Level 5:colcon.colcon_core.verb:set package 'robot_sim' build argument 'cmake_clean_first' from command line to 'False'
[0.313s] Level 5:colcon.colcon_core.verb:set package 'robot_sim' build argument 'cmake_force_configure' from command line to 'False'
[0.313s] Level 5:colcon.colcon_core.verb:set package 'robot_sim' build argument 'ament_cmake_args' from command line to 'None'
[0.313s] Level 5:colcon.colcon_core.verb:set package 'robot_sim' build argument 'catkin_cmake_args' from command line to 'None'
[0.313s] Level 5:colcon.colcon_core.verb:set package 'robot_sim' build argument 'catkin_skip_building_tests' from command line to 'False'
[0.313s] DEBUG:colcon.colcon_core.verb:Building package 'robot_sim' with the following arguments: {'ament_cmake_args': None, 'build_base': '/home/cta/ros2_ws/build/robot_sim', 'catkin_cmake_args': None, 'catkin_skip_building_tests': False, 'cmake_args': None, 'cmake_clean_cache': False, 'cmake_clean_first': False, 'cmake_force_configure': False, 'cmake_target': None, 'cmake_target_skip_unavailable': False, 'install_base': '/home/cta/ros2_ws/install/robot_sim', 'merge_install': False, 'path': '/home/cta/ros2_ws/src/robot_sim', 'symlink_install': False, 'test_result_base': None}
[0.313s] INFO:colcon.colcon_core.executor:Executing jobs using 'parallel' executor
[0.314s] DEBUG:colcon.colcon_parallel_executor.executor.parallel:run_until_complete
[0.314s] INFO:colcon.colcon_ros.task.ament_cmake.build:Building ROS package in '/home/cta/ros2_ws/src/robot_msgs' with build type 'ament_cmake'
[0.315s] INFO:colcon.colcon_cmake.task.cmake.build:Building CMake package in '/home/cta/ros2_ws/src/robot_msgs'
[0.316s] INFO:colcon.colcon_core.plugin_system:Skipping extension 'colcon_core.shell.bat': Not used on non-Windows systems
[0.317s] INFO:colcon.colcon_core.shell:Skip shell extension 'powershell' for command environment: Not usable outside of PowerShell
[0.317s] DEBUG:colcon.colcon_core.shell:Skip shell extension 'dsv' for command environment
[0.321s] INFO:colcon.colcon_ros.task.ament_cmake.build:Building ROS package in '/home/cta/ros2_ws/src/robot_nav' with build type 'ament_cmake'
[0.321s] INFO:colcon.colcon_cmake.task.cmake.build:Building CMake package in '/home/cta/ros2_ws/src/robot_nav'
[0.321s] INFO:colcon.colcon_core.shell:Skip shell extension 'powershell' for command environment: Not usable outside of PowerShell
[0.321s] DEBUG:colcon.colcon_core.shell:Skip shell extension 'dsv' for command environment
[0.325s] INFO:colcon.colcon_ros.task.ament_cmake.build:Building ROS package in '/home/cta/ros2_ws/src/robot_sim' with build type 'ament_cmake'
[0.325s] INFO:colcon.colcon_cmake.task.cmake.build:Building CMake package in '/home/cta/ros2_ws/src/robot_sim'
[0.326s] INFO:colcon.colcon_core.shell:Skip shell extension 'powershell' for command environment: Not usable outside of PowerShell
[0.326s] DEBUG:colcon.colcon_core.shell:Skip shell extension 'dsv' for command environment
[0.335s] DEBUG:colcon.colcon_core.event_handler.log_command:Invoking command in '/home/cta/ros2_ws/build/robot_msgs': CMAKE_PREFIX_PATH=${CMAKE_PREFIX_PATH}:/opt/ros/humble /usr/bin/cmake /home/cta/ros2_ws/src/robot_msgs -DCMAKE_INSTALL_PREFIX=/home/cta/ros2_ws/install/robot_msgs
[0.338s] DEBUG:colcon.colcon_core.event_handler.log_command:Invoking command in '/home/cta/ros2_ws/build/robot_nav': CMAKE_PREFIX_PATH=${CMAKE_PREFIX_PATH}:/opt/ros/humble /usr/bin/cmake /home/cta/ros2_ws/src/robot_nav -DCMAKE_INSTALL_PREFIX=/home/cta/ros2_ws/install/robot_nav
[0.343s] DEBUG:colcon.colcon_core.event_handler.log_command:Invoking command in '/home/cta/ros2_ws/build/robot_sim': CMAKE_PREFIX_PATH=${CMAKE_PREFIX_PATH}:/opt/ros/humble /usr/bin/cmake /home/cta/ros2_ws/src/robot_sim -DCMAKE_INSTALL_PREFIX=/home/cta/ros2_ws/install/robot_sim
[2.010s] DEBUG:colcon.colcon_core.event_handler.log_command:Invoked command in '/home/cta/ros2_ws/build/robot_msgs' returned '0': CMAKE_PREFIX_PATH=${CMAKE_PREFIX_PATH}:/opt/ros/humble /usr/bin/cmake /home/cta/ros2_ws/src/robot_msgs -DCMAKE_INSTALL_PREFIX=/home/cta/ros2_ws/install/robot_msgs
[2.011s] DEBUG:colcon.colcon_core.event_handler.log_command:Invoking command in '/home/cta/ros2_ws/build/robot_msgs': CMAKE_PREFIX_PATH=${CMAKE_PREFIX_PATH}:/opt/ros/humble /usr/bin/cmake --build /home/cta/ros2_ws/build/robot_msgs -- -j20 -l20
[2.011s] DEBUG:colcon.colcon_core.event_handler.log_command:Invoked command in '/home/cta/ros2_ws/build/robot_sim' returned '0': CMAKE_PREFIX_PATH=${CMAKE_PREFIX_PATH}:/opt/ros/humble /usr/bin/cmake /home/cta/ros2_ws/src/robot_sim -DCMAKE_INSTALL_PREFIX=/home/cta/ros2_ws/install/robot_sim
[2.014s] DEBUG:colcon.colcon_core.event_handler.log_command:Invoking command in '/home/cta/ros2_ws/build/robot_sim': CMAKE_PREFIX_PATH=${CMAKE_PREFIX_PATH}:/opt/ros/humble /usr/bin/cmake --build /home/cta/ros2_ws/build/robot_sim -- -j20 -l20
[2.014s] DEBUG:colcon.colcon_core.event_handler.log_command:Invoked command in '/home/cta/ros2_ws/build/robot_nav' returned '0': CMAKE_PREFIX_PATH=${CMAKE_PREFIX_PATH}:/opt/ros/humble /usr/bin/cmake /home/cta/ros2_ws/src/robot_nav -DCMAKE_INSTALL_PREFIX=/home/cta/ros2_ws/install/robot_nav
[2.016s] DEBUG:colcon.colcon_core.event_handler.log_command:Invoking command in '/home/cta/ros2_ws/build/robot_nav': CMAKE_PREFIX_PATH=${CMAKE_PREFIX_PATH}:/opt/ros/humble /usr/bin/cmake --build /home/cta/ros2_ws/build/robot_nav -- -j20 -l20
[2.074s] DEBUG:colcon.colcon_core.event_handler.log_command:Invoked command in '/home/cta/ros2_ws/build/robot_msgs' returned '0': CMAKE_PREFIX_PATH=${CMAKE_PREFIX_PATH}:/opt/ros/humble /usr/bin/cmake --build /home/cta/ros2_ws/build/robot_msgs -- -j20 -l20
[2.081s] DEBUG:colcon.colcon_core.event_handler.log_command:Invoked command in '/home/cta/ros2_ws/build/robot_nav' returned '0': CMAKE_PREFIX_PATH=${CMAKE_PREFIX_PATH}:/opt/ros/humble /usr/bin/cmake --build /home/cta/ros2_ws/build/robot_nav -- -j20 -l20
[2.085s] DEBUG:colcon.colcon_core.event_handler.log_command:Invoked command in '/home/cta/ros2_ws/build/robot_sim' returned '0': CMAKE_PREFIX_PATH=${CMAKE_PREFIX_PATH}:/opt/ros/humble /usr/bin/cmake --build /home/cta/ros2_ws/build/robot_sim -- -j20 -l20
[2.134s] DEBUG:colcon.colcon_core.event_handler.log_command:Invoking command in '/home/cta/ros2_ws/build/robot_msgs': CMAKE_PREFIX_PATH=${CMAKE_PREFIX_PATH}:/opt/ros/humble /usr/bin/cmake --install /home/cta/ros2_ws/build/robot_msgs
[2.138s] DEBUG:colcon.colcon_core.event_handler.log_command:Invoking command in '/home/cta/ros2_ws/build/robot_sim': CMAKE_PREFIX_PATH=${CMAKE_PREFIX_PATH}:/opt/ros/humble /usr/bin/cmake --install /home/cta/ros2_ws/build/robot_sim
[2.141s] DEBUG:colcon.colcon_core.event_handler.log_command:Invoking command in '/home/cta/ros2_ws/build/robot_nav': CMAKE_PREFIX_PATH=${CMAKE_PREFIX_PATH}:/opt/ros/humble /usr/bin/cmake --install /home/cta/ros2_ws/build/robot_nav
[2.152s] Level 1:colcon.colcon_core.environment:create_environment_scripts_only(robot_msgs)
[2.152s] DEBUG:colcon.colcon_core.event_handler.log_command:Invoked command in '/home/cta/ros2_ws/build/robot_msgs' returned '0': CMAKE_PREFIX_PATH=${CMAKE_PREFIX_PATH}:/opt/ros/humble /usr/bin/cmake --install /home/cta/ros2_ws/build/robot_msgs
[2.159s] Level 1:colcon.colcon_core.environment:checking '/home/cta/ros2_ws/install/robot_msgs' for CMake module files
[2.159s] Level 1:colcon.colcon_core.environment:checking '/home/cta/ros2_ws/install/robot_msgs' for CMake config files
[2.160s] Level 1:colcon.colcon_core.shell:create_environment_hook('robot_msgs', 'cmake_prefix_path')
[2.160s] INFO:colcon.colcon_core.shell:Creating environment hook '/home/cta/ros2_ws/install/robot_msgs/share/robot_msgs/hook/cmake_prefix_path.ps1'
[2.161s] INFO:colcon.colcon_core.shell:Creating environment descriptor '/home/cta/ros2_ws/install/robot_msgs/share/robot_msgs/hook/cmake_prefix_path.dsv'
[2.162s] INFO:colcon.colcon_core.shell:Creating environment hook '/home/cta/ros2_ws/install/robot_msgs/share/robot_msgs/hook/cmake_prefix_path.sh'
[2.163s] Level 1:colcon.colcon_core.environment:checking '/home/cta/ros2_ws/install/robot_msgs/bin'
[2.163s] Level 1:colcon.colcon_core.environment:checking '/home/cta/ros2_ws/install/robot_msgs/lib/pkgconfig/robot_msgs.pc'
[2.164s] Level 1:colcon.colcon_core.environment:checking '/home/cta/ros2_ws/install/robot_msgs/lib/python3.10/site-packages'
[2.164s] Level 1:colcon.colcon_core.environment:checking '/home/cta/ros2_ws/install/robot_msgs/bin'
[2.164s] INFO:colcon.colcon_core.shell:Creating package script '/home/cta/ros2_ws/install/robot_msgs/share/robot_msgs/package.ps1'
[2.165s] INFO:colcon.colcon_core.shell:Creating package descriptor '/home/cta/ros2_ws/install/robot_msgs/share/robot_msgs/package.dsv'
[2.166s] INFO:colcon.colcon_core.shell:Creating package script '/home/cta/ros2_ws/install/robot_msgs/share/robot_msgs/package.sh'
[2.167s] INFO:colcon.colcon_core.shell:Creating package script '/home/cta/ros2_ws/install/robot_msgs/share/robot_msgs/package.bash'
[2.168s] INFO:colcon.colcon_core.shell:Creating package script '/home/cta/ros2_ws/install/robot_msgs/share/robot_msgs/package.zsh'
[2.169s] Level 1:colcon.colcon_core.environment:create_file_with_runtime_dependencies(/home/cta/ros2_ws/install/robot_msgs/share/colcon-core/packages/robot_msgs)
[2.172s] Level 1:colcon.colcon_core.environment:create_environment_scripts_only(robot_nav)
[2.173s] Level 1:colcon.colcon_core.environment:checking '/home/cta/ros2_ws/install/robot_nav' for CMake module files
[2.173s] DEBUG:colcon.colcon_core.event_handler.log_command:Invoked command in '/home/cta/ros2_ws/build/robot_nav' returned '0': CMAKE_PREFIX_PATH=${CMAKE_PREFIX_PATH}:/opt/ros/humble /usr/bin/cmake --install /home/cta/ros2_ws/build/robot_nav
[2.173s] Level 1:colcon.colcon_core.environment:checking '/home/cta/ros2_ws/install/robot_nav' for CMake config files
[2.174s] Level 1:colcon.colcon_core.shell:create_environment_hook('robot_nav', 'cmake_prefix_path')
[2.174s] INFO:colcon.colcon_core.shell:Creating environment hook '/home/cta/ros2_ws/install/robot_nav/share/robot_nav/hook/cmake_prefix_path.ps1'
[2.175s] INFO:colcon.colcon_core.shell:Creating environment descriptor '/home/cta/ros2_ws/install/robot_nav/share/robot_nav/hook/cmake_prefix_path.dsv'
[2.175s] INFO:colcon.colcon_core.shell:Creating environment hook '/home/cta/ros2_ws/install/robot_nav/share/robot_nav/hook/cmake_prefix_path.sh'
[2.176s] Level 1:colcon.colcon_core.environment:checking '/home/cta/ros2_ws/install/robot_nav/bin'
[2.176s] Level 1:colcon.colcon_core.environment:checking '/home/cta/ros2_ws/install/robot_nav/lib/pkgconfig/robot_nav.pc'
[2.176s] Level 1:colcon.colcon_core.environment:checking '/home/cta/ros2_ws/install/robot_nav/lib/python3.10/site-packages'
[2.176s] Level 1:colcon.colcon_core.environment:checking '/home/cta/ros2_ws/install/robot_nav/bin'
[2.177s] INFO:colcon.colcon_core.shell:Creating package script '/home/cta/ros2_ws/install/robot_nav/share/robot_nav/package.ps1'
[2.177s] INFO:colcon.colcon_core.shell:Creating package descriptor '/home/cta/ros2_ws/install/robot_nav/share/robot_nav/package.dsv'
[2.178s] INFO:colcon.colcon_core.shell:Creating package script '/home/cta/ros2_ws/install/robot_nav/share/robot_nav/package.sh'
[2.178s] INFO:colcon.colcon_core.shell:Creating package script '/home/cta/ros2_ws/install/robot_nav/share/robot_nav/package.bash'
[2.179s] INFO:colcon.colcon_core.shell:Creating package script '/home/cta/ros2_ws/install/robot_nav/share/robot_nav/package.zsh'
[2.179s] Level 1:colcon.colcon_core.environment:create_file_with_runtime_dependencies(/home/cta/ros2_ws/install/robot_nav/share/colcon-core/packages/robot_nav)
[2.180s] Level 1:colcon.colcon_core.environment:create_environment_scripts_only(robot_sim)
[2.181s] DEBUG:colcon.colcon_core.event_handler.log_command:Invoked command in '/home/cta/ros2_ws/build/robot_sim' returned '0': CMAKE_PREFIX_PATH=${CMAKE_PREFIX_PATH}:/opt/ros/humble /usr/bin/cmake --install /home/cta/ros2_ws/build/robot_sim
[2.181s] Level 1:colcon.colcon_core.environment:checking '/home/cta/ros2_ws/install/robot_sim' for CMake module files
[2.182s] Level 1:colcon.colcon_core.environment:checking '/home/cta/ros2_ws/install/robot_sim' for CMake config files
[2.182s] Level 1:colcon.colcon_core.shell:create_environment_hook('robot_sim', 'cmake_prefix_path')
[2.182s] INFO:colcon.colcon_core.shell:Creating environment hook '/home/cta/ros2_ws/install/robot_sim/share/robot_sim/hook/cmake_prefix_path.ps1'
[2.183s] INFO:colcon.colcon_core.shell:Creating environment descriptor '/home/cta/ros2_ws/install/robot_sim/share/robot_sim/hook/cmake_prefix_path.dsv'
[2.183s] INFO:colcon.colcon_core.shell:Creating environment hook '/home/cta/ros2_ws/install/robot_sim/share/robot_sim/hook/cmake_prefix_path.sh'
[2.184s] Level 1:colcon.colcon_core.environment:checking '/home/cta/ros2_ws/install/robot_sim/bin'
[2.184s] Level 1:colcon.colcon_core.environment:checking '/home/cta/ros2_ws/install/robot_sim/lib/pkgconfig/robot_sim.pc'
[2.184s] Level 1:colcon.colcon_core.environment:checking '/home/cta/ros2_ws/install/robot_sim/lib/python3.10/site-packages'
[2.185s] Level 1:colcon.colcon_core.environment:checking '/home/cta/ros2_ws/install/robot_sim/bin'
[2.185s] INFO:colcon.colcon_core.shell:Creating package script '/home/cta/ros2_ws/install/robot_sim/share/robot_sim/package.ps1'
[2.185s] INFO:colcon.colcon_core.shell:Creating package descriptor '/home/cta/ros2_ws/install/robot_sim/share/robot_sim/package.dsv'
[2.186s] INFO:colcon.colcon_core.shell:Creating package script '/home/cta/ros2_ws/install/robot_sim/share/robot_sim/package.sh'
[2.186s] INFO:colcon.colcon_core.shell:Creating package script '/home/cta/ros2_ws/install/robot_sim/share/robot_sim/package.bash'
[2.187s] INFO:colcon.colcon_core.shell:Creating package script '/home/cta/ros2_ws/install/robot_sim/share/robot_sim/package.zsh'
[2.187s] Level 1:colcon.colcon_core.environment:create_file_with_runtime_dependencies(/home/cta/ros2_ws/install/robot_sim/share/colcon-core/packages/robot_sim)
[2.208s] Level 1:colcon.colcon_core.environment:create_environment_scripts_only(robot_msgs)
[2.209s] Level 1:colcon.colcon_core.environment:checking '/home/cta/ros2_ws/install/robot_msgs' for CMake module files
[2.209s] Level 1:colcon.colcon_core.environment:checking '/home/cta/ros2_ws/install/robot_msgs' for CMake config files
[2.210s] Level 1:colcon.colcon_core.shell:create_environment_hook('robot_msgs', 'cmake_prefix_path')
[2.210s] INFO:colcon.colcon_core.shell:Creating environment hook '/home/cta/ros2_ws/install/robot_msgs/share/robot_msgs/hook/cmake_prefix_path.ps1'
[2.211s] INFO:colcon.colcon_core.shell:Creating environment descriptor '/home/cta/ros2_ws/install/robot_msgs/share/robot_msgs/hook/cmake_prefix_path.dsv'
[2.211s] INFO:colcon.colcon_core.shell:Creating environment hook '/home/cta/ros2_ws/install/robot_msgs/share/robot_msgs/hook/cmake_prefix_path.sh'
[2.212s] Level 1:colcon.colcon_core.environment:checking '/home/cta/ros2_ws/install/robot_msgs/bin'
[2.212s] Level 1:colcon.colcon_core.environment:checking '/home/cta/ros2_ws/install/robot_msgs/lib/pkgconfig/robot_msgs.pc'
[2.212s] Level 1:colcon.colcon_core.environment:checking '/home/cta/ros2_ws/install/robot_msgs/lib/python3.10/site-packages'
[2.213s] Level 1:colcon.colcon_core.environment:checking '/home/cta/ros2_ws/install/robot_msgs/bin'
[2.213s] INFO:colcon.colcon_core.shell:Creating package script '/home/cta/ros2_ws/install/robot_msgs/share/robot_msgs/package.ps1'
[2.214s] INFO:colcon.colcon_core.shell:Creating package descriptor '/home/cta/ros2_ws/install/robot_msgs/share/robot_msgs/package.dsv'
[2.214s] INFO:colcon.colcon_core.shell:Creating package script '/home/cta/ros2_ws/install/robot_msgs/share/robot_msgs/package.sh'
[2.215s] INFO:colcon.colcon_core.shell:Creating package script '/home/cta/ros2_ws/install/robot_msgs/share/robot_msgs/package.bash'
[2.216s] INFO:colcon.colcon_core.shell:Creating package script '/home/cta/ros2_ws/install/robot_msgs/share/robot_msgs/package.zsh'
[2.216s] Level 1:colcon.colcon_core.environment:create_file_with_runtime_dependencies(/home/cta/ros2_ws/install/robot_msgs/share/colcon-core/packages/robot_msgs)
[2.218s] Level 1:colcon.colcon_core.environment:create_environment_scripts_only(robot_nav)
[2.219s] Level 1:colcon.colcon_core.environment:checking '/home/cta/ros2_ws/install/robot_nav' for CMake module files
[2.219s] Level 1:colcon.colcon_core.environment:checking '/home/cta/ros2_ws/install/robot_nav' for CMake config files
[2.220s] Level 1:colcon.colcon_core.shell:create_environment_hook('robot_nav', 'cmake_prefix_path')
[2.221s] INFO:colcon.colcon_core.shell:Creating environment hook '/home/cta/ros2_ws/install/robot_nav/share/robot_nav/hook/cmake_prefix_path.ps1'
[2.221s] INFO:colcon.colcon_core.shell:Creating environment descriptor '/home/cta/ros2_ws/install/robot_nav/share/robot_nav/hook/cmake_prefix_path.dsv'
[2.222s] INFO:colcon.colcon_core.shell:Creating environment hook '/home/cta/ros2_ws/install/robot_nav/share/robot_nav/hook/cmake_prefix_path.sh'
[2.223s] Level 1:colcon.colcon_core.environment:checking '/home/cta/ros2_ws/install/robot_nav/bin'
[2.223s] Level 1:colcon.colcon_core.environment:checking '/home/cta/ros2_ws/install/robot_nav/lib/pkgconfig/robot_nav.pc'
[2.223s] Level 1:colcon.colcon_core.environment:checking '/home/cta/ros2_ws/install/robot_nav/lib/python3.10/site-packages'
[2.223s] Level 1:colcon.colcon_core.environment:checking '/home/cta/ros2_ws/install/robot_nav/bin'
[2.224s] INFO:colcon.colcon_core.shell:Creating package script '/home/cta/ros2_ws/install/robot_nav/share/robot_nav/package.ps1'
[2.225s] INFO:colcon.colcon_core.shell:Creating package descriptor '/home/cta/ros2_ws/install/robot_nav/share/robot_nav/package.dsv'
[2.225s] INFO:colcon.colcon_core.shell:Creating package script '/home/cta/ros2_ws/install/robot_nav/share/robot_nav/package.sh'
[2.226s] INFO:colcon.colcon_core.shell:Creating package script '/home/cta/ros2_ws/install/robot_nav/share/robot_nav/package.bash'
[2.226s] INFO:colcon.colcon_core.shell:Creating package script '/home/cta/ros2_ws/install/robot_nav/share/robot_nav/package.zsh'
[2.227s] Level 1:colcon.colcon_core.environment:create_file_with_runtime_dependencies(/home/cta/ros2_ws/install/robot_nav/share/colcon-core/packages/robot_nav)
[2.228s] Level 1:colcon.colcon_core.environment:create_environment_scripts_only(robot_sim)
[2.228s] Level 1:colcon.colcon_core.environment:checking '/home/cta/ros2_ws/install/robot_sim' for CMake module files
[2.229s] Level 1:colcon.colcon_core.environment:checking '/home/cta/ros2_ws/install/robot_sim' for CMake config files
[2.229s] Level 1:colcon.colcon_core.shell:create_environment_hook('robot_sim', 'cmake_prefix_path')
[2.230s] INFO:colcon.colcon_core.shell:Creating environment hook '/home/cta/ros2_ws/install/robot_sim/share/robot_sim/hook/cmake_prefix_path.ps1'
[2.230s] INFO:colcon.colcon_core.shell:Creating environment descriptor '/home/cta/ros2_ws/install/robot_sim/share/robot_sim/hook/cmake_prefix_path.dsv'
[2.231s] INFO:colcon.colcon_core.shell:Creating environment hook '/home/cta/ros2_ws/install/robot_sim/share/robot_sim/hook/cmake_prefix_path.sh'
[2.231s] Level 1:colcon.colcon_core.environment:checking '/home/cta/ros2_ws/install/robot_sim/bin'
[2.231s] Level 1:colcon.colcon_core.environment:checking '/home/cta/ros2_ws/install/robot_sim/lib/pkgconfig/robot_sim.pc'
[2.232s] Level 1:colcon.colcon_core.environment:checking '/home/cta/ros2_ws/install/robot_sim/lib/python3.10/site-packages'
[2.232s] Level 1:colcon.colcon_core.environment:checking '/home/cta/ros2_ws/install/robot_sim/bin'
[2.232s] INFO:colcon.colcon_core.shell:Creating package script '/home/cta/ros2_ws/install/robot_sim/share/robot_sim/package.ps1'
[2.233s] INFO:colcon.colcon_core.shell:Creating package descriptor '/home/cta/ros2_ws/install/robot_sim/share/robot_sim/package.dsv'
[2.234s] INFO:colcon.colcon_core.shell:Creating package script '/home/cta/ros2_ws/install/robot_sim/share/robot_sim/package.sh'
[2.234s] INFO:colcon.colcon_core.shell:Creating package script '/home/cta/ros2_ws/install/robot_sim/share/robot_sim/package.bash'
[2.235s] INFO:colcon.colcon_core.shell:Creating package script '/home/cta/ros2_ws/install/robot_sim/share/robot_sim/package.zsh'
[2.235s] Level 1:colcon.colcon_core.environment:create_file_with_runtime_dependencies(/home/cta/ros2_ws/install/robot_sim/share/colcon-core/packages/robot_sim)
[2.235s] DEBUG:colcon.colcon_parallel_executor.executor.parallel:closing loop
[2.236s] DEBUG:colcon.colcon_parallel_executor.executor.parallel:loop closed
[2.236s] DEBUG:colcon.colcon_parallel_executor.executor.parallel:run_until_complete finished with '0'
[2.236s] DEBUG:colcon.colcon_core.event_reactor:joining thread
[2.245s] INFO:colcon.colcon_core.plugin_system:Skipping extension 'colcon_notification.desktop_notification.terminal_notifier': Not used on non-Darwin systems
[2.245s] INFO:colcon.colcon_core.plugin_system:Skipping extension 'colcon_notification.desktop_notification.win32': Not used on non-Windows systems
[2.245s] INFO:colcon.colcon_notification.desktop_notification:Sending desktop notification using 'notify2'
[2.264s] DEBUG:colcon.colcon_core.event_reactor:joined thread
[2.264s] INFO:colcon.colcon_core.shell:Creating prefix script '/home/cta/ros2_ws/install/local_setup.ps1'
[2.266s] INFO:colcon.colcon_core.shell:Creating prefix util module '/home/cta/ros2_ws/install/_local_setup_util_ps1.py'
[2.268s] INFO:colcon.colcon_core.shell:Creating prefix chain script '/home/cta/ros2_ws/install/setup.ps1'
[2.270s] INFO:colcon.colcon_core.shell:Creating prefix script '/home/cta/ros2_ws/install/local_setup.sh'
[2.270s] INFO:colcon.colcon_core.shell:Creating prefix util module '/home/cta/ros2_ws/install/_local_setup_util_sh.py'
[2.271s] INFO:colcon.colcon_core.shell:Creating prefix chain script '/home/cta/ros2_ws/install/setup.sh'
[2.273s] INFO:colcon.colcon_core.shell:Creating prefix script '/home/cta/ros2_ws/install/local_setup.bash'
[2.274s] INFO:colcon.colcon_core.shell:Creating prefix chain script '/home/cta/ros2_ws/install/setup.bash'
[2.277s] INFO:colcon.colcon_core.shell:Creating prefix script '/home/cta/ros2_ws/install/local_setup.zsh'
[2.277s] INFO:colcon.colcon_core.shell:Creating prefix chain script '/home/cta/ros2_ws/install/setup.zsh'
