[0.045s] Invoking command in '/home/cta/ros2_ws/build/robot_nav': CMAKE_PREFIX_PATH=${CMAKE_PREFIX_PATH}:/opt/ros/humble /usr/bin/cmake --build /home/cta/ros2_ws/build/robot_nav -- -j20 -l20
[0.137s] Invoked command in '/home/cta/ros2_ws/build/robot_nav' returned '0': CMAKE_PREFIX_PATH=${CMAKE_PREFIX_PATH}:/opt/ros/humble /usr/bin/cmake --build /home/cta/ros2_ws/build/robot_nav -- -j20 -l20
[0.228s] Invoking command in '/home/cta/ros2_ws/build/robot_nav': CMAKE_PREFIX_PATH=${CMAKE_PREFIX_PATH}:/opt/ros/humble /usr/bin/cmake --install /home/cta/ros2_ws/build/robot_nav
[0.254s] -- Install configuration: ""
[0.255s] -- Up-to-date: /home/cta/ros2_ws/install/robot_nav/share/ament_index/resource_index/package_run_dependencies/robot_nav
[0.255s] -- Up-to-date: /home/cta/ros2_ws/install/robot_nav/share/ament_index/resource_index/parent_prefix_path/robot_nav
[0.255s] -- Up-to-date: /home/cta/ros2_ws/install/robot_nav/share/robot_nav/environment/ament_prefix_path.sh
[0.255s] -- Up-to-date: /home/cta/ros2_ws/install/robot_nav/share/robot_nav/environment/ament_prefix_path.dsv
[0.256s] -- Up-to-date: /home/cta/ros2_ws/install/robot_nav/share/robot_nav/environment/path.sh
[0.257s] -- Up-to-date: /home/cta/ros2_ws/install/robot_nav/share/robot_nav/environment/path.dsv
[0.257s] -- Up-to-date: /home/cta/ros2_ws/install/robot_nav/share/robot_nav/local_setup.bash
[0.257s] -- Up-to-date: /home/cta/ros2_ws/install/robot_nav/share/robot_nav/local_setup.sh
[0.257s] -- Up-to-date: /home/cta/ros2_ws/install/robot_nav/share/robot_nav/local_setup.zsh
[0.257s] -- Up-to-date: /home/cta/ros2_ws/install/robot_nav/share/robot_nav/local_setup.dsv
[0.257s] -- Installing: /home/cta/ros2_ws/install/robot_nav/share/robot_nav/package.dsv
[0.258s] -- Up-to-date: /home/cta/ros2_ws/install/robot_nav/share/ament_index/resource_index/packages/robot_nav
[0.258s] -- Up-to-date: /home/cta/ros2_ws/install/robot_nav/share/robot_nav/cmake/robot_navConfig.cmake
[0.258s] -- Up-to-date: /home/cta/ros2_ws/install/robot_nav/share/robot_nav/cmake/robot_navConfig-version.cmake
[0.258s] -- Up-to-date: /home/cta/ros2_ws/install/robot_nav/share/robot_nav/package.xml
[0.290s] Invoked command in '/home/cta/ros2_ws/build/robot_nav' returned '0': CMAKE_PREFIX_PATH=${CMAKE_PREFIX_PATH}:/opt/ros/humble /usr/bin/cmake --install /home/cta/ros2_ws/build/robot_nav
