-- Found ament_cmake: 1.3.10 (/opt/ros/humble/share/ament_cmake/cmake)
-- Configuring done
-- Generating done
-- Build files have been written to: /home/cta/ros2_ws/build/robot_sim
[ 50%] [32mBuilding CXX object CMakeFiles/lidar_node.dir/src/lidar_node.cpp.o[0m
[01m[K/home/cta/ros2_ws/src/robot_sim/src/lidar_node.cpp:[m[K In function ‘[01m[Kint main(int, char**)[m[K’:
[01m[K/home/cta/ros2_ws/src/robot_sim/src/lidar_node.cpp:56:14:[m[K [01;35m[Kwarning: [m[Kunused parameter ‘[01m[Kargc[m[K’ [[01;35m[K-Wunused-parameter[m[K]
   56 | int main([01;35m[Kint argc[m[K, char **argv)
      |          [01;35m[K~~~~^~~~[m[K
[01m[K/home/cta/ros2_ws/src/robot_sim/src/lidar_node.cpp:56:27:[m[K [01;35m[Kwarning: [m[Kunused parameter ‘[01m[Kargv[m[K’ [[01;35m[K-Wunused-parameter[m[K]
   56 | int main(int argc, [01;35m[Kchar **argv[m[K)
      |                    [01;35m[K~~~~~~~^~~~[m[K
[100%] [32m[1mLinking CXX executable lidar_node[0m
[100%] Built target lidar_node
-- Install configuration: ""
-- Up-to-date: /home/cta/ros2_ws/install/robot_sim/share/robot_sim//launch
-- Up-to-date: /home/cta/ros2_ws/install/robot_sim/share/robot_sim//launch/display.launch.py
-- Up-to-date: /home/cta/ros2_ws/install/robot_sim/share/robot_sim//launch/slam.launch.py
-- Up-to-date: /home/cta/ros2_ws/install/robot_sim/share/robot_sim//launch/gazebo.launch.py
-- Up-to-date: /home/cta/ros2_ws/install/robot_sim/share/robot_sim//urdf
-- Up-to-date: /home/cta/ros2_ws/install/robot_sim/share/robot_sim//urdf/robot.sdf
-- Up-to-date: /home/cta/ros2_ws/install/robot_sim/share/ament_index/resource_index/package_run_dependencies/robot_sim
-- Up-to-date: /home/cta/ros2_ws/install/robot_sim/share/ament_index/resource_index/parent_prefix_path/robot_sim
-- Up-to-date: /home/cta/ros2_ws/install/robot_sim/share/robot_sim/environment/ament_prefix_path.sh
-- Installing: /home/cta/ros2_ws/install/robot_sim/share/robot_sim/environment/ament_prefix_path.dsv
-- Up-to-date: /home/cta/ros2_ws/install/robot_sim/share/robot_sim/environment/path.sh
-- Installing: /home/cta/ros2_ws/install/robot_sim/share/robot_sim/environment/path.dsv
-- Up-to-date: /home/cta/ros2_ws/install/robot_sim/share/robot_sim/local_setup.bash
-- Up-to-date: /home/cta/ros2_ws/install/robot_sim/share/robot_sim/local_setup.sh
-- Up-to-date: /home/cta/ros2_ws/install/robot_sim/share/robot_sim/local_setup.zsh
-- Installing: /home/cta/ros2_ws/install/robot_sim/share/robot_sim/local_setup.dsv
-- Installing: /home/cta/ros2_ws/install/robot_sim/share/robot_sim/package.dsv
-- Up-to-date: /home/cta/ros2_ws/install/robot_sim/share/ament_index/resource_index/packages/robot_sim
-- Up-to-date: /home/cta/ros2_ws/install/robot_sim/share/robot_sim/cmake/robot_simConfig.cmake
-- Up-to-date: /home/cta/ros2_ws/install/robot_sim/share/robot_sim/cmake/robot_simConfig-version.cmake
-- Up-to-date: /home/cta/ros2_ws/install/robot_sim/share/robot_sim/package.xml
