[0.040s] Invoking command in '/home/cta/ros2_ws/build/robot_sim': CMAKE_PREFIX_PATH=${CMAKE_PREFIX_PATH}:/opt/ros/humble /usr/bin/cmake --build /home/cta/ros2_ws/build/robot_sim -- -j20 -l20
[0.094s] -- Found ament_cmake: 1.3.10 (/opt/ros/humble/share/ament_cmake/cmake)
[1.252s] -- Configuring done
[1.259s] -- Generating done
[1.261s] -- Build files have been written to: /home/cta/ros2_ws/build/robot_sim
[1.334s] [ 50%] [32mBuilding CXX object CMakeFiles/lidar_node.dir/src/lidar_node.cpp.o[0m
[4.693s] [01m[K/home/cta/ros2_ws/src/robot_sim/src/lidar_node.cpp:[m[K In function ‘[01m[Kint main(int, char**)[m[K’:
[4.693s] [01m[K/home/cta/ros2_ws/src/robot_sim/src/lidar_node.cpp:56:14:[m[K [01;35m[Kwarning: [m[Kunused parameter ‘[01m[Kargc[m[K’ [[01;35m[K-Wunused-parameter[m[K]
[4.693s]    56 | int main([01;35m[Kint argc[m[K, char **argv)
[4.693s]       |          [01;35m[K~~~~^~~~[m[K
[4.694s] [01m[K/home/cta/ros2_ws/src/robot_sim/src/lidar_node.cpp:56:27:[m[K [01;35m[Kwarning: [m[Kunused parameter ‘[01m[Kargv[m[K’ [[01;35m[K-Wunused-parameter[m[K]
[4.694s]    56 | int main(int argc, [01;35m[Kchar **argv[m[K)
[4.694s]       |                    [01;35m[K~~~~~~~^~~~[m[K
[4.718s] [100%] [32m[1mLinking CXX executable lidar_node[0m
[5.089s] [100%] Built target lidar_node
[5.114s] Invoked command in '/home/cta/ros2_ws/build/robot_sim' returned '0': CMAKE_PREFIX_PATH=${CMAKE_PREFIX_PATH}:/opt/ros/humble /usr/bin/cmake --build /home/cta/ros2_ws/build/robot_sim -- -j20 -l20
[5.180s] Invoking command in '/home/cta/ros2_ws/build/robot_sim': CMAKE_PREFIX_PATH=${CMAKE_PREFIX_PATH}:/opt/ros/humble /usr/bin/cmake --install /home/cta/ros2_ws/build/robot_sim
[5.197s] -- Install configuration: ""
[5.197s] -- Up-to-date: /home/cta/ros2_ws/install/robot_sim/share/robot_sim//launch
[5.197s] -- Up-to-date: /home/cta/ros2_ws/install/robot_sim/share/robot_sim//launch/display.launch.py
[5.197s] -- Up-to-date: /home/cta/ros2_ws/install/robot_sim/share/robot_sim//launch/slam.launch.py
[5.197s] -- Up-to-date: /home/cta/ros2_ws/install/robot_sim/share/robot_sim//launch/gazebo.launch.py
[5.197s] -- Up-to-date: /home/cta/ros2_ws/install/robot_sim/share/robot_sim//urdf
[5.197s] -- Up-to-date: /home/cta/ros2_ws/install/robot_sim/share/robot_sim//urdf/robot.sdf
[5.197s] -- Up-to-date: /home/cta/ros2_ws/install/robot_sim/share/ament_index/resource_index/package_run_dependencies/robot_sim
[5.198s] -- Up-to-date: /home/cta/ros2_ws/install/robot_sim/share/ament_index/resource_index/parent_prefix_path/robot_sim
[5.198s] -- Up-to-date: /home/cta/ros2_ws/install/robot_sim/share/robot_sim/environment/ament_prefix_path.sh
[5.198s] -- Installing: /home/cta/ros2_ws/install/robot_sim/share/robot_sim/environment/ament_prefix_path.dsv
[5.198s] -- Up-to-date: /home/cta/ros2_ws/install/robot_sim/share/robot_sim/environment/path.sh
[5.198s] -- Installing: /home/cta/ros2_ws/install/robot_sim/share/robot_sim/environment/path.dsv
[5.198s] -- Up-to-date: /home/cta/ros2_ws/install/robot_sim/share/robot_sim/local_setup.bash
[5.199s] -- Up-to-date: /home/cta/ros2_ws/install/robot_sim/share/robot_sim/local_setup.sh
[5.199s] -- Up-to-date: /home/cta/ros2_ws/install/robot_sim/share/robot_sim/local_setup.zsh
[5.199s] -- Installing: /home/cta/ros2_ws/install/robot_sim/share/robot_sim/local_setup.dsv
[5.199s] -- Installing: /home/cta/ros2_ws/install/robot_sim/share/robot_sim/package.dsv
[5.199s] -- Up-to-date: /home/cta/ros2_ws/install/robot_sim/share/ament_index/resource_index/packages/robot_sim
[5.199s] -- Up-to-date: /home/cta/ros2_ws/install/robot_sim/share/robot_sim/cmake/robot_simConfig.cmake
[5.199s] -- Up-to-date: /home/cta/ros2_ws/install/robot_sim/share/robot_sim/cmake/robot_simConfig-version.cmake
[5.199s] -- Up-to-date: /home/cta/ros2_ws/install/robot_sim/share/robot_sim/package.xml
[5.201s] Invoked command in '/home/cta/ros2_ws/build/robot_sim' returned '0': CMAKE_PREFIX_PATH=${CMAKE_PREFIX_PATH}:/opt/ros/humble /usr/bin/cmake --install /home/cta/ros2_ws/build/robot_sim
