[0.025s] Invoking command in '/home/cta/ros2_ws/build/robot_sim': CMAKE_PREFIX_PATH=${CMAKE_PREFIX_PATH}:/opt/ros/humble /usr/bin/cmake --build /home/cta/ros2_ws/build/robot_sim -- -j20 -l20
[0.064s] -- Found ament_cmake: 1.3.10 (/opt/ros/humble/share/ament_cmake/cmake)
[0.671s] -- Found Protobuf: /usr/lib/x86_64-linux-gnu/libprotobuf.so (found version "3.12.4") 
[1.177s] -- Configuring done
[1.180s] -- Generating done
[1.181s] -- Build files have been written to: /home/cta/ros2_ws/build/robot_sim
[1.217s] Invoked command in '/home/cta/ros2_ws/build/robot_sim' returned '0': CMAKE_PREFIX_PATH=${CMAKE_PREFIX_PATH}:/opt/ros/humble /usr/bin/cmake --build /home/cta/ros2_ws/build/robot_sim -- -j20 -l20
[1.255s] Invoking command in '/home/cta/ros2_ws/build/robot_sim': CMAKE_PREFIX_PATH=${CMAKE_PREFIX_PATH}:/opt/ros/humble /usr/bin/cmake --install /home/cta/ros2_ws/build/robot_sim
[1.266s] -- Install configuration: ""
[1.266s] -- Up-to-date: /home/cta/ros2_ws/install/robot_sim/share/robot_sim//launch
[1.266s] -- Up-to-date: /home/cta/ros2_ws/install/robot_sim/share/robot_sim//launch/display.launch.py
[1.266s] -- Up-to-date: /home/cta/ros2_ws/install/robot_sim/share/robot_sim//launch/slam.launch.py
[1.266s] -- Up-to-date: /home/cta/ros2_ws/install/robot_sim/share/robot_sim//launch/gazebo.launch.py
[1.266s] -- Up-to-date: /home/cta/ros2_ws/install/robot_sim/share/robot_sim//urdf
[1.266s] -- Up-to-date: /home/cta/ros2_ws/install/robot_sim/share/robot_sim//urdf/robot.sdf
[1.266s] -- Up-to-date: /home/cta/ros2_ws/install/robot_sim/share/ament_index/resource_index/package_run_dependencies/robot_sim
[1.267s] -- Up-to-date: /home/cta/ros2_ws/install/robot_sim/share/ament_index/resource_index/parent_prefix_path/robot_sim
[1.267s] -- Up-to-date: /home/cta/ros2_ws/install/robot_sim/share/robot_sim/environment/ament_prefix_path.sh
[1.267s] -- Installing: /home/cta/ros2_ws/install/robot_sim/share/robot_sim/environment/ament_prefix_path.dsv
[1.267s] -- Up-to-date: /home/cta/ros2_ws/install/robot_sim/share/robot_sim/environment/path.sh
[1.267s] -- Installing: /home/cta/ros2_ws/install/robot_sim/share/robot_sim/environment/path.dsv
[1.267s] -- Up-to-date: /home/cta/ros2_ws/install/robot_sim/share/robot_sim/local_setup.bash
[1.267s] -- Up-to-date: /home/cta/ros2_ws/install/robot_sim/share/robot_sim/local_setup.sh
[1.267s] -- Up-to-date: /home/cta/ros2_ws/install/robot_sim/share/robot_sim/local_setup.zsh
[1.267s] -- Installing: /home/cta/ros2_ws/install/robot_sim/share/robot_sim/local_setup.dsv
[1.267s] -- Installing: /home/cta/ros2_ws/install/robot_sim/share/robot_sim/package.dsv
[1.267s] -- Up-to-date: /home/cta/ros2_ws/install/robot_sim/share/ament_index/resource_index/packages/robot_sim
[1.267s] -- Up-to-date: /home/cta/ros2_ws/install/robot_sim/share/robot_sim/cmake/robot_simConfig.cmake
[1.267s] -- Up-to-date: /home/cta/ros2_ws/install/robot_sim/share/robot_sim/cmake/robot_simConfig-version.cmake
[1.267s] -- Up-to-date: /home/cta/ros2_ws/install/robot_sim/share/robot_sim/package.xml
[1.270s] Invoked command in '/home/cta/ros2_ws/build/robot_sim' returned '0': CMAKE_PREFIX_PATH=${CMAKE_PREFIX_PATH}:/opt/ros/humble /usr/bin/cmake --install /home/cta/ros2_ws/build/robot_sim
