[0.170s] DEBUG:colcon:Command line arguments: ['/home/cta/.local/bin/colcon', 'build']
[0.170s] DEBUG:colcon:Parsed command line arguments: Namespace(log_base=None, log_level=None, verb_name='build', build_base='build', install_base='install', merge_install=False, symlink_install=False, test_result_base=None, continue_on_error=False, executor='parallel', parallel_workers=20, event_handlers=None, ignore_user_meta=False, metas=['./colcon.meta'], base_paths=['.'], packages_ignore=None, packages_ignore_regex=None, paths=None, packages_up_to=None, packages_up_to_regex=None, packages_above=None, packages_above_and_dependencies=None, packages_above_depth=None, packages_select_by_dep=None, packages_skip_by_dep=None, packages_skip_up_to=None, packages_select_build_failed=False, packages_skip_build_finished=False, packages_select_test_failures=False, packages_skip_test_passed=False, packages_select=None, packages_skip=None, packages_select_regex=None, packages_skip_regex=None, packages_start=None, packages_end=None, allow_overriding=[], cmake_args=None, cmake_target=None, cmake_target_skip_unavailable=False, cmake_clean_cache=False, cmake_clean_first=False, cmake_force_configure=False, ament_cmake_args=None, catkin_cmake_args=None, catkin_skip_building_tests=False, verb_parser=<colcon_defaults.argument_parser.defaults.DefaultArgumentsDecorator object at 0x7e28b4c2c220>, verb_extension=<colcon_core.verb.build.BuildVerb object at 0x7e28b4d958d0>, main=<bound method BuildVerb.main of <colcon_core.verb.build.BuildVerb object at 0x7e28b4d958d0>>)
[0.223s] Level 1:colcon.colcon_core.package_discovery:discover_packages(colcon_meta) check parameters
[0.223s] Level 1:colcon.colcon_core.package_discovery:discover_packages(recursive) check parameters
[0.223s] Level 1:colcon.colcon_core.package_discovery:discover_packages(ignore) check parameters
[0.223s] Level 1:colcon.colcon_core.package_discovery:discover_packages(path) check parameters
[0.223s] Level 1:colcon.colcon_core.package_discovery:discover_packages(colcon_meta) discover
[0.223s] Level 1:colcon.colcon_core.package_discovery:discover_packages(recursive) discover
[0.223s] INFO:colcon.colcon_core.package_discovery:Crawling recursively for packages in '/home/cta/ros2_ws'
[0.223s] Level 1:colcon.colcon_core.package_identification:_identify(.) by extensions ['ignore', 'ignore_ament_install']
[0.223s] Level 1:colcon.colcon_core.package_identification:_identify(.) by extension 'ignore'
[0.223s] Level 1:colcon.colcon_core.package_identification:_identify(.) by extension 'ignore_ament_install'
[0.223s] Level 1:colcon.colcon_core.package_identification:_identify(.) by extensions ['colcon_pkg']
[0.223s] Level 1:colcon.colcon_core.package_identification:_identify(.) by extension 'colcon_pkg'
[0.224s] Level 1:colcon.colcon_core.package_identification:_identify(.) by extensions ['colcon_meta']
[0.224s] Level 1:colcon.colcon_core.package_identification:_identify(.) by extension 'colcon_meta'
[0.224s] Level 1:colcon.colcon_core.package_identification:_identify(.) by extensions ['ros']
[0.224s] Level 1:colcon.colcon_core.package_identification:_identify(.) by extension 'ros'
[0.242s] Level 1:colcon.colcon_core.package_identification:_identify(.) by extensions ['cmake', 'python']
[0.242s] Level 1:colcon.colcon_core.package_identification:_identify(.) by extension 'cmake'
[0.242s] Level 1:colcon.colcon_core.package_identification:_identify(.) by extension 'python'
[0.242s] Level 1:colcon.colcon_core.package_identification:_identify(.) by extensions ['python_setup_py']
[0.242s] Level 1:colcon.colcon_core.package_identification:_identify(.) by extension 'python_setup_py'
[0.242s] Level 1:colcon.colcon_core.package_identification:_identify(build) by extensions ['ignore', 'ignore_ament_install']
[0.243s] Level 1:colcon.colcon_core.package_identification:_identify(build) by extension 'ignore'
[0.243s] Level 1:colcon.colcon_core.package_identification:_identify(build) ignored
[0.243s] Level 1:colcon.colcon_core.package_identification:_identify(install) by extensions ['ignore', 'ignore_ament_install']
[0.243s] Level 1:colcon.colcon_core.package_identification:_identify(install) by extension 'ignore'
[0.243s] Level 1:colcon.colcon_core.package_identification:_identify(install) ignored
[0.243s] Level 1:colcon.colcon_core.package_identification:_identify(log) by extensions ['ignore', 'ignore_ament_install']
[0.243s] Level 1:colcon.colcon_core.package_identification:_identify(log) by extension 'ignore'
[0.243s] Level 1:colcon.colcon_core.package_identification:_identify(log) ignored
[0.243s] Level 1:colcon.colcon_core.package_identification:_identify(src) by extensions ['ignore', 'ignore_ament_install']
[0.243s] Level 1:colcon.colcon_core.package_identification:_identify(src) by extension 'ignore'
[0.243s] Level 1:colcon.colcon_core.package_identification:_identify(src) by extension 'ignore_ament_install'
[0.243s] Level 1:colcon.colcon_core.package_identification:_identify(src) by extensions ['colcon_pkg']
[0.243s] Level 1:colcon.colcon_core.package_identification:_identify(src) by extension 'colcon_pkg'
[0.243s] Level 1:colcon.colcon_core.package_identification:_identify(src) by extensions ['colcon_meta']
[0.243s] Level 1:colcon.colcon_core.package_identification:_identify(src) by extension 'colcon_meta'
[0.243s] Level 1:colcon.colcon_core.package_identification:_identify(src) by extensions ['ros']
[0.244s] Level 1:colcon.colcon_core.package_identification:_identify(src) by extension 'ros'
[0.244s] Level 1:colcon.colcon_core.package_identification:_identify(src) by extensions ['cmake', 'python']
[0.244s] Level 1:colcon.colcon_core.package_identification:_identify(src) by extension 'cmake'
[0.244s] Level 1:colcon.colcon_core.package_identification:_identify(src) by extension 'python'
[0.244s] Level 1:colcon.colcon_core.package_identification:_identify(src) by extensions ['python_setup_py']
[0.244s] Level 1:colcon.colcon_core.package_identification:_identify(src) by extension 'python_setup_py'
[0.244s] Level 1:colcon.colcon_core.package_identification:_identify(src/robot_msgs) by extensions ['ignore', 'ignore_ament_install']
[0.244s] Level 1:colcon.colcon_core.package_identification:_identify(src/robot_msgs) by extension 'ignore'
[0.244s] Level 1:colcon.colcon_core.package_identification:_identify(src/robot_msgs) by extension 'ignore_ament_install'
[0.244s] Level 1:colcon.colcon_core.package_identification:_identify(src/robot_msgs) by extensions ['colcon_pkg']
[0.244s] Level 1:colcon.colcon_core.package_identification:_identify(src/robot_msgs) by extension 'colcon_pkg'
[0.244s] Level 1:colcon.colcon_core.package_identification:_identify(src/robot_msgs) by extensions ['colcon_meta']
[0.244s] Level 1:colcon.colcon_core.package_identification:_identify(src/robot_msgs) by extension 'colcon_meta'
[0.244s] Level 1:colcon.colcon_core.package_identification:_identify(src/robot_msgs) by extensions ['ros']
[0.244s] Level 1:colcon.colcon_core.package_identification:_identify(src/robot_msgs) by extension 'ros'
[0.247s] DEBUG:colcon.colcon_core.package_identification:Package 'src/robot_msgs' with type 'ros.ament_cmake' and name 'robot_msgs'
[0.247s] Level 1:colcon.colcon_core.package_identification:_identify(src/robot_nav) by extensions ['ignore', 'ignore_ament_install']
[0.247s] Level 1:colcon.colcon_core.package_identification:_identify(src/robot_nav) by extension 'ignore'
[0.247s] Level 1:colcon.colcon_core.package_identification:_identify(src/robot_nav) by extension 'ignore_ament_install'
[0.247s] Level 1:colcon.colcon_core.package_identification:_identify(src/robot_nav) by extensions ['colcon_pkg']
[0.247s] Level 1:colcon.colcon_core.package_identification:_identify(src/robot_nav) by extension 'colcon_pkg'
[0.247s] Level 1:colcon.colcon_core.package_identification:_identify(src/robot_nav) by extensions ['colcon_meta']
[0.247s] Level 1:colcon.colcon_core.package_identification:_identify(src/robot_nav) by extension 'colcon_meta'
[0.247s] Level 1:colcon.colcon_core.package_identification:_identify(src/robot_nav) by extensions ['ros']
[0.247s] Level 1:colcon.colcon_core.package_identification:_identify(src/robot_nav) by extension 'ros'
[0.248s] DEBUG:colcon.colcon_core.package_identification:Package 'src/robot_nav' with type 'ros.ament_cmake' and name 'robot_nav'
[0.248s] Level 1:colcon.colcon_core.package_identification:_identify(src/robot_sim) by extensions ['ignore', 'ignore_ament_install']
[0.248s] Level 1:colcon.colcon_core.package_identification:_identify(src/robot_sim) by extension 'ignore'
[0.248s] Level 1:colcon.colcon_core.package_identification:_identify(src/robot_sim) by extension 'ignore_ament_install'
[0.248s] Level 1:colcon.colcon_core.package_identification:_identify(src/robot_sim) by extensions ['colcon_pkg']
[0.248s] Level 1:colcon.colcon_core.package_identification:_identify(src/robot_sim) by extension 'colcon_pkg'
[0.248s] Level 1:colcon.colcon_core.package_identification:_identify(src/robot_sim) by extensions ['colcon_meta']
[0.248s] Level 1:colcon.colcon_core.package_identification:_identify(src/robot_sim) by extension 'colcon_meta'
[0.248s] Level 1:colcon.colcon_core.package_identification:_identify(src/robot_sim) by extensions ['ros']
[0.248s] Level 1:colcon.colcon_core.package_identification:_identify(src/robot_sim) by extension 'ros'
[0.249s] DEBUG:colcon.colcon_core.package_identification:Package 'src/robot_sim' with type 'ros.ament_cmake' and name 'robot_sim'
[0.249s] Level 1:colcon.colcon_core.package_discovery:discover_packages(recursive) using defaults
[0.249s] Level 1:colcon.colcon_core.package_discovery:discover_packages(ignore) discover
[0.249s] Level 1:colcon.colcon_core.package_discovery:discover_packages(ignore) using defaults
[0.249s] Level 1:colcon.colcon_core.package_discovery:discover_packages(path) discover
[0.249s] Level 1:colcon.colcon_core.package_discovery:discover_packages(path) using defaults
[0.272s] Level 1:colcon.colcon_core.package_discovery:discover_packages(prefix_path) check parameters
[0.272s] Level 1:colcon.colcon_core.package_discovery:discover_packages(prefix_path) discover
[0.276s] DEBUG:colcon.colcon_installed_package_information.package_discovery:Found 16 installed packages in /home/cta/CTA/24CTA006_Drone/install
[0.277s] DEBUG:colcon.colcon_installed_package_information.package_discovery:Found 362 installed packages in /opt/ros/humble
[0.279s] Level 1:colcon.colcon_core.package_discovery:discover_packages(prefix_path) using defaults
[0.325s] Level 5:colcon.colcon_core.verb:set package 'robot_msgs' build argument 'cmake_args' from command line to 'None'
[0.325s] Level 5:colcon.colcon_core.verb:set package 'robot_msgs' build argument 'cmake_target' from command line to 'None'
[0.325s] Level 5:colcon.colcon_core.verb:set package 'robot_msgs' build argument 'cmake_target_skip_unavailable' from command line to 'False'
[0.325s] Level 5:colcon.colcon_core.verb:set package 'robot_msgs' build argument 'cmake_clean_cache' from command line to 'False'
[0.325s] Level 5:colcon.colcon_core.verb:set package 'robot_msgs' build argument 'cmake_clean_first' from command line to 'False'
[0.325s] Level 5:colcon.colcon_core.verb:set package 'robot_msgs' build argument 'cmake_force_configure' from command line to 'False'
[0.325s] Level 5:colcon.colcon_core.verb:set package 'robot_msgs' build argument 'ament_cmake_args' from command line to 'None'
[0.325s] Level 5:colcon.colcon_core.verb:set package 'robot_msgs' build argument 'catkin_cmake_args' from command line to 'None'
[0.325s] Level 5:colcon.colcon_core.verb:set package 'robot_msgs' build argument 'catkin_skip_building_tests' from command line to 'False'
[0.325s] DEBUG:colcon.colcon_core.verb:Building package 'robot_msgs' with the following arguments: {'ament_cmake_args': None, 'build_base': '/home/cta/ros2_ws/build/robot_msgs', 'catkin_cmake_args': None, 'catkin_skip_building_tests': False, 'cmake_args': None, 'cmake_clean_cache': False, 'cmake_clean_first': False, 'cmake_force_configure': False, 'cmake_target': None, 'cmake_target_skip_unavailable': False, 'install_base': '/home/cta/ros2_ws/install/robot_msgs', 'merge_install': False, 'path': '/home/cta/ros2_ws/src/robot_msgs', 'symlink_install': False, 'test_result_base': None}
[0.325s] Level 5:colcon.colcon_core.verb:set package 'robot_nav' build argument 'cmake_args' from command line to 'None'
[0.326s] Level 5:colcon.colcon_core.verb:set package 'robot_nav' build argument 'cmake_target' from command line to 'None'
[0.326s] Level 5:colcon.colcon_core.verb:set package 'robot_nav' build argument 'cmake_target_skip_unavailable' from command line to 'False'
[0.326s] Level 5:colcon.colcon_core.verb:set package 'robot_nav' build argument 'cmake_clean_cache' from command line to 'False'
[0.326s] Level 5:colcon.colcon_core.verb:set package 'robot_nav' build argument 'cmake_clean_first' from command line to 'False'
[0.326s] Level 5:colcon.colcon_core.verb:set package 'robot_nav' build argument 'cmake_force_configure' from command line to 'False'
[0.326s] Level 5:colcon.colcon_core.verb:set package 'robot_nav' build argument 'ament_cmake_args' from command line to 'None'
[0.326s] Level 5:colcon.colcon_core.verb:set package 'robot_nav' build argument 'catkin_cmake_args' from command line to 'None'
[0.326s] Level 5:colcon.colcon_core.verb:set package 'robot_nav' build argument 'catkin_skip_building_tests' from command line to 'False'
[0.326s] DEBUG:colcon.colcon_core.verb:Building package 'robot_nav' with the following arguments: {'ament_cmake_args': None, 'build_base': '/home/cta/ros2_ws/build/robot_nav', 'catkin_cmake_args': None, 'catkin_skip_building_tests': False, 'cmake_args': None, 'cmake_clean_cache': False, 'cmake_clean_first': False, 'cmake_force_configure': False, 'cmake_target': None, 'cmake_target_skip_unavailable': False, 'install_base': '/home/cta/ros2_ws/install/robot_nav', 'merge_install': False, 'path': '/home/cta/ros2_ws/src/robot_nav', 'symlink_install': False, 'test_result_base': None}
[0.326s] Level 5:colcon.colcon_core.verb:set package 'robot_sim' build argument 'cmake_args' from command line to 'None'
[0.326s] Level 5:colcon.colcon_core.verb:set package 'robot_sim' build argument 'cmake_target' from command line to 'None'
[0.326s] Level 5:colcon.colcon_core.verb:set package 'robot_sim' build argument 'cmake_target_skip_unavailable' from command line to 'False'
[0.326s] Level 5:colcon.colcon_core.verb:set package 'robot_sim' build argument 'cmake_clean_cache' from command line to 'False'
[0.326s] Level 5:colcon.colcon_core.verb:set package 'robot_sim' build argument 'cmake_clean_first' from command line to 'False'
[0.326s] Level 5:colcon.colcon_core.verb:set package 'robot_sim' build argument 'cmake_force_configure' from command line to 'False'
[0.326s] Level 5:colcon.colcon_core.verb:set package 'robot_sim' build argument 'ament_cmake_args' from command line to 'None'
[0.326s] Level 5:colcon.colcon_core.verb:set package 'robot_sim' build argument 'catkin_cmake_args' from command line to 'None'
[0.326s] Level 5:colcon.colcon_core.verb:set package 'robot_sim' build argument 'catkin_skip_building_tests' from command line to 'False'
[0.326s] DEBUG:colcon.colcon_core.verb:Building package 'robot_sim' with the following arguments: {'ament_cmake_args': None, 'build_base': '/home/cta/ros2_ws/build/robot_sim', 'catkin_cmake_args': None, 'catkin_skip_building_tests': False, 'cmake_args': None, 'cmake_clean_cache': False, 'cmake_clean_first': False, 'cmake_force_configure': False, 'cmake_target': None, 'cmake_target_skip_unavailable': False, 'install_base': '/home/cta/ros2_ws/install/robot_sim', 'merge_install': False, 'path': '/home/cta/ros2_ws/src/robot_sim', 'symlink_install': False, 'test_result_base': None}
[0.326s] INFO:colcon.colcon_core.executor:Executing jobs using 'parallel' executor
[0.328s] DEBUG:colcon.colcon_parallel_executor.executor.parallel:run_until_complete
[0.328s] INFO:colcon.colcon_ros.task.ament_cmake.build:Building ROS package in '/home/cta/ros2_ws/src/robot_msgs' with build type 'ament_cmake'
[0.328s] INFO:colcon.colcon_cmake.task.cmake.build:Building CMake package in '/home/cta/ros2_ws/src/robot_msgs'
[0.330s] INFO:colcon.colcon_core.plugin_system:Skipping extension 'colcon_core.shell.bat': Not used on non-Windows systems
[0.331s] INFO:colcon.colcon_core.shell:Skip shell extension 'powershell' for command environment: Not usable outside of PowerShell
[0.331s] DEBUG:colcon.colcon_core.shell:Skip shell extension 'dsv' for command environment
[0.335s] INFO:colcon.colcon_ros.task.ament_cmake.build:Building ROS package in '/home/cta/ros2_ws/src/robot_nav' with build type 'ament_cmake'
[0.335s] INFO:colcon.colcon_cmake.task.cmake.build:Building CMake package in '/home/cta/ros2_ws/src/robot_nav'
[0.336s] INFO:colcon.colcon_core.shell:Skip shell extension 'powershell' for command environment: Not usable outside of PowerShell
[0.336s] DEBUG:colcon.colcon_core.shell:Skip shell extension 'dsv' for command environment
[0.340s] INFO:colcon.colcon_ros.task.ament_cmake.build:Building ROS package in '/home/cta/ros2_ws/src/robot_sim' with build type 'ament_cmake'
[0.340s] INFO:colcon.colcon_cmake.task.cmake.build:Building CMake package in '/home/cta/ros2_ws/src/robot_sim'
[0.340s] INFO:colcon.colcon_core.shell:Skip shell extension 'powershell' for command environment: Not usable outside of PowerShell
[0.340s] DEBUG:colcon.colcon_core.shell:Skip shell extension 'dsv' for command environment
[0.353s] DEBUG:colcon.colcon_core.event_handler.log_command:Invoking command in '/home/cta/ros2_ws/build/robot_msgs': CMAKE_PREFIX_PATH=${CMAKE_PREFIX_PATH}:/opt/ros/humble /usr/bin/cmake --build /home/cta/ros2_ws/build/robot_msgs -- -j20 -l20
[0.360s] DEBUG:colcon.colcon_core.event_handler.log_command:Invoking command in '/home/cta/ros2_ws/build/robot_nav': CMAKE_PREFIX_PATH=${CMAKE_PREFIX_PATH}:/opt/ros/humble /usr/bin/cmake --build /home/cta/ros2_ws/build/robot_nav -- -j20 -l20
[0.366s] DEBUG:colcon.colcon_core.event_handler.log_command:Invoking command in '/home/cta/ros2_ws/build/robot_sim': CMAKE_PREFIX_PATH=${CMAKE_PREFIX_PATH}:/opt/ros/humble /usr/bin/cmake --build /home/cta/ros2_ws/build/robot_sim -- -j20 -l20
[0.421s] DEBUG:colcon.colcon_core.event_handler.log_command:Invoked command in '/home/cta/ros2_ws/build/robot_msgs' returned '0': CMAKE_PREFIX_PATH=${CMAKE_PREFIX_PATH}:/opt/ros/humble /usr/bin/cmake --build /home/cta/ros2_ws/build/robot_msgs -- -j20 -l20
[0.424s] DEBUG:colcon.colcon_core.event_handler.log_command:Invoked command in '/home/cta/ros2_ws/build/robot_nav' returned '0': CMAKE_PREFIX_PATH=${CMAKE_PREFIX_PATH}:/opt/ros/humble /usr/bin/cmake --build /home/cta/ros2_ws/build/robot_nav -- -j20 -l20
[0.429s] DEBUG:colcon.colcon_core.event_handler.log_command:Invoked command in '/home/cta/ros2_ws/build/robot_sim' returned '0': CMAKE_PREFIX_PATH=${CMAKE_PREFIX_PATH}:/opt/ros/humble /usr/bin/cmake --build /home/cta/ros2_ws/build/robot_sim -- -j20 -l20
[0.483s] DEBUG:colcon.colcon_core.event_handler.log_command:Invoking command in '/home/cta/ros2_ws/build/robot_msgs': CMAKE_PREFIX_PATH=${CMAKE_PREFIX_PATH}:/opt/ros/humble /usr/bin/cmake --install /home/cta/ros2_ws/build/robot_msgs
[0.487s] DEBUG:colcon.colcon_core.event_handler.log_command:Invoking command in '/home/cta/ros2_ws/build/robot_nav': CMAKE_PREFIX_PATH=${CMAKE_PREFIX_PATH}:/opt/ros/humble /usr/bin/cmake --install /home/cta/ros2_ws/build/robot_nav
[0.488s] DEBUG:colcon.colcon_core.event_handler.log_command:Invoking command in '/home/cta/ros2_ws/build/robot_sim': CMAKE_PREFIX_PATH=${CMAKE_PREFIX_PATH}:/opt/ros/humble /usr/bin/cmake --install /home/cta/ros2_ws/build/robot_sim
[0.501s] Level 1:colcon.colcon_core.environment:create_environment_scripts_only(robot_msgs)
[0.501s] DEBUG:colcon.colcon_core.event_handler.log_command:Invoked command in '/home/cta/ros2_ws/build/robot_msgs' returned '0': CMAKE_PREFIX_PATH=${CMAKE_PREFIX_PATH}:/opt/ros/humble /usr/bin/cmake --install /home/cta/ros2_ws/build/robot_msgs
[0.508s] Level 1:colcon.colcon_core.environment:checking '/home/cta/ros2_ws/install/robot_msgs' for CMake module files
[0.508s] Level 1:colcon.colcon_core.environment:checking '/home/cta/ros2_ws/install/robot_msgs' for CMake config files
[0.509s] Level 1:colcon.colcon_core.shell:create_environment_hook('robot_msgs', 'cmake_prefix_path')
[0.509s] INFO:colcon.colcon_core.shell:Creating environment hook '/home/cta/ros2_ws/install/robot_msgs/share/robot_msgs/hook/cmake_prefix_path.ps1'
[0.510s] INFO:colcon.colcon_core.shell:Creating environment descriptor '/home/cta/ros2_ws/install/robot_msgs/share/robot_msgs/hook/cmake_prefix_path.dsv'
[0.511s] INFO:colcon.colcon_core.shell:Creating environment hook '/home/cta/ros2_ws/install/robot_msgs/share/robot_msgs/hook/cmake_prefix_path.sh'
[0.512s] Level 1:colcon.colcon_core.environment:checking '/home/cta/ros2_ws/install/robot_msgs/bin'
[0.512s] Level 1:colcon.colcon_core.environment:checking '/home/cta/ros2_ws/install/robot_msgs/lib/pkgconfig/robot_msgs.pc'
[0.513s] Level 1:colcon.colcon_core.environment:checking '/home/cta/ros2_ws/install/robot_msgs/lib/python3.10/site-packages'
[0.513s] Level 1:colcon.colcon_core.environment:checking '/home/cta/ros2_ws/install/robot_msgs/bin'
[0.513s] INFO:colcon.colcon_core.shell:Creating package script '/home/cta/ros2_ws/install/robot_msgs/share/robot_msgs/package.ps1'
[0.514s] INFO:colcon.colcon_core.shell:Creating package descriptor '/home/cta/ros2_ws/install/robot_msgs/share/robot_msgs/package.dsv'
[0.515s] INFO:colcon.colcon_core.shell:Creating package script '/home/cta/ros2_ws/install/robot_msgs/share/robot_msgs/package.sh'
[0.516s] INFO:colcon.colcon_core.shell:Creating package script '/home/cta/ros2_ws/install/robot_msgs/share/robot_msgs/package.bash'
[0.517s] INFO:colcon.colcon_core.shell:Creating package script '/home/cta/ros2_ws/install/robot_msgs/share/robot_msgs/package.zsh'
[0.518s] Level 1:colcon.colcon_core.environment:create_file_with_runtime_dependencies(/home/cta/ros2_ws/install/robot_msgs/share/colcon-core/packages/robot_msgs)
[0.520s] Level 1:colcon.colcon_core.environment:create_environment_scripts_only(robot_sim)
[0.521s] Level 1:colcon.colcon_core.environment:checking '/home/cta/ros2_ws/install/robot_sim' for CMake module files
[0.522s] DEBUG:colcon.colcon_core.event_handler.log_command:Invoked command in '/home/cta/ros2_ws/build/robot_sim' returned '0': CMAKE_PREFIX_PATH=${CMAKE_PREFIX_PATH}:/opt/ros/humble /usr/bin/cmake --install /home/cta/ros2_ws/build/robot_sim
[0.522s] Level 1:colcon.colcon_core.environment:checking '/home/cta/ros2_ws/install/robot_sim' for CMake config files
[0.522s] Level 1:colcon.colcon_core.shell:create_environment_hook('robot_sim', 'cmake_prefix_path')
[0.523s] INFO:colcon.colcon_core.shell:Creating environment hook '/home/cta/ros2_ws/install/robot_sim/share/robot_sim/hook/cmake_prefix_path.ps1'
[0.523s] INFO:colcon.colcon_core.shell:Creating environment descriptor '/home/cta/ros2_ws/install/robot_sim/share/robot_sim/hook/cmake_prefix_path.dsv'
[0.524s] INFO:colcon.colcon_core.shell:Creating environment hook '/home/cta/ros2_ws/install/robot_sim/share/robot_sim/hook/cmake_prefix_path.sh'
[0.524s] Level 1:colcon.colcon_core.environment:checking '/home/cta/ros2_ws/install/robot_sim/bin'
[0.524s] Level 1:colcon.colcon_core.environment:checking '/home/cta/ros2_ws/install/robot_sim/lib/pkgconfig/robot_sim.pc'
[0.525s] Level 1:colcon.colcon_core.environment:checking '/home/cta/ros2_ws/install/robot_sim/lib/python3.10/site-packages'
[0.525s] Level 1:colcon.colcon_core.environment:checking '/home/cta/ros2_ws/install/robot_sim/bin'
[0.525s] INFO:colcon.colcon_core.shell:Creating package script '/home/cta/ros2_ws/install/robot_sim/share/robot_sim/package.ps1'
[0.526s] INFO:colcon.colcon_core.shell:Creating package descriptor '/home/cta/ros2_ws/install/robot_sim/share/robot_sim/package.dsv'
[0.526s] INFO:colcon.colcon_core.shell:Creating package script '/home/cta/ros2_ws/install/robot_sim/share/robot_sim/package.sh'
[0.527s] INFO:colcon.colcon_core.shell:Creating package script '/home/cta/ros2_ws/install/robot_sim/share/robot_sim/package.bash'
[0.527s] INFO:colcon.colcon_core.shell:Creating package script '/home/cta/ros2_ws/install/robot_sim/share/robot_sim/package.zsh'
[0.528s] Level 1:colcon.colcon_core.environment:create_file_with_runtime_dependencies(/home/cta/ros2_ws/install/robot_sim/share/colcon-core/packages/robot_sim)
[0.529s] Level 1:colcon.colcon_core.environment:create_environment_scripts_only(robot_nav)
[0.530s] Level 1:colcon.colcon_core.environment:checking '/home/cta/ros2_ws/install/robot_nav' for CMake module files
[0.530s] DEBUG:colcon.colcon_core.event_handler.log_command:Invoked command in '/home/cta/ros2_ws/build/robot_nav' returned '0': CMAKE_PREFIX_PATH=${CMAKE_PREFIX_PATH}:/opt/ros/humble /usr/bin/cmake --install /home/cta/ros2_ws/build/robot_nav
[0.531s] Level 1:colcon.colcon_core.environment:checking '/home/cta/ros2_ws/install/robot_nav' for CMake config files
[0.531s] Level 1:colcon.colcon_core.shell:create_environment_hook('robot_nav', 'cmake_prefix_path')
[0.531s] INFO:colcon.colcon_core.shell:Creating environment hook '/home/cta/ros2_ws/install/robot_nav/share/robot_nav/hook/cmake_prefix_path.ps1'
[0.532s] INFO:colcon.colcon_core.shell:Creating environment descriptor '/home/cta/ros2_ws/install/robot_nav/share/robot_nav/hook/cmake_prefix_path.dsv'
[0.532s] INFO:colcon.colcon_core.shell:Creating environment hook '/home/cta/ros2_ws/install/robot_nav/share/robot_nav/hook/cmake_prefix_path.sh'
[0.533s] Level 1:colcon.colcon_core.environment:checking '/home/cta/ros2_ws/install/robot_nav/bin'
[0.533s] Level 1:colcon.colcon_core.environment:checking '/home/cta/ros2_ws/install/robot_nav/lib/pkgconfig/robot_nav.pc'
[0.533s] Level 1:colcon.colcon_core.environment:checking '/home/cta/ros2_ws/install/robot_nav/lib/python3.10/site-packages'
[0.533s] Level 1:colcon.colcon_core.environment:checking '/home/cta/ros2_ws/install/robot_nav/bin'
[0.534s] INFO:colcon.colcon_core.shell:Creating package script '/home/cta/ros2_ws/install/robot_nav/share/robot_nav/package.ps1'
[0.534s] INFO:colcon.colcon_core.shell:Creating package descriptor '/home/cta/ros2_ws/install/robot_nav/share/robot_nav/package.dsv'
[0.535s] INFO:colcon.colcon_core.shell:Creating package script '/home/cta/ros2_ws/install/robot_nav/share/robot_nav/package.sh'
[0.535s] INFO:colcon.colcon_core.shell:Creating package script '/home/cta/ros2_ws/install/robot_nav/share/robot_nav/package.bash'
[0.536s] INFO:colcon.colcon_core.shell:Creating package script '/home/cta/ros2_ws/install/robot_nav/share/robot_nav/package.zsh'
[0.536s] Level 1:colcon.colcon_core.environment:create_file_with_runtime_dependencies(/home/cta/ros2_ws/install/robot_nav/share/colcon-core/packages/robot_nav)
[0.555s] Level 1:colcon.colcon_core.environment:create_environment_scripts_only(robot_msgs)
[0.556s] Level 1:colcon.colcon_core.environment:checking '/home/cta/ros2_ws/install/robot_msgs' for CMake module files
[0.557s] Level 1:colcon.colcon_core.environment:checking '/home/cta/ros2_ws/install/robot_msgs' for CMake config files
[0.557s] Level 1:colcon.colcon_core.shell:create_environment_hook('robot_msgs', 'cmake_prefix_path')
[0.557s] INFO:colcon.colcon_core.shell:Creating environment hook '/home/cta/ros2_ws/install/robot_msgs/share/robot_msgs/hook/cmake_prefix_path.ps1'
[0.558s] INFO:colcon.colcon_core.shell:Creating environment descriptor '/home/cta/ros2_ws/install/robot_msgs/share/robot_msgs/hook/cmake_prefix_path.dsv'
[0.559s] INFO:colcon.colcon_core.shell:Creating environment hook '/home/cta/ros2_ws/install/robot_msgs/share/robot_msgs/hook/cmake_prefix_path.sh'
[0.559s] Level 1:colcon.colcon_core.environment:checking '/home/cta/ros2_ws/install/robot_msgs/bin'
[0.560s] Level 1:colcon.colcon_core.environment:checking '/home/cta/ros2_ws/install/robot_msgs/lib/pkgconfig/robot_msgs.pc'
[0.560s] Level 1:colcon.colcon_core.environment:checking '/home/cta/ros2_ws/install/robot_msgs/lib/python3.10/site-packages'
[0.560s] Level 1:colcon.colcon_core.environment:checking '/home/cta/ros2_ws/install/robot_msgs/bin'
[0.561s] INFO:colcon.colcon_core.shell:Creating package script '/home/cta/ros2_ws/install/robot_msgs/share/robot_msgs/package.ps1'
[0.561s] INFO:colcon.colcon_core.shell:Creating package descriptor '/home/cta/ros2_ws/install/robot_msgs/share/robot_msgs/package.dsv'
[0.562s] INFO:colcon.colcon_core.shell:Creating package script '/home/cta/ros2_ws/install/robot_msgs/share/robot_msgs/package.sh'
[0.563s] INFO:colcon.colcon_core.shell:Creating package script '/home/cta/ros2_ws/install/robot_msgs/share/robot_msgs/package.bash'
[0.563s] INFO:colcon.colcon_core.shell:Creating package script '/home/cta/ros2_ws/install/robot_msgs/share/robot_msgs/package.zsh'
[0.564s] Level 1:colcon.colcon_core.environment:create_file_with_runtime_dependencies(/home/cta/ros2_ws/install/robot_msgs/share/colcon-core/packages/robot_msgs)
[0.565s] Level 1:colcon.colcon_core.environment:create_environment_scripts_only(robot_sim)
[0.566s] Level 1:colcon.colcon_core.environment:checking '/home/cta/ros2_ws/install/robot_sim' for CMake module files
[0.567s] Level 1:colcon.colcon_core.environment:checking '/home/cta/ros2_ws/install/robot_sim' for CMake config files
[0.568s] Level 1:colcon.colcon_core.shell:create_environment_hook('robot_sim', 'cmake_prefix_path')
[0.568s] INFO:colcon.colcon_core.shell:Creating environment hook '/home/cta/ros2_ws/install/robot_sim/share/robot_sim/hook/cmake_prefix_path.ps1'
[0.569s] INFO:colcon.colcon_core.shell:Creating environment descriptor '/home/cta/ros2_ws/install/robot_sim/share/robot_sim/hook/cmake_prefix_path.dsv'
[0.570s] INFO:colcon.colcon_core.shell:Creating environment hook '/home/cta/ros2_ws/install/robot_sim/share/robot_sim/hook/cmake_prefix_path.sh'
[0.571s] Level 1:colcon.colcon_core.environment:checking '/home/cta/ros2_ws/install/robot_sim/bin'
[0.572s] Level 1:colcon.colcon_core.environment:checking '/home/cta/ros2_ws/install/robot_sim/lib/pkgconfig/robot_sim.pc'
[0.572s] Level 1:colcon.colcon_core.environment:checking '/home/cta/ros2_ws/install/robot_sim/lib/python3.10/site-packages'
[0.572s] Level 1:colcon.colcon_core.environment:checking '/home/cta/ros2_ws/install/robot_sim/bin'
[0.573s] INFO:colcon.colcon_core.shell:Creating package script '/home/cta/ros2_ws/install/robot_sim/share/robot_sim/package.ps1'
[0.574s] INFO:colcon.colcon_core.shell:Creating package descriptor '/home/cta/ros2_ws/install/robot_sim/share/robot_sim/package.dsv'
[0.575s] INFO:colcon.colcon_core.shell:Creating package script '/home/cta/ros2_ws/install/robot_sim/share/robot_sim/package.sh'
[0.576s] INFO:colcon.colcon_core.shell:Creating package script '/home/cta/ros2_ws/install/robot_sim/share/robot_sim/package.bash'
[0.577s] INFO:colcon.colcon_core.shell:Creating package script '/home/cta/ros2_ws/install/robot_sim/share/robot_sim/package.zsh'
[0.577s] Level 1:colcon.colcon_core.environment:create_file_with_runtime_dependencies(/home/cta/ros2_ws/install/robot_sim/share/colcon-core/packages/robot_sim)
[0.579s] Level 1:colcon.colcon_core.environment:create_environment_scripts_only(robot_nav)
[0.579s] Level 1:colcon.colcon_core.environment:checking '/home/cta/ros2_ws/install/robot_nav' for CMake module files
[0.580s] Level 1:colcon.colcon_core.environment:checking '/home/cta/ros2_ws/install/robot_nav' for CMake config files
[0.580s] Level 1:colcon.colcon_core.shell:create_environment_hook('robot_nav', 'cmake_prefix_path')
[0.580s] INFO:colcon.colcon_core.shell:Creating environment hook '/home/cta/ros2_ws/install/robot_nav/share/robot_nav/hook/cmake_prefix_path.ps1'
[0.581s] INFO:colcon.colcon_core.shell:Creating environment descriptor '/home/cta/ros2_ws/install/robot_nav/share/robot_nav/hook/cmake_prefix_path.dsv'
[0.581s] INFO:colcon.colcon_core.shell:Creating environment hook '/home/cta/ros2_ws/install/robot_nav/share/robot_nav/hook/cmake_prefix_path.sh'
[0.582s] Level 1:colcon.colcon_core.environment:checking '/home/cta/ros2_ws/install/robot_nav/bin'
[0.582s] Level 1:colcon.colcon_core.environment:checking '/home/cta/ros2_ws/install/robot_nav/lib/pkgconfig/robot_nav.pc'
[0.583s] Level 1:colcon.colcon_core.environment:checking '/home/cta/ros2_ws/install/robot_nav/lib/python3.10/site-packages'
[0.583s] Level 1:colcon.colcon_core.environment:checking '/home/cta/ros2_ws/install/robot_nav/bin'
[0.583s] INFO:colcon.colcon_core.shell:Creating package script '/home/cta/ros2_ws/install/robot_nav/share/robot_nav/package.ps1'
[0.584s] INFO:colcon.colcon_core.shell:Creating package descriptor '/home/cta/ros2_ws/install/robot_nav/share/robot_nav/package.dsv'
[0.585s] INFO:colcon.colcon_core.shell:Creating package script '/home/cta/ros2_ws/install/robot_nav/share/robot_nav/package.sh'
[0.585s] INFO:colcon.colcon_core.shell:Creating package script '/home/cta/ros2_ws/install/robot_nav/share/robot_nav/package.bash'
[0.586s] INFO:colcon.colcon_core.shell:Creating package script '/home/cta/ros2_ws/install/robot_nav/share/robot_nav/package.zsh'
[0.586s] Level 1:colcon.colcon_core.environment:create_file_with_runtime_dependencies(/home/cta/ros2_ws/install/robot_nav/share/colcon-core/packages/robot_nav)
[0.586s] DEBUG:colcon.colcon_parallel_executor.executor.parallel:closing loop
[0.587s] DEBUG:colcon.colcon_parallel_executor.executor.parallel:loop closed
[0.587s] DEBUG:colcon.colcon_parallel_executor.executor.parallel:run_until_complete finished with '0'
[0.587s] DEBUG:colcon.colcon_core.event_reactor:joining thread
[0.597s] INFO:colcon.colcon_core.plugin_system:Skipping extension 'colcon_notification.desktop_notification.terminal_notifier': Not used on non-Darwin systems
[0.597s] INFO:colcon.colcon_core.plugin_system:Skipping extension 'colcon_notification.desktop_notification.win32': Not used on non-Windows systems
[0.597s] INFO:colcon.colcon_notification.desktop_notification:Sending desktop notification using 'notify2'
[0.617s] DEBUG:colcon.colcon_core.event_reactor:joined thread
[0.618s] INFO:colcon.colcon_core.shell:Creating prefix script '/home/cta/ros2_ws/install/local_setup.ps1'
[0.619s] INFO:colcon.colcon_core.shell:Creating prefix util module '/home/cta/ros2_ws/install/_local_setup_util_ps1.py'
[0.621s] INFO:colcon.colcon_core.shell:Creating prefix chain script '/home/cta/ros2_ws/install/setup.ps1'
[0.624s] INFO:colcon.colcon_core.shell:Creating prefix script '/home/cta/ros2_ws/install/local_setup.sh'
[0.625s] INFO:colcon.colcon_core.shell:Creating prefix util module '/home/cta/ros2_ws/install/_local_setup_util_sh.py'
[0.626s] INFO:colcon.colcon_core.shell:Creating prefix chain script '/home/cta/ros2_ws/install/setup.sh'
[0.629s] INFO:colcon.colcon_core.shell:Creating prefix script '/home/cta/ros2_ws/install/local_setup.bash'
[0.629s] INFO:colcon.colcon_core.shell:Creating prefix chain script '/home/cta/ros2_ws/install/setup.bash'
[0.631s] INFO:colcon.colcon_core.shell:Creating prefix script '/home/cta/ros2_ws/install/local_setup.zsh'
[0.632s] INFO:colcon.colcon_core.shell:Creating prefix chain script '/home/cta/ros2_ws/install/setup.zsh'
